<?xml version="1.0" encoding="UTF-8"?>
<!-- Generated by org.testng.reporters.JUnitXMLReporter -->
<testsuite hostname="DESKTOP-C5HHGRT" ignored="0" name="Command line test" tests="34" failures="0" timestamp="2020-03-19T22:31:57 EDT" time="112.595" errors="0">
  <testcase name="@BeforeMethod setup" time="43.148" classname="technoTutorsQaTests.AboutUsTest">
    <failure type="org.openqa.selenium.WebDriverException" message="chrome not reachable
  (Session info: chrome=80.0.3987.149)
Build info: version: &amp;apos;4.0.0-alpha-4&amp;apos;, revision: &amp;apos;c2d955b49e&amp;apos;
System info: host: &amp;apos;DESKTOP-C5HHGRT&amp;apos;, ip: &amp;apos;192.168.0.19&amp;apos;, os.name: &amp;apos;Windows 10&amp;apos;, os.arch: &amp;apos;amd64&amp;apos;, os.version: &amp;apos;10.0&amp;apos;, java.version: &amp;apos;1.8.0_241&amp;apos;
Driver info: org.openqa.selenium.chrome.ChromeDriver
Capabilities {acceptInsecureCerts: false, browserName: chrome, browserVersion: 80.0.3987.149, chrome: {chromedriverVersion: 79.0.3945.36 (3582db32b3389..., userDataDir: C:\Users\Vijay\AppData\Loca...}, goog:chromeOptions: {debuggerAddress: localhost:65301}, javascriptEnabled: true, networkConnectionEnabled: false, pageLoadStrategy: normal, platform: WINDOWS, platformName: WINDOWS, proxy: Proxy(), setWindowRect: true, strictFileInteractability: false, timeouts: {implicit: 0, pageLoad: 300000, script: 30000}, unhandledPromptBehavior: dismiss and notify}
Session ID: 48aa3e142c491c9e23fc6d8d1aff80f6">
      <![CDATA[org.openqa.selenium.WebDriverException: chrome not reachable
  (Session info: chrome=80.0.3987.149)
Build info: version: '4.0.0-alpha-4', revision: 'c2d955b49e'
System info: host: 'DESKTOP-C5HHGRT', ip: '192.168.0.19', os.name: 'Windows 10', os.arch: 'amd64', os.version: '10.0', java.version: '1.8.0_241'
Driver info: org.openqa.selenium.chrome.ChromeDriver
Capabilities {acceptInsecureCerts: false, browserName: chrome, browserVersion: 80.0.3987.149, chrome: {chromedriverVersion: 79.0.3945.36 (3582db32b3389..., userDataDir: C:\Users\Vijay\AppData\Loca...}, goog:chromeOptions: {debuggerAddress: localhost:65301}, javascriptEnabled: true, networkConnectionEnabled: false, pageLoadStrategy: normal, platform: WINDOWS, platformName: WINDOWS, proxy: Proxy(), setWindowRect: true, strictFileInteractability: false, timeouts: {implicit: 0, pageLoad: 300000, script: 30000}, unhandledPromptBehavior: dismiss and notify}
Session ID: 48aa3e142c491c9e23fc6d8d1aff80f6
at org.openqa.selenium.remote.codec.w3c.W3CHttpResponseCodec.createException(W3CHttpResponseCodec.java:196)
at org.openqa.selenium.remote.codec.w3c.W3CHttpResponseCodec.decode(W3CHttpResponseCodec.java:129)
at org.openqa.selenium.remote.codec.w3c.W3CHttpResponseCodec.decode(W3CHttpResponseCodec.java:53)
at org.openqa.selenium.remote.HttpCommandExecutor.execute(HttpCommandExecutor.java:161)
at org.openqa.selenium.remote.service.DriverCommandExecutor.execute(DriverCommandExecutor.java:83)
at org.openqa.selenium.remote.RemoteWebDriver.execute(RemoteWebDriver.java:582)
at org.openqa.selenium.remote.RemoteWebDriver.execute(RemoteWebDriver.java:639)
at org.openqa.selenium.remote.RemoteWebDriver.execute(RemoteWebDriver.java:643)
at org.openqa.selenium.remote.RemoteWebDriver$RemoteWebDriverOptions.deleteAllCookies(RemoteWebDriver.java:748)
at Com.Techno.Qa.Base.TechnoBase.initialization(TechnoBase.java:39)
at technoTutorsQaTests.AboutUsTest.setup(AboutUsTest.java:29)
at java.util.ArrayList.forEach(ArrayList.java:1257)
... Removed 45 stack frames]]>
    </failure>
  </testcase> <!-- @BeforeMethod setup -->
  <testcase name="@AfterMethod teardown" time="-1.584671447577E9" classname="technoTutorsQaTests.AboutUsTest">
    <skipped/>
  </testcase> <!-- @AfterMethod teardown -->
  <testcase name="@BeforeMethod setup" time="-1.584671450798E9" classname="technoTutorsQaTests.AboutUsTest">
    <skipped/>
  </testcase> <!-- @BeforeMethod setup -->
  <testcase name="@AfterMethod teardown" time="-1.584671450799E9" classname="technoTutorsQaTests.AboutUsTest">
    <skipped/>
  </testcase> <!-- @AfterMethod teardown -->
  <testcase name="@BeforeMethod setup" time="-1.584671450799E9" classname="technoTutorsQaTests.AboutUsTest">
    <skipped/>
  </testcase> <!-- @BeforeMethod setup -->
  <testcase name="@AfterMethod teardown" time="-1.5846714508E9" classname="technoTutorsQaTests.AboutUsTest">
    <skipped/>
  </testcase> <!-- @AfterMethod teardown -->
  <testcase name="@BeforeMethod setup" time="-1.584671450801E9" classname="technoTutorsQaTests.AboutUsTest">
    <skipped/>
  </testcase> <!-- @BeforeMethod setup -->
  <testcase name="@AfterMethod teardown" time="-1.584671450801E9" classname="technoTutorsQaTests.AboutUsTest">
    <skipped/>
  </testcase> <!-- @AfterMethod teardown -->
  <testcase name="@BeforeMethod setup" time="-1.584671450802E9" classname="technoTutorsQaTests.AboutUsTest">
    <skipped/>
  </testcase> <!-- @BeforeMethod setup -->
  <testcase name="@AfterMethod teardown" time="-1.584671450803E9" classname="technoTutorsQaTests.AboutUsTest">
    <skipped/>
  </testcase> <!-- @AfterMethod teardown -->
  <testcase name="@BeforeMethod setup" time="15.751" classname="technoTutorsQaTests.ContactUsTest">
    <failure type="org.openqa.selenium.SessionNotCreatedException" message="session not created
from chrome not reachable
  (Session info: chrome=80.0.3987.149)
Build info: version: &amp;apos;4.0.0-alpha-4&amp;apos;, revision: &amp;apos;c2d955b49e&amp;apos;
System info: host: &amp;apos;DESKTOP-C5HHGRT&amp;apos;, ip: &amp;apos;192.168.0.19&amp;apos;, os.name: &amp;apos;Windows 10&amp;apos;, os.arch: &amp;apos;amd64&amp;apos;, os.version: &amp;apos;10.0&amp;apos;, java.version: &amp;apos;1.8.0_241&amp;apos;
Driver info: driver.version: ChromeDriver
remote stacktrace: Backtrace:
	Ordinal0 [0x006EA113+1548563]
	Ordinal0 [0x0066DDA1+1039777]
	Ordinal0 [0x005EE32E+516910]
	Ordinal0 [0x005E8012+491538]
	Ordinal0 [0x005E86EB+493291]
	Ordinal0 [0x005E9855+497749]
	Ordinal0 [0x005E5885+481413]
	Ordinal0 [0x005EF0D0+520400]
	Ordinal0 [0x0059C030+180272]
	Ordinal0 [0x0059B59D+177565]
	Ordinal0 [0x005995FB+169467]
	Ordinal0 [0x0058160A+71178]
	Ordinal0 [0x00582690+75408]
	Ordinal0 [0x00582629+75305]
	Ordinal0 [0x006871B7+1143223]
	GetHandleVerifier [0x00782B46+507814]
	GetHandleVerifier [0x00782864+507076]
	GetHandleVerifier [0x00789F47+537511]
	GetHandleVerifier [0x00783402+510050]
	Ordinal0 [0x0067F29C+1110684]
	Ordinal0 [0x0068938B+1151883]
	Ordinal0 [0x006894F3+1152243]
	Ordinal0 [0x006883F5+1147893]
	BaseThreadInitThunk [0x769F6359+25]
	RtlGetAppContainerNamedObjectPath [0x771B7B74+228]
	RtlGetAppContainerNamedObjectPath [0x771B7B44+180]
">
      <![CDATA[org.openqa.selenium.SessionNotCreatedException: session not created
from chrome not reachable
  (Session info: chrome=80.0.3987.149)
Build info: version: '4.0.0-alpha-4', revision: 'c2d955b49e'
System info: host: 'DESKTOP-C5HHGRT', ip: '192.168.0.19', os.name: 'Windows 10', os.arch: 'amd64', os.version: '10.0', java.version: '1.8.0_241'
Driver info: driver.version: ChromeDriver
remote stacktrace: Backtrace:
Ordinal0 [0x006EA113+1548563]
Ordinal0 [0x0066DDA1+1039777]
Ordinal0 [0x005EE32E+516910]
Ordinal0 [0x005E8012+491538]
Ordinal0 [0x005E86EB+493291]
Ordinal0 [0x005E9855+497749]
Ordinal0 [0x005E5885+481413]
Ordinal0 [0x005EF0D0+520400]
Ordinal0 [0x0059C030+180272]
Ordinal0 [0x0059B59D+177565]
Ordinal0 [0x005995FB+169467]
Ordinal0 [0x0058160A+71178]
Ordinal0 [0x00582690+75408]
Ordinal0 [0x00582629+75305]
Ordinal0 [0x006871B7+1143223]
GetHandleVerifier [0x00782B46+507814]
GetHandleVerifier [0x00782864+507076]
GetHandleVerifier [0x00789F47+537511]
GetHandleVerifier [0x00783402+510050]
Ordinal0 [0x0067F29C+1110684]
Ordinal0 [0x0068938B+1151883]
Ordinal0 [0x006894F3+1152243]
Ordinal0 [0x006883F5+1147893]
BaseThreadInitThunk [0x769F6359+25]
RtlGetAppContainerNamedObjectPath [0x771B7B74+228]
RtlGetAppContainerNamedObjectPath [0x771B7B44+180]

at org.openqa.selenium.remote.W3CHandshakeResponse.lambda$errorHandler$0(W3CHandshakeResponse.java:62)
at org.openqa.selenium.remote.HandshakeResponse.lambda$getResponseFunction$0(HandshakeResponse.java:30)
at org.openqa.selenium.remote.ProtocolHandshake.lambda$createSession$1(ProtocolHandshake.java:126)
at java.util.stream.ReferencePipeline$3$1.accept(ReferencePipeline.java:193)
at java.util.Spliterators$ArraySpliterator.tryAdvance(Spliterators.java:958)
at java.util.stream.ReferencePipeline.forEachWithCancel(ReferencePipeline.java:126)
at java.util.stream.AbstractPipeline.copyIntoWithCancel(AbstractPipeline.java:499)
at java.util.stream.AbstractPipeline.copyInto(AbstractPipeline.java:486)
at java.util.stream.AbstractPipeline.wrapAndCopyInto(AbstractPipeline.java:472)
at java.util.stream.FindOps$FindOp.evaluateSequential(FindOps.java:152)
at java.util.stream.AbstractPipeline.evaluate(AbstractPipeline.java:234)
at java.util.stream.ReferencePipeline.findFirst(ReferencePipeline.java:464)
at org.openqa.selenium.remote.ProtocolHandshake.createSession(ProtocolHandshake.java:128)
at org.openqa.selenium.remote.ProtocolHandshake.createSession(ProtocolHandshake.java:75)
at org.openqa.selenium.remote.HttpCommandExecutor.execute(HttpCommandExecutor.java:139)
at org.openqa.selenium.remote.service.DriverCommandExecutor.execute(DriverCommandExecutor.java:83)
at org.openqa.selenium.remote.RemoteWebDriver.execute(RemoteWebDriver.java:582)
at org.openqa.selenium.remote.RemoteWebDriver.startSession(RemoteWebDriver.java:216)
at org.openqa.selenium.remote.RemoteWebDriver.<init>(RemoteWebDriver.java:136)
at org.openqa.selenium.chromium.ChromiumDriver.<init>(ChromiumDriver.java:75)
at org.openqa.selenium.chrome.ChromeDriver.<init>(ChromeDriver.java:163)
at org.openqa.selenium.chrome.ChromeDriver.<init>(ChromeDriver.java:150)
at org.openqa.selenium.chrome.ChromeDriver.<init>(ChromeDriver.java:105)
at Com.Techno.Qa.Base.TechnoBase.initialization(TechnoBase.java:37)
at technoTutorsQaTests.ContactUsTest.setup(ContactUsTest.java:27)
at java.util.ArrayList.forEach(ArrayList.java:1257)
... Removed 45 stack frames]]>
    </failure>
  </testcase> <!-- @BeforeMethod setup -->
  <testcase name="@AfterMethod teardown" time="-1.584671466566E9" classname="technoTutorsQaTests.ContactUsTest">
    <skipped/>
  </testcase> <!-- @AfterMethod teardown -->
  <testcase name="@BeforeMethod setup" time="-1.584671466571E9" classname="technoTutorsQaTests.ContactUsTest">
    <skipped/>
  </testcase> <!-- @BeforeMethod setup -->
  <testcase name="@AfterMethod teardown" time="-1.584671466573E9" classname="technoTutorsQaTests.ContactUsTest">
    <skipped/>
  </testcase> <!-- @AfterMethod teardown -->
  <testcase name="@BeforeMethod setup" time="-1.584671466575E9" classname="technoTutorsQaTests.ContactUsTest">
    <skipped/>
  </testcase> <!-- @BeforeMethod setup -->
  <testcase name="@AfterMethod teardown" time="-1.584671466577E9" classname="technoTutorsQaTests.ContactUsTest">
    <skipped/>
  </testcase> <!-- @AfterMethod teardown -->
  <testcase name="@BeforeMethod setup" time="-1.584671466579E9" classname="technoTutorsQaTests.ContactUsTest">
    <skipped/>
  </testcase> <!-- @BeforeMethod setup -->
  <testcase name="@AfterMethod teardown" time="-1.58467146658E9" classname="technoTutorsQaTests.ContactUsTest">
    <skipped/>
  </testcase> <!-- @AfterMethod teardown -->
  <testcase name="@BeforeMethod setup" time="-1.584671466581E9" classname="technoTutorsQaTests.ContactUsTest">
    <skipped/>
  </testcase> <!-- @BeforeMethod setup -->
  <testcase name="@AfterMethod teardown" time="-1.584671466587E9" classname="technoTutorsQaTests.ContactUsTest">
    <skipped/>
  </testcase> <!-- @AfterMethod teardown -->
  <testcase name="@BeforeMethod setup" time="-1.584671466588E9" classname="technoTutorsQaTests.ContactUsTest">
    <skipped/>
  </testcase> <!-- @BeforeMethod setup -->
  <testcase name="@AfterMethod teardown" time="-1.584671466589E9" classname="technoTutorsQaTests.ContactUsTest">
    <skipped/>
  </testcase> <!-- @AfterMethod teardown -->
  <testcase name="@BeforeMethod setup" time="16.661" classname="technoTutorsQaTests.HomePageTest">
    <failure type="org.openqa.selenium.SessionNotCreatedException" message="session not created
from chrome not reachable
  (Session info: chrome=80.0.3987.149)
Build info: version: &amp;apos;4.0.0-alpha-4&amp;apos;, revision: &amp;apos;c2d955b49e&amp;apos;
System info: host: &amp;apos;DESKTOP-C5HHGRT&amp;apos;, ip: &amp;apos;192.168.0.19&amp;apos;, os.name: &amp;apos;Windows 10&amp;apos;, os.arch: &amp;apos;amd64&amp;apos;, os.version: &amp;apos;10.0&amp;apos;, java.version: &amp;apos;1.8.0_241&amp;apos;
Driver info: driver.version: ChromeDriver
remote stacktrace: Backtrace:
	Ordinal0 [0x006EA113+1548563]
	Ordinal0 [0x0066DDA1+1039777]
	Ordinal0 [0x005EE32E+516910]
	Ordinal0 [0x005E8012+491538]
	Ordinal0 [0x005E86EB+493291]
	Ordinal0 [0x005E9855+497749]
	Ordinal0 [0x005E5885+481413]
	Ordinal0 [0x005EF0D0+520400]
	Ordinal0 [0x0059C030+180272]
	Ordinal0 [0x0059B59D+177565]
	Ordinal0 [0x005995FB+169467]
	Ordinal0 [0x0058160A+71178]
	Ordinal0 [0x00582690+75408]
	Ordinal0 [0x00582629+75305]
	Ordinal0 [0x006871B7+1143223]
	GetHandleVerifier [0x00782B46+507814]
	GetHandleVerifier [0x00782864+507076]
	GetHandleVerifier [0x00789F47+537511]
	GetHandleVerifier [0x00783402+510050]
	Ordinal0 [0x0067F29C+1110684]
	Ordinal0 [0x0068938B+1151883]
	Ordinal0 [0x006894F3+1152243]
	Ordinal0 [0x006883F5+1147893]
	BaseThreadInitThunk [0x769F6359+25]
	RtlGetAppContainerNamedObjectPath [0x771B7B74+228]
	RtlGetAppContainerNamedObjectPath [0x771B7B44+180]
">
      <![CDATA[org.openqa.selenium.SessionNotCreatedException: session not created
from chrome not reachable
  (Session info: chrome=80.0.3987.149)
Build info: version: '4.0.0-alpha-4', revision: 'c2d955b49e'
System info: host: 'DESKTOP-C5HHGRT', ip: '192.168.0.19', os.name: 'Windows 10', os.arch: 'amd64', os.version: '10.0', java.version: '1.8.0_241'
Driver info: driver.version: ChromeDriver
remote stacktrace: Backtrace:
Ordinal0 [0x006EA113+1548563]
Ordinal0 [0x0066DDA1+1039777]
Ordinal0 [0x005EE32E+516910]
Ordinal0 [0x005E8012+491538]
Ordinal0 [0x005E86EB+493291]
Ordinal0 [0x005E9855+497749]
Ordinal0 [0x005E5885+481413]
Ordinal0 [0x005EF0D0+520400]
Ordinal0 [0x0059C030+180272]
Ordinal0 [0x0059B59D+177565]
Ordinal0 [0x005995FB+169467]
Ordinal0 [0x0058160A+71178]
Ordinal0 [0x00582690+75408]
Ordinal0 [0x00582629+75305]
Ordinal0 [0x006871B7+1143223]
GetHandleVerifier [0x00782B46+507814]
GetHandleVerifier [0x00782864+507076]
GetHandleVerifier [0x00789F47+537511]
GetHandleVerifier [0x00783402+510050]
Ordinal0 [0x0067F29C+1110684]
Ordinal0 [0x0068938B+1151883]
Ordinal0 [0x006894F3+1152243]
Ordinal0 [0x006883F5+1147893]
BaseThreadInitThunk [0x769F6359+25]
RtlGetAppContainerNamedObjectPath [0x771B7B74+228]
RtlGetAppContainerNamedObjectPath [0x771B7B44+180]

at org.openqa.selenium.remote.W3CHandshakeResponse.lambda$errorHandler$0(W3CHandshakeResponse.java:62)
at org.openqa.selenium.remote.HandshakeResponse.lambda$getResponseFunction$0(HandshakeResponse.java:30)
at org.openqa.selenium.remote.ProtocolHandshake.lambda$createSession$1(ProtocolHandshake.java:126)
at java.util.stream.ReferencePipeline$3$1.accept(ReferencePipeline.java:193)
at java.util.Spliterators$ArraySpliterator.tryAdvance(Spliterators.java:958)
at java.util.stream.ReferencePipeline.forEachWithCancel(ReferencePipeline.java:126)
at java.util.stream.AbstractPipeline.copyIntoWithCancel(AbstractPipeline.java:499)
at java.util.stream.AbstractPipeline.copyInto(AbstractPipeline.java:486)
at java.util.stream.AbstractPipeline.wrapAndCopyInto(AbstractPipeline.java:472)
at java.util.stream.FindOps$FindOp.evaluateSequential(FindOps.java:152)
at java.util.stream.AbstractPipeline.evaluate(AbstractPipeline.java:234)
at java.util.stream.ReferencePipeline.findFirst(ReferencePipeline.java:464)
at org.openqa.selenium.remote.ProtocolHandshake.createSession(ProtocolHandshake.java:128)
at org.openqa.selenium.remote.ProtocolHandshake.createSession(ProtocolHandshake.java:75)
at org.openqa.selenium.remote.HttpCommandExecutor.execute(HttpCommandExecutor.java:139)
at org.openqa.selenium.remote.service.DriverCommandExecutor.execute(DriverCommandExecutor.java:83)
at org.openqa.selenium.remote.RemoteWebDriver.execute(RemoteWebDriver.java:582)
at org.openqa.selenium.remote.RemoteWebDriver.startSession(RemoteWebDriver.java:216)
at org.openqa.selenium.remote.RemoteWebDriver.<init>(RemoteWebDriver.java:136)
at org.openqa.selenium.chromium.ChromiumDriver.<init>(ChromiumDriver.java:75)
at org.openqa.selenium.chrome.ChromeDriver.<init>(ChromeDriver.java:163)
at org.openqa.selenium.chrome.ChromeDriver.<init>(ChromeDriver.java:150)
at org.openqa.selenium.chrome.ChromeDriver.<init>(ChromeDriver.java:105)
at Com.Techno.Qa.Base.TechnoBase.initialization(TechnoBase.java:37)
at technoTutorsQaTests.HomePageTest.setup(HomePageTest.java:31)
at java.util.ArrayList.forEach(ArrayList.java:1257)
... Removed 45 stack frames]]>
    </failure>
  </testcase> <!-- @BeforeMethod setup -->
  <testcase name="@AfterMethod teardown" time="-1.584671483299E9" classname="technoTutorsQaTests.HomePageTest">
    <skipped/>
  </testcase> <!-- @AfterMethod teardown -->
  <testcase name="@BeforeMethod setup" time="-1.584671483299E9" classname="technoTutorsQaTests.HomePageTest">
    <skipped/>
  </testcase> <!-- @BeforeMethod setup -->
  <testcase name="@AfterMethod teardown" time="-1.584671483299E9" classname="technoTutorsQaTests.HomePageTest">
    <skipped/>
  </testcase> <!-- @AfterMethod teardown -->
  <testcase name="@BeforeMethod setup" time="-1.584671483299E9" classname="technoTutorsQaTests.HomePageTest">
    <skipped/>
  </testcase> <!-- @BeforeMethod setup -->
  <testcase name="@AfterMethod teardown" time="-1.584671483299E9" classname="technoTutorsQaTests.HomePageTest">
    <skipped/>
  </testcase> <!-- @AfterMethod teardown -->
  <testcase name="@BeforeMethod setup" time="-1.584671483299E9" classname="technoTutorsQaTests.HomePageTest">
    <skipped/>
  </testcase> <!-- @BeforeMethod setup -->
  <testcase name="@AfterMethod teardown" time="-1.584671483315E9" classname="technoTutorsQaTests.HomePageTest">
    <skipped/>
  </testcase> <!-- @AfterMethod teardown -->
  <testcase name="@BeforeMethod setup" time="-1.584671483315E9" classname="technoTutorsQaTests.HomePageTest">
    <skipped/>
  </testcase> <!-- @BeforeMethod setup -->
  <testcase name="@AfterMethod teardown" time="-1.584671483315E9" classname="technoTutorsQaTests.HomePageTest">
    <skipped/>
  </testcase> <!-- @AfterMethod teardown -->
  <testcase name="@BeforeMethod setup" time="-1.584671483315E9" classname="technoTutorsQaTests.HomePageTest">
    <skipped/>
  </testcase> <!-- @BeforeMethod setup -->
  <testcase name="@AfterMethod teardown" time="-1.584671483315E9" classname="technoTutorsQaTests.HomePageTest">
    <skipped/>
  </testcase> <!-- @AfterMethod teardown -->
  <testcase name="@BeforeMethod setup" time="-1.584671483315E9" classname="technoTutorsQaTests.HomePageTest">
    <skipped/>
  </testcase> <!-- @BeforeMethod setup -->
  <testcase name="@AfterMethod teardown" time="-1.584671483315E9" classname="technoTutorsQaTests.HomePageTest">
    <skipped/>
  </testcase> <!-- @AfterMethod teardown -->
  <testcase name="@BeforeMethod setup" time="-1.584671483362E9" classname="technoTutorsQaTests.HomePageTest">
    <skipped/>
  </testcase> <!-- @BeforeMethod setup -->
  <testcase name="@AfterMethod teardown" time="-1.584671483362E9" classname="technoTutorsQaTests.HomePageTest">
    <skipped/>
  </testcase> <!-- @AfterMethod teardown -->
  <testcase name="@BeforeMethod setup" time="-1.584671483377E9" classname="technoTutorsQaTests.HomePageTest">
    <skipped/>
  </testcase> <!-- @BeforeMethod setup -->
  <testcase name="@AfterMethod teardown" time="-1.584671483377E9" classname="technoTutorsQaTests.HomePageTest">
    <skipped/>
  </testcase> <!-- @AfterMethod teardown -->
  <testcase name="@BeforeMethod setup" time="-1.584671483377E9" classname="technoTutorsQaTests.HomePageTest">
    <skipped/>
  </testcase> <!-- @BeforeMethod setup -->
  <testcase name="@AfterMethod teardown" time="-1.584671483377E9" classname="technoTutorsQaTests.HomePageTest">
    <skipped/>
  </testcase> <!-- @AfterMethod teardown -->
  <testcase name="@BeforeMethod setup" time="-1.584671483377E9" classname="technoTutorsQaTests.HomePageTest">
    <skipped/>
  </testcase> <!-- @BeforeMethod setup -->
  <testcase name="@AfterMethod teardown" time="-1.584671483377E9" classname="technoTutorsQaTests.HomePageTest">
    <skipped/>
  </testcase> <!-- @AfterMethod teardown -->
  <testcase name="@BeforeMethod setup" time="33.461" classname="technoTutorsQaTests.SubjectAreaTest">
    <failure type="org.openqa.selenium.WebDriverException" message="chrome not reachable
  (Session info: chrome=80.0.3987.149)
Build info: version: &amp;apos;4.0.0-alpha-4&amp;apos;, revision: &amp;apos;c2d955b49e&amp;apos;
System info: host: &amp;apos;DESKTOP-C5HHGRT&amp;apos;, ip: &amp;apos;192.168.0.19&amp;apos;, os.name: &amp;apos;Windows 10&amp;apos;, os.arch: &amp;apos;amd64&amp;apos;, os.version: &amp;apos;10.0&amp;apos;, java.version: &amp;apos;1.8.0_241&amp;apos;
Driver info: org.openqa.selenium.chrome.ChromeDriver
Capabilities {acceptInsecureCerts: false, browserName: chrome, browserVersion: 80.0.3987.149, chrome: {chromedriverVersion: 79.0.3945.36 (3582db32b3389..., userDataDir: C:\Users\Vijay\AppData\Loca...}, goog:chromeOptions: {debuggerAddress: localhost:49350}, javascriptEnabled: true, networkConnectionEnabled: false, pageLoadStrategy: normal, platform: WINDOWS, platformName: WINDOWS, proxy: Proxy(), setWindowRect: true, strictFileInteractability: false, timeouts: {implicit: 0, pageLoad: 300000, script: 30000}, unhandledPromptBehavior: dismiss and notify}
Session ID: 9a76d058cc7314520def74ed2a821c58
*** Element info: {Using=xpath, value=//ul[@id=&amp;apos;menu-tt-menu-1&amp;apos;]/li[4]/a}">
      <![CDATA[org.openqa.selenium.WebDriverException: chrome not reachable
  (Session info: chrome=80.0.3987.149)
Build info: version: '4.0.0-alpha-4', revision: 'c2d955b49e'
System info: host: 'DESKTOP-C5HHGRT', ip: '192.168.0.19', os.name: 'Windows 10', os.arch: 'amd64', os.version: '10.0', java.version: '1.8.0_241'
Driver info: org.openqa.selenium.chrome.ChromeDriver
Capabilities {acceptInsecureCerts: false, browserName: chrome, browserVersion: 80.0.3987.149, chrome: {chromedriverVersion: 79.0.3945.36 (3582db32b3389..., userDataDir: C:\Users\Vijay\AppData\Loca...}, goog:chromeOptions: {debuggerAddress: localhost:49350}, javascriptEnabled: true, networkConnectionEnabled: false, pageLoadStrategy: normal, platform: WINDOWS, platformName: WINDOWS, proxy: Proxy(), setWindowRect: true, strictFileInteractability: false, timeouts: {implicit: 0, pageLoad: 300000, script: 30000}, unhandledPromptBehavior: dismiss and notify}
Session ID: 9a76d058cc7314520def74ed2a821c58
*** Element info: {Using=xpath, value=//ul[@id='menu-tt-menu-1']/li[4]/a}
at org.openqa.selenium.remote.codec.w3c.W3CHttpResponseCodec.createException(W3CHttpResponseCodec.java:196)
at org.openqa.selenium.remote.codec.w3c.W3CHttpResponseCodec.decode(W3CHttpResponseCodec.java:129)
at org.openqa.selenium.remote.codec.w3c.W3CHttpResponseCodec.decode(W3CHttpResponseCodec.java:53)
at org.openqa.selenium.remote.HttpCommandExecutor.execute(HttpCommandExecutor.java:161)
at org.openqa.selenium.remote.service.DriverCommandExecutor.execute(DriverCommandExecutor.java:83)
at org.openqa.selenium.remote.RemoteWebDriver.execute(RemoteWebDriver.java:582)
at org.openqa.selenium.remote.RemoteWebDriver.findElement(RemoteWebDriver.java:333)
at org.openqa.selenium.remote.RemoteWebDriver.findElementByXPath(RemoteWebDriver.java:451)
at org.openqa.selenium.By$ByXPath.findElement(By.java:394)
at org.openqa.selenium.remote.RemoteWebDriver.findElement(RemoteWebDriver.java:325)
at org.openqa.selenium.support.pagefactory.DefaultElementLocator.findElement(DefaultElementLocator.java:70)
at org.openqa.selenium.support.pagefactory.internal.LocatingElementHandler.invoke(LocatingElementHandler.java:39)
at com.sun.proxy.$Proxy13.isDisplayed(Unknown Source)
at org.openqa.selenium.support.ui.ExpectedConditions.elementIfVisible(ExpectedConditions.java:314)
at org.openqa.selenium.support.ui.ExpectedConditions.access$000(ExpectedConditions.java:43)
at org.openqa.selenium.support.ui.ExpectedConditions$10.apply(ExpectedConditions.java:300)
at org.openqa.selenium.support.ui.ExpectedConditions$10.apply(ExpectedConditions.java:297)
at org.openqa.selenium.support.ui.ExpectedConditions$23.apply(ExpectedConditions.java:670)
at org.openqa.selenium.support.ui.ExpectedConditions$23.apply(ExpectedConditions.java:666)
at org.openqa.selenium.support.ui.FluentWait.until(FluentWait.java:211)
at Com.Techno.Qa.Pages.HomePage.Subjects(HomePage.java:116)
at technoTutorsQaTests.SubjectAreaTest.setup(SubjectAreaTest.java:28)
at java.util.ArrayList.forEach(ArrayList.java:1257)
... Removed 45 stack frames]]>
    </failure>
  </testcase> <!-- @BeforeMethod setup -->
  <testcase name="@AfterMethod teardown" time="-1.584671516854E9" classname="technoTutorsQaTests.SubjectAreaTest">
    <skipped/>
  </testcase> <!-- @AfterMethod teardown -->
  <testcase name="@BeforeMethod setup" time="-1.584671516854E9" classname="technoTutorsQaTests.SubjectAreaTest">
    <skipped/>
  </testcase> <!-- @BeforeMethod setup -->
  <testcase name="@AfterMethod teardown" time="-1.584671516854E9" classname="technoTutorsQaTests.SubjectAreaTest">
    <skipped/>
  </testcase> <!-- @AfterMethod teardown -->
  <testcase name="@BeforeMethod setup" time="-1.584671516854E9" classname="technoTutorsQaTests.SubjectAreaTest">
    <skipped/>
  </testcase> <!-- @BeforeMethod setup -->
  <testcase name="@AfterMethod teardown" time="-1.584671516869E9" classname="technoTutorsQaTests.SubjectAreaTest">
    <skipped/>
  </testcase> <!-- @AfterMethod teardown -->
  <testcase name="@BeforeMethod setup" time="-1.584671516869E9" classname="technoTutorsQaTests.SubjectAreaTest">
    <skipped/>
  </testcase> <!-- @BeforeMethod setup -->
  <testcase name="@AfterMethod teardown" time="-1.584671516869E9" classname="technoTutorsQaTests.SubjectAreaTest">
    <skipped/>
  </testcase> <!-- @AfterMethod teardown -->
  <testcase name="@BeforeMethod setup" time="-1.584671516885E9" classname="technoTutorsQaTests.SubjectAreaTest">
    <skipped/>
  </testcase> <!-- @BeforeMethod setup -->
  <testcase name="@AfterMethod teardown" time="-1.584671516885E9" classname="technoTutorsQaTests.SubjectAreaTest">
    <skipped/>
  </testcase> <!-- @AfterMethod teardown -->
  <testcase name="@BeforeMethod setup" time="-1.584671516885E9" classname="technoTutorsQaTests.SubjectAreaTest">
    <skipped/>
  </testcase> <!-- @BeforeMethod setup -->
  <testcase name="@AfterMethod teardown" time="-1.584671516885E9" classname="technoTutorsQaTests.SubjectAreaTest">
    <skipped/>
  </testcase> <!-- @AfterMethod teardown -->
  <testcase name="@BeforeMethod setup" time="-1.584671516885E9" classname="technoTutorsQaTests.SubjectAreaTest">
    <skipped/>
  </testcase> <!-- @BeforeMethod setup -->
  <testcase name="@AfterMethod teardown" time="-1.584671516885E9" classname="technoTutorsQaTests.SubjectAreaTest">
    <skipped/>
  </testcase> <!-- @AfterMethod teardown -->
  <testcase name="@BeforeMethod setup" time="-1.584671516885E9" classname="technoTutorsQaTests.SubjectAreaTest">
    <skipped/>
  </testcase> <!-- @BeforeMethod setup -->
  <testcase name="@AfterMethod teardown" time="-1.584671516885E9" classname="technoTutorsQaTests.SubjectAreaTest">
    <skipped/>
  </testcase> <!-- @AfterMethod teardown -->
  <testcase name="@BeforeMethod setup" time="-1.584671516901E9" classname="technoTutorsQaTests.SubjectAreaTest">
    <skipped/>
  </testcase> <!-- @BeforeMethod setup -->
  <testcase name="@AfterMethod teardown" time="-1.584671516901E9" classname="technoTutorsQaTests.SubjectAreaTest">
    <skipped/>
  </testcase> <!-- @AfterMethod teardown -->
  <testcase name="@BeforeMethod setup" time="-1.584671516901E9" classname="technoTutorsQaTests.SubjectAreaTest">
    <skipped/>
  </testcase> <!-- @BeforeMethod setup -->
  <testcase name="@AfterMethod teardown" time="-1.584671516901E9" classname="technoTutorsQaTests.SubjectAreaTest">
    <skipped/>
  </testcase> <!-- @AfterMethod teardown -->
  <testcase name="@BeforeMethod setup" time="-1.584671516901E9" classname="technoTutorsQaTests.SubjectAreaTest">
    <skipped/>
  </testcase> <!-- @BeforeMethod setup -->
  <testcase name="@AfterMethod teardown" time="-1.584671516901E9" classname="technoTutorsQaTests.SubjectAreaTest">
    <skipped/>
  </testcase> <!-- @AfterMethod teardown -->
  <testcase name="@BeforeMethod setup" time="-1.584671516901E9" classname="technoTutorsQaTests.SubjectAreaTest">
    <skipped/>
  </testcase> <!-- @BeforeMethod setup -->
  <testcase name="@AfterMethod teardown" time="-1.584671516901E9" classname="technoTutorsQaTests.SubjectAreaTest">
    <skipped/>
  </testcase> <!-- @AfterMethod teardown -->
  <testcase name="titlecheck" time="0.0" classname="technoTutorsQaTests.AboutUsTest">
    <skipped/>
  </testcase> <!-- titlecheck -->
  <testcase name="contactus" time="0.0" classname="technoTutorsQaTests.AboutUsTest">
    <skipped/>
  </testcase> <!-- contactus -->
  <testcase name="contactus" time="0.0" classname="technoTutorsQaTests.AboutUsTest">
    <skipped/>
  </testcase> <!-- contactus -->
  <testcase name="contactus" time="0.0" classname="technoTutorsQaTests.AboutUsTest">
    <skipped/>
  </testcase> <!-- contactus -->
  <testcase name="contactus" time="0.0" classname="technoTutorsQaTests.AboutUsTest">
    <skipped/>
  </testcase> <!-- contactus -->
  <testcase name="titlecheck" time="0.0" classname="technoTutorsQaTests.ContactUsTest">
    <skipped/>
  </testcase> <!-- titlecheck -->
  <testcase name="logo" time="0.0" classname="technoTutorsQaTests.ContactUsTest">
    <skipped/>
  </testcase> <!-- logo -->
  <testcase name="adress" time="0.0" classname="technoTutorsQaTests.ContactUsTest">
    <skipped/>
  </testcase> <!-- adress -->
  <testcase name="technotext" time="0.0" classname="technoTutorsQaTests.ContactUsTest">
    <skipped/>
  </testcase> <!-- technotext -->
  <testcase name="emailtext" time="0.0" classname="technoTutorsQaTests.ContactUsTest">
    <skipped/>
  </testcase> <!-- emailtext -->
  <testcase name="phonetext" time="0.0" classname="technoTutorsQaTests.ContactUsTest">
    <skipped/>
  </testcase> <!-- phonetext -->
  <testcase name="logotest" time="0.0" classname="technoTutorsQaTests.HomePageTest">
    <skipped/>
  </testcase> <!-- logotest -->
  <testcase name="titletest" time="0.0" classname="technoTutorsQaTests.HomePageTest">
    <skipped/>
  </testcase> <!-- titletest -->
  <testcase name="AboutusTest" time="0.0" classname="technoTutorsQaTests.HomePageTest">
    <skipped/>
  </testcase> <!-- AboutusTest -->
  <testcase name="Subjects" time="0.0" classname="technoTutorsQaTests.HomePageTest">
    <skipped/>
  </testcase> <!-- Subjects -->
  <testcase name="moremaths" time="0.0" classname="technoTutorsQaTests.HomePageTest">
    <skipped/>
  </testcase> <!-- moremaths -->
  <testcase name="moreenglish" time="0.0" classname="technoTutorsQaTests.HomePageTest">
    <skipped/>
  </testcase> <!-- moreenglish -->
  <testcase name="morefrench" time="0.0" classname="technoTutorsQaTests.HomePageTest">
    <skipped/>
  </testcase> <!-- morefrench -->
  <testcase name="tutor" time="0.0" classname="technoTutorsQaTests.HomePageTest">
    <skipped/>
  </testcase> <!-- tutor -->
  <testcase name="tutor" time="0.0" classname="technoTutorsQaTests.HomePageTest">
    <skipped/>
  </testcase> <!-- tutor -->
  <testcase name="tutor" time="0.0" classname="technoTutorsQaTests.HomePageTest">
    <skipped/>
  </testcase> <!-- tutor -->
  <testcase name="tutor" time="0.0" classname="technoTutorsQaTests.HomePageTest">
    <skipped/>
  </testcase> <!-- tutor -->
  <testcase name="titlecheck" time="0.0" classname="technoTutorsQaTests.SubjectAreaTest">
    <skipped/>
  </testcase> <!-- titlecheck -->
  <testcase name="Logocheck" time="0.0" classname="technoTutorsQaTests.SubjectAreaTest">
    <skipped/>
  </testcase> <!-- Logocheck -->
  <testcase name="bookamathtutorlearner" time="0.0" classname="technoTutorsQaTests.SubjectAreaTest">
    <skipped/>
  </testcase> <!-- bookamathtutorlearner -->
  <testcase name="bookamathtutoracadamic" time="0.0" classname="technoTutorsQaTests.SubjectAreaTest">
    <skipped/>
  </testcase> <!-- bookamathtutoracadamic -->
  <testcase name="learnerandacadamicmath" time="0.0" classname="technoTutorsQaTests.SubjectAreaTest">
    <skipped/>
  </testcase> <!-- learnerandacadamicmath -->
  <testcase name="bookenglishtutorlearner" time="0.0" classname="technoTutorsQaTests.SubjectAreaTest">
    <skipped/>
  </testcase> <!-- bookenglishtutorlearner -->
  <testcase name="bookenglishtutoracadamic" time="0.0" classname="technoTutorsQaTests.SubjectAreaTest">
    <skipped/>
  </testcase> <!-- bookenglishtutoracadamic -->
  <testcase name="learnerandacadamicenglish" time="0.0" classname="technoTutorsQaTests.SubjectAreaTest">
    <skipped/>
  </testcase> <!-- learnerandacadamicenglish -->
  <testcase name="bookfrenchtutorlearner" time="0.0" classname="technoTutorsQaTests.SubjectAreaTest">
    <skipped/>
  </testcase> <!-- bookfrenchtutorlearner -->
  <testcase name="bookefrenchtutoracadamic" time="0.0" classname="technoTutorsQaTests.SubjectAreaTest">
    <skipped/>
  </testcase> <!-- bookefrenchtutoracadamic -->
  <testcase name="learnerandacadamicfrench" time="0.0" classname="technoTutorsQaTests.SubjectAreaTest">
    <skipped/>
  </testcase> <!-- learnerandacadamicfrench -->
  <testcase name="cotactUS" time="0.0" classname="technoTutorsQaTests.SubjectAreaTest">
    <skipped/>
  </testcase> <!-- cotactUS -->
</testsuite> <!-- Command line test -->
