<!DOCTYPE html>

<html>
  <head>
  <meta charset='utf-8'>
  <title>TestNG reports</title>

    <link type="text/css" href="testng-reports.css" rel="stylesheet" />
    <script type="text/javascript" src="jquery-3.4.1.min.js"></script>
    <script type="text/javascript" src="testng-reports.js"></script>
    <script type="text/javascript" src="https://www.google.com/jsapi"></script>
    <script type='text/javascript'>
      google.load('visualization', '1', {packages:['table']});
      google.setOnLoadCallback(drawTable);
      var suiteTableInitFunctions = new Array();
      var suiteTableData = new Array();
    </script>
    <!--
      <script type="text/javascript" src="jquery-ui/js/jquery-ui-1.8.16.custom.min.js"></script>
     -->
  </head>

  <body>
    <div class="top-banner-root">
      <span class="top-banner-title-font">Test results</span>
      <br/>
      <span class="top-banner-font-1">1 suite</span>
    </div> <!-- top-banner-root -->
    <div class="navigator-root">
      <div class="navigator-suite-header">
        <span>All suites</span>
        <a href="#" class="collapse-all-link" title="Collapse/expand all the suites">
          <img class="collapse-all-icon" src="collapseall.gif">
          </img> <!-- collapse-all-icon -->
        </a> <!-- collapse-all-link -->
      </div> <!-- navigator-suite-header -->
      <div class="suite">
        <div class="rounded-window">
          <div class="suite-header light-rounded-window-top">
            <a href="#" class="navigator-link" panel-name="suite-Command_line_suite">
              <span class="suite-name border-skipped">Command line suite</span>
            </a> <!-- navigator-link -->
          </div> <!-- suite-header light-rounded-window-top -->
          <div class="navigator-suite-content">
            <div class="suite-section-title">
              <span>Info</span>
            </div> <!-- suite-section-title -->
            <div class="suite-section-content">
              <ul>
                <li>
                  <a href="#" class="navigator-link " panel-name="test-xml-Command_line_suite">
                    <span>[unset file name]</span>
                  </a> <!-- navigator-link  -->
                </li>
                <li>
                  <a href="#" class="navigator-link " panel-name="testlist-Command_line_suite">
                    <span class="test-stats">1 test</span>
                  </a> <!-- navigator-link  -->
                </li>
                <li>
                  <a href="#" class="navigator-link " panel-name="group-Command_line_suite">
                    <span>0 groups</span>
                  </a> <!-- navigator-link  -->
                </li>
                <li>
                  <a href="#" class="navigator-link " panel-name="times-Command_line_suite">
                    <span>Times</span>
                  </a> <!-- navigator-link  -->
                </li>
                <li>
                  <a href="#" class="navigator-link " panel-name="reporter-Command_line_suite">
                    <span>Reporter output</span>
                  </a> <!-- navigator-link  -->
                </li>
                <li>
                  <a href="#" class="navigator-link " panel-name="ignored-methods-Command_line_suite">
                    <span>Ignored methods</span>
                  </a> <!-- navigator-link  -->
                </li>
                <li>
                  <a href="#" class="navigator-link " panel-name="chronological-Command_line_suite">
                    <span>Chronological view</span>
                  </a> <!-- navigator-link  -->
                </li>
              </ul>
            </div> <!-- suite-section-content -->
            <div class="result-section">
              <div class="suite-section-title">
                <span>Results</span>
              </div> <!-- suite-section-title -->
              <div class="suite-section-content">
                <ul>
                  <li>
                    <span class="method-stats">34 methods,  34 skipped,  </span>
                  </li>
                  <li>
                    <span class="method-list-title skipped">Skipped methods</span>
                    <span class="show-or-hide-methods skipped">
                      <a href="#" panel-name="suite-Command_line_suite" class="hide-methods skipped suite-Command_line_suite"> (hide)</a> <!-- hide-methods skipped suite-Command_line_suite -->
                      <a href="#" panel-name="suite-Command_line_suite" class="show-methods skipped suite-Command_line_suite"> (show)</a> <!-- show-methods skipped suite-Command_line_suite -->
                    </span>
                    <div class="method-list-content skipped suite-Command_line_suite">
                      <span>
                        <img width="3%" src="skipped.png"/>
                        <a href="#" class="method navigator-link" panel-name="suite-Command_line_suite" title="technoTutorsQaTests.HomePageTest" hash-for-method="AboutusTest">AboutusTest</a> <!-- method navigator-link -->
                      </span>
                      <br/>
                      <span>
                        <img width="3%" src="skipped.png"/>
                        <a href="#" class="method navigator-link" panel-name="suite-Command_line_suite" title="technoTutorsQaTests.SubjectAreaTest" hash-for-method="Logocheck">Logocheck</a> <!-- method navigator-link -->
                      </span>
                      <br/>
                      <span>
                        <img width="3%" src="skipped.png"/>
                        <a href="#" class="method navigator-link" panel-name="suite-Command_line_suite" title="technoTutorsQaTests.HomePageTest" hash-for-method="Subjects">Subjects</a> <!-- method navigator-link -->
                      </span>
                      <br/>
                      <span>
                        <img width="3%" src="skipped.png"/>
                        <a href="#" class="method navigator-link" panel-name="suite-Command_line_suite" title="technoTutorsQaTests.ContactUsTest" hash-for-method="adress">adress</a> <!-- method navigator-link -->
                      </span>
                      <br/>
                      <span>
                        <img width="3%" src="skipped.png"/>
                        <a href="#" class="method navigator-link" panel-name="suite-Command_line_suite" title="technoTutorsQaTests.SubjectAreaTest" hash-for-method="bookamathtutoracadamic">bookamathtutoracadamic</a> <!-- method navigator-link -->
                      </span>
                      <br/>
                      <span>
                        <img width="3%" src="skipped.png"/>
                        <a href="#" class="method navigator-link" panel-name="suite-Command_line_suite" title="technoTutorsQaTests.SubjectAreaTest" hash-for-method="bookamathtutorlearner">bookamathtutorlearner</a> <!-- method navigator-link -->
                      </span>
                      <br/>
                      <span>
                        <img width="3%" src="skipped.png"/>
                        <a href="#" class="method navigator-link" panel-name="suite-Command_line_suite" title="technoTutorsQaTests.SubjectAreaTest" hash-for-method="bookefrenchtutoracadamic">bookefrenchtutoracadamic</a> <!-- method navigator-link -->
                      </span>
                      <br/>
                      <span>
                        <img width="3%" src="skipped.png"/>
                        <a href="#" class="method navigator-link" panel-name="suite-Command_line_suite" title="technoTutorsQaTests.SubjectAreaTest" hash-for-method="bookenglishtutoracadamic">bookenglishtutoracadamic</a> <!-- method navigator-link -->
                      </span>
                      <br/>
                      <span>
                        <img width="3%" src="skipped.png"/>
                        <a href="#" class="method navigator-link" panel-name="suite-Command_line_suite" title="technoTutorsQaTests.SubjectAreaTest" hash-for-method="bookenglishtutorlearner">bookenglishtutorlearner</a> <!-- method navigator-link -->
                      </span>
                      <br/>
                      <span>
                        <img width="3%" src="skipped.png"/>
                        <a href="#" class="method navigator-link" panel-name="suite-Command_line_suite" title="technoTutorsQaTests.SubjectAreaTest" hash-for-method="bookfrenchtutorlearner">bookfrenchtutorlearner</a> <!-- method navigator-link -->
                      </span>
                      <br/>
                      <span>
                        <img width="3%" src="skipped.png"/>
                        <a href="#" class="method navigator-link" panel-name="suite-Command_line_suite" title="technoTutorsQaTests.AboutUsTest" hash-for-method="contactus">contactus</a> <!-- method navigator-link -->
                      </span>
                      <br/>
                      <span>
                        <img width="3%" src="skipped.png"/>
                        <a href="#" class="method navigator-link" panel-name="suite-Command_line_suite" title="technoTutorsQaTests.AboutUsTest" hash-for-method="contactus">contactus</a> <!-- method navigator-link -->
                      </span>
                      <br/>
                      <span>
                        <img width="3%" src="skipped.png"/>
                        <a href="#" class="method navigator-link" panel-name="suite-Command_line_suite" title="technoTutorsQaTests.AboutUsTest" hash-for-method="contactus">contactus</a> <!-- method navigator-link -->
                      </span>
                      <br/>
                      <span>
                        <img width="3%" src="skipped.png"/>
                        <a href="#" class="method navigator-link" panel-name="suite-Command_line_suite" title="technoTutorsQaTests.AboutUsTest" hash-for-method="contactus">contactus</a> <!-- method navigator-link -->
                      </span>
                      <br/>
                      <span>
                        <img width="3%" src="skipped.png"/>
                        <a href="#" class="method navigator-link" panel-name="suite-Command_line_suite" title="technoTutorsQaTests.SubjectAreaTest" hash-for-method="cotactUS">cotactUS</a> <!-- method navigator-link -->
                      </span>
                      <br/>
                      <span>
                        <img width="3%" src="skipped.png"/>
                        <a href="#" class="method navigator-link" panel-name="suite-Command_line_suite" title="technoTutorsQaTests.ContactUsTest" hash-for-method="emailtext">emailtext</a> <!-- method navigator-link -->
                      </span>
                      <br/>
                      <span>
                        <img width="3%" src="skipped.png"/>
                        <a href="#" class="method navigator-link" panel-name="suite-Command_line_suite" title="technoTutorsQaTests.SubjectAreaTest" hash-for-method="learnerandacadamicenglish">learnerandacadamicenglish</a> <!-- method navigator-link -->
                      </span>
                      <br/>
                      <span>
                        <img width="3%" src="skipped.png"/>
                        <a href="#" class="method navigator-link" panel-name="suite-Command_line_suite" title="technoTutorsQaTests.SubjectAreaTest" hash-for-method="learnerandacadamicfrench">learnerandacadamicfrench</a> <!-- method navigator-link -->
                      </span>
                      <br/>
                      <span>
                        <img width="3%" src="skipped.png"/>
                        <a href="#" class="method navigator-link" panel-name="suite-Command_line_suite" title="technoTutorsQaTests.SubjectAreaTest" hash-for-method="learnerandacadamicmath">learnerandacadamicmath</a> <!-- method navigator-link -->
                      </span>
                      <br/>
                      <span>
                        <img width="3%" src="skipped.png"/>
                        <a href="#" class="method navigator-link" panel-name="suite-Command_line_suite" title="technoTutorsQaTests.ContactUsTest" hash-for-method="logo">logo</a> <!-- method navigator-link -->
                      </span>
                      <br/>
                      <span>
                        <img width="3%" src="skipped.png"/>
                        <a href="#" class="method navigator-link" panel-name="suite-Command_line_suite" title="technoTutorsQaTests.HomePageTest" hash-for-method="logotest">logotest</a> <!-- method navigator-link -->
                      </span>
                      <br/>
                      <span>
                        <img width="3%" src="skipped.png"/>
                        <a href="#" class="method navigator-link" panel-name="suite-Command_line_suite" title="technoTutorsQaTests.HomePageTest" hash-for-method="moreenglish">moreenglish</a> <!-- method navigator-link -->
                      </span>
                      <br/>
                      <span>
                        <img width="3%" src="skipped.png"/>
                        <a href="#" class="method navigator-link" panel-name="suite-Command_line_suite" title="technoTutorsQaTests.HomePageTest" hash-for-method="morefrench">morefrench</a> <!-- method navigator-link -->
                      </span>
                      <br/>
                      <span>
                        <img width="3%" src="skipped.png"/>
                        <a href="#" class="method navigator-link" panel-name="suite-Command_line_suite" title="technoTutorsQaTests.HomePageTest" hash-for-method="moremaths">moremaths</a> <!-- method navigator-link -->
                      </span>
                      <br/>
                      <span>
                        <img width="3%" src="skipped.png"/>
                        <a href="#" class="method navigator-link" panel-name="suite-Command_line_suite" title="technoTutorsQaTests.ContactUsTest" hash-for-method="phonetext">phonetext</a> <!-- method navigator-link -->
                      </span>
                      <br/>
                      <span>
                        <img width="3%" src="skipped.png"/>
                        <a href="#" class="method navigator-link" panel-name="suite-Command_line_suite" title="technoTutorsQaTests.ContactUsTest" hash-for-method="technotext">technotext</a> <!-- method navigator-link -->
                      </span>
                      <br/>
                      <span>
                        <img width="3%" src="skipped.png"/>
                        <a href="#" class="method navigator-link" panel-name="suite-Command_line_suite" title="technoTutorsQaTests.ContactUsTest" hash-for-method="titlecheck">titlecheck</a> <!-- method navigator-link -->
                      </span>
                      <br/>
                      <span>
                        <img width="3%" src="skipped.png"/>
                        <a href="#" class="method navigator-link" panel-name="suite-Command_line_suite" title="technoTutorsQaTests.AboutUsTest" hash-for-method="titlecheck">titlecheck</a> <!-- method navigator-link -->
                      </span>
                      <br/>
                      <span>
                        <img width="3%" src="skipped.png"/>
                        <a href="#" class="method navigator-link" panel-name="suite-Command_line_suite" title="technoTutorsQaTests.SubjectAreaTest" hash-for-method="titlecheck">titlecheck</a> <!-- method navigator-link -->
                      </span>
                      <br/>
                      <span>
                        <img width="3%" src="skipped.png"/>
                        <a href="#" class="method navigator-link" panel-name="suite-Command_line_suite" title="technoTutorsQaTests.HomePageTest" hash-for-method="titletest">titletest</a> <!-- method navigator-link -->
                      </span>
                      <br/>
                      <span>
                        <img width="3%" src="skipped.png"/>
                        <a href="#" class="method navigator-link" panel-name="suite-Command_line_suite" title="technoTutorsQaTests.HomePageTest" hash-for-method="tutor">tutor</a> <!-- method navigator-link -->
                      </span>
                      <br/>
                      <span>
                        <img width="3%" src="skipped.png"/>
                        <a href="#" class="method navigator-link" panel-name="suite-Command_line_suite" title="technoTutorsQaTests.HomePageTest" hash-for-method="tutor">tutor</a> <!-- method navigator-link -->
                      </span>
                      <br/>
                      <span>
                        <img width="3%" src="skipped.png"/>
                        <a href="#" class="method navigator-link" panel-name="suite-Command_line_suite" title="technoTutorsQaTests.HomePageTest" hash-for-method="tutor">tutor</a> <!-- method navigator-link -->
                      </span>
                      <br/>
                      <span>
                        <img width="3%" src="skipped.png"/>
                        <a href="#" class="method navigator-link" panel-name="suite-Command_line_suite" title="technoTutorsQaTests.HomePageTest" hash-for-method="tutor">tutor</a> <!-- method navigator-link -->
                      </span>
                      <br/>
                    </div> <!-- method-list-content skipped suite-Command_line_suite -->
                  </li>
                </ul>
              </div> <!-- suite-section-content -->
            </div> <!-- result-section -->
          </div> <!-- navigator-suite-content -->
        </div> <!-- rounded-window -->
      </div> <!-- suite -->
    </div> <!-- navigator-root -->
    <div class="wrapper">
      <div class="main-panel-root">
        <div panel-name="suite-Command_line_suite" class="panel Command_line_suite">
          <div class="suite-Command_line_suite-class-skipped">
            <div class="main-panel-header rounded-window-top">
              <img src="skipped.png"/>
              <span class="class-name">technoTutorsQaTests.AboutUsTest</span>
            </div> <!-- main-panel-header rounded-window-top -->
            <div class="main-panel-content rounded-window-bottom">
              <div class="method">
                <div class="method-content">
                  <a name="contactus">
                  </a> <!-- contactus -->
                  <span class="method-name">contactus</span>
                  <div class="stack-trace">org.openqa.selenium.WebDriverException: chrome not reachable
  (Session info: chrome=80.0.3987.149)
Build info: version: &apos;4.0.0-alpha-4&apos;, revision: &apos;c2d955b49e&apos;
System info: host: &apos;DESKTOP-C5HHGRT&apos;, ip: &apos;192.168.0.19&apos;, os.name: &apos;Windows 10&apos;, os.arch: &apos;amd64&apos;, os.version: &apos;10.0&apos;, java.version: &apos;1.8.0_241&apos;
Driver info: org.openqa.selenium.chrome.ChromeDriver
Capabilities {acceptInsecureCerts: false, browserName: chrome, browserVersion: 80.0.3987.149, chrome: {chromedriverVersion: 79.0.3945.36 (3582db32b3389..., userDataDir: C:\Users\Vijay\AppData\Loca...}, goog:chromeOptions: {debuggerAddress: localhost:65301}, javascriptEnabled: true, networkConnectionEnabled: false, pageLoadStrategy: normal, platform: WINDOWS, platformName: WINDOWS, proxy: Proxy(), setWindowRect: true, strictFileInteractability: false, timeouts: {implicit: 0, pageLoad: 300000, script: 30000}, unhandledPromptBehavior: dismiss and notify}
Session ID: 48aa3e142c491c9e23fc6d8d1aff80f6
	at org.openqa.selenium.remote.codec.w3c.W3CHttpResponseCodec.createException(W3CHttpResponseCodec.java:196)
	at org.openqa.selenium.remote.codec.w3c.W3CHttpResponseCodec.decode(W3CHttpResponseCodec.java:129)
	at org.openqa.selenium.remote.codec.w3c.W3CHttpResponseCodec.decode(W3CHttpResponseCodec.java:53)
	at org.openqa.selenium.remote.HttpCommandExecutor.execute(HttpCommandExecutor.java:161)
	at org.openqa.selenium.remote.service.DriverCommandExecutor.execute(DriverCommandExecutor.java:83)
	at org.openqa.selenium.remote.RemoteWebDriver.execute(RemoteWebDriver.java:582)
	at org.openqa.selenium.remote.RemoteWebDriver.execute(RemoteWebDriver.java:639)
	at org.openqa.selenium.remote.RemoteWebDriver.execute(RemoteWebDriver.java:643)
	at org.openqa.selenium.remote.RemoteWebDriver$RemoteWebDriverOptions.deleteAllCookies(RemoteWebDriver.java:748)
	at Com.Techno.Qa.Base.TechnoBase.initialization(TechnoBase.java:39)
	at technoTutorsQaTests.AboutUsTest.setup(AboutUsTest.java:29)
	at java.util.ArrayList.forEach(ArrayList.java:1257)
... Removed 45 stack frames
</div> <!-- stack-trace -->
                </div> <!-- method-content -->
              </div> <!-- method -->
              <div class="method">
                <div class="method-content">
                  <a name="contactus">
                  </a> <!-- contactus -->
                  <span class="method-name">contactus</span>
                  <div class="stack-trace">org.openqa.selenium.WebDriverException: chrome not reachable
  (Session info: chrome=80.0.3987.149)
Build info: version: &apos;4.0.0-alpha-4&apos;, revision: &apos;c2d955b49e&apos;
System info: host: &apos;DESKTOP-C5HHGRT&apos;, ip: &apos;192.168.0.19&apos;, os.name: &apos;Windows 10&apos;, os.arch: &apos;amd64&apos;, os.version: &apos;10.0&apos;, java.version: &apos;1.8.0_241&apos;
Driver info: org.openqa.selenium.chrome.ChromeDriver
Capabilities {acceptInsecureCerts: false, browserName: chrome, browserVersion: 80.0.3987.149, chrome: {chromedriverVersion: 79.0.3945.36 (3582db32b3389..., userDataDir: C:\Users\Vijay\AppData\Loca...}, goog:chromeOptions: {debuggerAddress: localhost:65301}, javascriptEnabled: true, networkConnectionEnabled: false, pageLoadStrategy: normal, platform: WINDOWS, platformName: WINDOWS, proxy: Proxy(), setWindowRect: true, strictFileInteractability: false, timeouts: {implicit: 0, pageLoad: 300000, script: 30000}, unhandledPromptBehavior: dismiss and notify}
Session ID: 48aa3e142c491c9e23fc6d8d1aff80f6
	at org.openqa.selenium.remote.codec.w3c.W3CHttpResponseCodec.createException(W3CHttpResponseCodec.java:196)
	at org.openqa.selenium.remote.codec.w3c.W3CHttpResponseCodec.decode(W3CHttpResponseCodec.java:129)
	at org.openqa.selenium.remote.codec.w3c.W3CHttpResponseCodec.decode(W3CHttpResponseCodec.java:53)
	at org.openqa.selenium.remote.HttpCommandExecutor.execute(HttpCommandExecutor.java:161)
	at org.openqa.selenium.remote.service.DriverCommandExecutor.execute(DriverCommandExecutor.java:83)
	at org.openqa.selenium.remote.RemoteWebDriver.execute(RemoteWebDriver.java:582)
	at org.openqa.selenium.remote.RemoteWebDriver.execute(RemoteWebDriver.java:639)
	at org.openqa.selenium.remote.RemoteWebDriver.execute(RemoteWebDriver.java:643)
	at org.openqa.selenium.remote.RemoteWebDriver$RemoteWebDriverOptions.deleteAllCookies(RemoteWebDriver.java:748)
	at Com.Techno.Qa.Base.TechnoBase.initialization(TechnoBase.java:39)
	at technoTutorsQaTests.AboutUsTest.setup(AboutUsTest.java:29)
	at java.util.ArrayList.forEach(ArrayList.java:1257)
... Removed 45 stack frames
</div> <!-- stack-trace -->
                </div> <!-- method-content -->
              </div> <!-- method -->
              <div class="method">
                <div class="method-content">
                  <a name="contactus">
                  </a> <!-- contactus -->
                  <span class="method-name">contactus</span>
                  <div class="stack-trace">org.openqa.selenium.WebDriverException: chrome not reachable
  (Session info: chrome=80.0.3987.149)
Build info: version: &apos;4.0.0-alpha-4&apos;, revision: &apos;c2d955b49e&apos;
System info: host: &apos;DESKTOP-C5HHGRT&apos;, ip: &apos;192.168.0.19&apos;, os.name: &apos;Windows 10&apos;, os.arch: &apos;amd64&apos;, os.version: &apos;10.0&apos;, java.version: &apos;1.8.0_241&apos;
Driver info: org.openqa.selenium.chrome.ChromeDriver
Capabilities {acceptInsecureCerts: false, browserName: chrome, browserVersion: 80.0.3987.149, chrome: {chromedriverVersion: 79.0.3945.36 (3582db32b3389..., userDataDir: C:\Users\Vijay\AppData\Loca...}, goog:chromeOptions: {debuggerAddress: localhost:65301}, javascriptEnabled: true, networkConnectionEnabled: false, pageLoadStrategy: normal, platform: WINDOWS, platformName: WINDOWS, proxy: Proxy(), setWindowRect: true, strictFileInteractability: false, timeouts: {implicit: 0, pageLoad: 300000, script: 30000}, unhandledPromptBehavior: dismiss and notify}
Session ID: 48aa3e142c491c9e23fc6d8d1aff80f6
	at org.openqa.selenium.remote.codec.w3c.W3CHttpResponseCodec.createException(W3CHttpResponseCodec.java:196)
	at org.openqa.selenium.remote.codec.w3c.W3CHttpResponseCodec.decode(W3CHttpResponseCodec.java:129)
	at org.openqa.selenium.remote.codec.w3c.W3CHttpResponseCodec.decode(W3CHttpResponseCodec.java:53)
	at org.openqa.selenium.remote.HttpCommandExecutor.execute(HttpCommandExecutor.java:161)
	at org.openqa.selenium.remote.service.DriverCommandExecutor.execute(DriverCommandExecutor.java:83)
	at org.openqa.selenium.remote.RemoteWebDriver.execute(RemoteWebDriver.java:582)
	at org.openqa.selenium.remote.RemoteWebDriver.execute(RemoteWebDriver.java:639)
	at org.openqa.selenium.remote.RemoteWebDriver.execute(RemoteWebDriver.java:643)
	at org.openqa.selenium.remote.RemoteWebDriver$RemoteWebDriverOptions.deleteAllCookies(RemoteWebDriver.java:748)
	at Com.Techno.Qa.Base.TechnoBase.initialization(TechnoBase.java:39)
	at technoTutorsQaTests.AboutUsTest.setup(AboutUsTest.java:29)
	at java.util.ArrayList.forEach(ArrayList.java:1257)
... Removed 45 stack frames
</div> <!-- stack-trace -->
                </div> <!-- method-content -->
              </div> <!-- method -->
              <div class="method">
                <div class="method-content">
                  <a name="contactus">
                  </a> <!-- contactus -->
                  <span class="method-name">contactus</span>
                  <div class="stack-trace">org.openqa.selenium.WebDriverException: chrome not reachable
  (Session info: chrome=80.0.3987.149)
Build info: version: &apos;4.0.0-alpha-4&apos;, revision: &apos;c2d955b49e&apos;
System info: host: &apos;DESKTOP-C5HHGRT&apos;, ip: &apos;192.168.0.19&apos;, os.name: &apos;Windows 10&apos;, os.arch: &apos;amd64&apos;, os.version: &apos;10.0&apos;, java.version: &apos;1.8.0_241&apos;
Driver info: org.openqa.selenium.chrome.ChromeDriver
Capabilities {acceptInsecureCerts: false, browserName: chrome, browserVersion: 80.0.3987.149, chrome: {chromedriverVersion: 79.0.3945.36 (3582db32b3389..., userDataDir: C:\Users\Vijay\AppData\Loca...}, goog:chromeOptions: {debuggerAddress: localhost:65301}, javascriptEnabled: true, networkConnectionEnabled: false, pageLoadStrategy: normal, platform: WINDOWS, platformName: WINDOWS, proxy: Proxy(), setWindowRect: true, strictFileInteractability: false, timeouts: {implicit: 0, pageLoad: 300000, script: 30000}, unhandledPromptBehavior: dismiss and notify}
Session ID: 48aa3e142c491c9e23fc6d8d1aff80f6
	at org.openqa.selenium.remote.codec.w3c.W3CHttpResponseCodec.createException(W3CHttpResponseCodec.java:196)
	at org.openqa.selenium.remote.codec.w3c.W3CHttpResponseCodec.decode(W3CHttpResponseCodec.java:129)
	at org.openqa.selenium.remote.codec.w3c.W3CHttpResponseCodec.decode(W3CHttpResponseCodec.java:53)
	at org.openqa.selenium.remote.HttpCommandExecutor.execute(HttpCommandExecutor.java:161)
	at org.openqa.selenium.remote.service.DriverCommandExecutor.execute(DriverCommandExecutor.java:83)
	at org.openqa.selenium.remote.RemoteWebDriver.execute(RemoteWebDriver.java:582)
	at org.openqa.selenium.remote.RemoteWebDriver.execute(RemoteWebDriver.java:639)
	at org.openqa.selenium.remote.RemoteWebDriver.execute(RemoteWebDriver.java:643)
	at org.openqa.selenium.remote.RemoteWebDriver$RemoteWebDriverOptions.deleteAllCookies(RemoteWebDriver.java:748)
	at Com.Techno.Qa.Base.TechnoBase.initialization(TechnoBase.java:39)
	at technoTutorsQaTests.AboutUsTest.setup(AboutUsTest.java:29)
	at java.util.ArrayList.forEach(ArrayList.java:1257)
... Removed 45 stack frames
</div> <!-- stack-trace -->
                </div> <!-- method-content -->
              </div> <!-- method -->
              <div class="method">
                <div class="method-content">
                  <a name="titlecheck">
                  </a> <!-- titlecheck -->
                  <span class="method-name">titlecheck</span>
                  <div class="stack-trace">org.openqa.selenium.WebDriverException: chrome not reachable
  (Session info: chrome=80.0.3987.149)
Build info: version: &apos;4.0.0-alpha-4&apos;, revision: &apos;c2d955b49e&apos;
System info: host: &apos;DESKTOP-C5HHGRT&apos;, ip: &apos;192.168.0.19&apos;, os.name: &apos;Windows 10&apos;, os.arch: &apos;amd64&apos;, os.version: &apos;10.0&apos;, java.version: &apos;1.8.0_241&apos;
Driver info: org.openqa.selenium.chrome.ChromeDriver
Capabilities {acceptInsecureCerts: false, browserName: chrome, browserVersion: 80.0.3987.149, chrome: {chromedriverVersion: 79.0.3945.36 (3582db32b3389..., userDataDir: C:\Users\Vijay\AppData\Loca...}, goog:chromeOptions: {debuggerAddress: localhost:65301}, javascriptEnabled: true, networkConnectionEnabled: false, pageLoadStrategy: normal, platform: WINDOWS, platformName: WINDOWS, proxy: Proxy(), setWindowRect: true, strictFileInteractability: false, timeouts: {implicit: 0, pageLoad: 300000, script: 30000}, unhandledPromptBehavior: dismiss and notify}
Session ID: 48aa3e142c491c9e23fc6d8d1aff80f6
	at org.openqa.selenium.remote.codec.w3c.W3CHttpResponseCodec.createException(W3CHttpResponseCodec.java:196)
	at org.openqa.selenium.remote.codec.w3c.W3CHttpResponseCodec.decode(W3CHttpResponseCodec.java:129)
	at org.openqa.selenium.remote.codec.w3c.W3CHttpResponseCodec.decode(W3CHttpResponseCodec.java:53)
	at org.openqa.selenium.remote.HttpCommandExecutor.execute(HttpCommandExecutor.java:161)
	at org.openqa.selenium.remote.service.DriverCommandExecutor.execute(DriverCommandExecutor.java:83)
	at org.openqa.selenium.remote.RemoteWebDriver.execute(RemoteWebDriver.java:582)
	at org.openqa.selenium.remote.RemoteWebDriver.execute(RemoteWebDriver.java:639)
	at org.openqa.selenium.remote.RemoteWebDriver.execute(RemoteWebDriver.java:643)
	at org.openqa.selenium.remote.RemoteWebDriver$RemoteWebDriverOptions.deleteAllCookies(RemoteWebDriver.java:748)
	at Com.Techno.Qa.Base.TechnoBase.initialization(TechnoBase.java:39)
	at technoTutorsQaTests.AboutUsTest.setup(AboutUsTest.java:29)
	at java.util.ArrayList.forEach(ArrayList.java:1257)
... Removed 45 stack frames
</div> <!-- stack-trace -->
                </div> <!-- method-content -->
              </div> <!-- method -->
            </div> <!-- main-panel-content rounded-window-bottom -->
          </div> <!-- suite-Command_line_suite-class-skipped -->
          <div class="suite-Command_line_suite-class-skipped">
            <div class="main-panel-header rounded-window-top">
              <img src="skipped.png"/>
              <span class="class-name">technoTutorsQaTests.SubjectAreaTest</span>
            </div> <!-- main-panel-header rounded-window-top -->
            <div class="main-panel-content rounded-window-bottom">
              <div class="method">
                <div class="method-content">
                  <a name="Logocheck">
                  </a> <!-- Logocheck -->
                  <span class="method-name">Logocheck</span>
                  <div class="stack-trace">org.openqa.selenium.WebDriverException: chrome not reachable
  (Session info: chrome=80.0.3987.149)
Build info: version: &apos;4.0.0-alpha-4&apos;, revision: &apos;c2d955b49e&apos;
System info: host: &apos;DESKTOP-C5HHGRT&apos;, ip: &apos;192.168.0.19&apos;, os.name: &apos;Windows 10&apos;, os.arch: &apos;amd64&apos;, os.version: &apos;10.0&apos;, java.version: &apos;1.8.0_241&apos;
Driver info: org.openqa.selenium.chrome.ChromeDriver
Capabilities {acceptInsecureCerts: false, browserName: chrome, browserVersion: 80.0.3987.149, chrome: {chromedriverVersion: 79.0.3945.36 (3582db32b3389..., userDataDir: C:\Users\Vijay\AppData\Loca...}, goog:chromeOptions: {debuggerAddress: localhost:49350}, javascriptEnabled: true, networkConnectionEnabled: false, pageLoadStrategy: normal, platform: WINDOWS, platformName: WINDOWS, proxy: Proxy(), setWindowRect: true, strictFileInteractability: false, timeouts: {implicit: 0, pageLoad: 300000, script: 30000}, unhandledPromptBehavior: dismiss and notify}
Session ID: 9a76d058cc7314520def74ed2a821c58
*** Element info: {Using=xpath, value=//ul[@id=&apos;menu-tt-menu-1&apos;]/li[4]/a}
	at org.openqa.selenium.remote.codec.w3c.W3CHttpResponseCodec.createException(W3CHttpResponseCodec.java:196)
	at org.openqa.selenium.remote.codec.w3c.W3CHttpResponseCodec.decode(W3CHttpResponseCodec.java:129)
	at org.openqa.selenium.remote.codec.w3c.W3CHttpResponseCodec.decode(W3CHttpResponseCodec.java:53)
	at org.openqa.selenium.remote.HttpCommandExecutor.execute(HttpCommandExecutor.java:161)
	at org.openqa.selenium.remote.service.DriverCommandExecutor.execute(DriverCommandExecutor.java:83)
	at org.openqa.selenium.remote.RemoteWebDriver.execute(RemoteWebDriver.java:582)
	at org.openqa.selenium.remote.RemoteWebDriver.findElement(RemoteWebDriver.java:333)
	at org.openqa.selenium.remote.RemoteWebDriver.findElementByXPath(RemoteWebDriver.java:451)
	at org.openqa.selenium.By$ByXPath.findElement(By.java:394)
	at org.openqa.selenium.remote.RemoteWebDriver.findElement(RemoteWebDriver.java:325)
	at org.openqa.selenium.support.pagefactory.DefaultElementLocator.findElement(DefaultElementLocator.java:70)
	at org.openqa.selenium.support.pagefactory.internal.LocatingElementHandler.invoke(LocatingElementHandler.java:39)
	at com.sun.proxy.$Proxy13.isDisplayed(Unknown Source)
	at org.openqa.selenium.support.ui.ExpectedConditions.elementIfVisible(ExpectedConditions.java:314)
	at org.openqa.selenium.support.ui.ExpectedConditions.access$000(ExpectedConditions.java:43)
	at org.openqa.selenium.support.ui.ExpectedConditions$10.apply(ExpectedConditions.java:300)
	at org.openqa.selenium.support.ui.ExpectedConditions$10.apply(ExpectedConditions.java:297)
	at org.openqa.selenium.support.ui.ExpectedConditions$23.apply(ExpectedConditions.java:670)
	at org.openqa.selenium.support.ui.ExpectedConditions$23.apply(ExpectedConditions.java:666)
	at org.openqa.selenium.support.ui.FluentWait.until(FluentWait.java:211)
	at Com.Techno.Qa.Pages.HomePage.Subjects(HomePage.java:116)
	at technoTutorsQaTests.SubjectAreaTest.setup(SubjectAreaTest.java:28)
	at java.util.ArrayList.forEach(ArrayList.java:1257)
... Removed 45 stack frames
</div> <!-- stack-trace -->
                </div> <!-- method-content -->
              </div> <!-- method -->
              <div class="method">
                <div class="method-content">
                  <a name="bookamathtutoracadamic">
                  </a> <!-- bookamathtutoracadamic -->
                  <span class="method-name">bookamathtutoracadamic</span>
                  <div class="stack-trace">org.openqa.selenium.WebDriverException: chrome not reachable
  (Session info: chrome=80.0.3987.149)
Build info: version: &apos;4.0.0-alpha-4&apos;, revision: &apos;c2d955b49e&apos;
System info: host: &apos;DESKTOP-C5HHGRT&apos;, ip: &apos;192.168.0.19&apos;, os.name: &apos;Windows 10&apos;, os.arch: &apos;amd64&apos;, os.version: &apos;10.0&apos;, java.version: &apos;1.8.0_241&apos;
Driver info: org.openqa.selenium.chrome.ChromeDriver
Capabilities {acceptInsecureCerts: false, browserName: chrome, browserVersion: 80.0.3987.149, chrome: {chromedriverVersion: 79.0.3945.36 (3582db32b3389..., userDataDir: C:\Users\Vijay\AppData\Loca...}, goog:chromeOptions: {debuggerAddress: localhost:49350}, javascriptEnabled: true, networkConnectionEnabled: false, pageLoadStrategy: normal, platform: WINDOWS, platformName: WINDOWS, proxy: Proxy(), setWindowRect: true, strictFileInteractability: false, timeouts: {implicit: 0, pageLoad: 300000, script: 30000}, unhandledPromptBehavior: dismiss and notify}
Session ID: 9a76d058cc7314520def74ed2a821c58
*** Element info: {Using=xpath, value=//ul[@id=&apos;menu-tt-menu-1&apos;]/li[4]/a}
	at org.openqa.selenium.remote.codec.w3c.W3CHttpResponseCodec.createException(W3CHttpResponseCodec.java:196)
	at org.openqa.selenium.remote.codec.w3c.W3CHttpResponseCodec.decode(W3CHttpResponseCodec.java:129)
	at org.openqa.selenium.remote.codec.w3c.W3CHttpResponseCodec.decode(W3CHttpResponseCodec.java:53)
	at org.openqa.selenium.remote.HttpCommandExecutor.execute(HttpCommandExecutor.java:161)
	at org.openqa.selenium.remote.service.DriverCommandExecutor.execute(DriverCommandExecutor.java:83)
	at org.openqa.selenium.remote.RemoteWebDriver.execute(RemoteWebDriver.java:582)
	at org.openqa.selenium.remote.RemoteWebDriver.findElement(RemoteWebDriver.java:333)
	at org.openqa.selenium.remote.RemoteWebDriver.findElementByXPath(RemoteWebDriver.java:451)
	at org.openqa.selenium.By$ByXPath.findElement(By.java:394)
	at org.openqa.selenium.remote.RemoteWebDriver.findElement(RemoteWebDriver.java:325)
	at org.openqa.selenium.support.pagefactory.DefaultElementLocator.findElement(DefaultElementLocator.java:70)
	at org.openqa.selenium.support.pagefactory.internal.LocatingElementHandler.invoke(LocatingElementHandler.java:39)
	at com.sun.proxy.$Proxy13.isDisplayed(Unknown Source)
	at org.openqa.selenium.support.ui.ExpectedConditions.elementIfVisible(ExpectedConditions.java:314)
	at org.openqa.selenium.support.ui.ExpectedConditions.access$000(ExpectedConditions.java:43)
	at org.openqa.selenium.support.ui.ExpectedConditions$10.apply(ExpectedConditions.java:300)
	at org.openqa.selenium.support.ui.ExpectedConditions$10.apply(ExpectedConditions.java:297)
	at org.openqa.selenium.support.ui.ExpectedConditions$23.apply(ExpectedConditions.java:670)
	at org.openqa.selenium.support.ui.ExpectedConditions$23.apply(ExpectedConditions.java:666)
	at org.openqa.selenium.support.ui.FluentWait.until(FluentWait.java:211)
	at Com.Techno.Qa.Pages.HomePage.Subjects(HomePage.java:116)
	at technoTutorsQaTests.SubjectAreaTest.setup(SubjectAreaTest.java:28)
	at java.util.ArrayList.forEach(ArrayList.java:1257)
... Removed 45 stack frames
</div> <!-- stack-trace -->
                </div> <!-- method-content -->
              </div> <!-- method -->
              <div class="method">
                <div class="method-content">
                  <a name="bookamathtutorlearner">
                  </a> <!-- bookamathtutorlearner -->
                  <span class="method-name">bookamathtutorlearner</span>
                  <div class="stack-trace">org.openqa.selenium.WebDriverException: chrome not reachable
  (Session info: chrome=80.0.3987.149)
Build info: version: &apos;4.0.0-alpha-4&apos;, revision: &apos;c2d955b49e&apos;
System info: host: &apos;DESKTOP-C5HHGRT&apos;, ip: &apos;192.168.0.19&apos;, os.name: &apos;Windows 10&apos;, os.arch: &apos;amd64&apos;, os.version: &apos;10.0&apos;, java.version: &apos;1.8.0_241&apos;
Driver info: org.openqa.selenium.chrome.ChromeDriver
Capabilities {acceptInsecureCerts: false, browserName: chrome, browserVersion: 80.0.3987.149, chrome: {chromedriverVersion: 79.0.3945.36 (3582db32b3389..., userDataDir: C:\Users\Vijay\AppData\Loca...}, goog:chromeOptions: {debuggerAddress: localhost:49350}, javascriptEnabled: true, networkConnectionEnabled: false, pageLoadStrategy: normal, platform: WINDOWS, platformName: WINDOWS, proxy: Proxy(), setWindowRect: true, strictFileInteractability: false, timeouts: {implicit: 0, pageLoad: 300000, script: 30000}, unhandledPromptBehavior: dismiss and notify}
Session ID: 9a76d058cc7314520def74ed2a821c58
*** Element info: {Using=xpath, value=//ul[@id=&apos;menu-tt-menu-1&apos;]/li[4]/a}
	at org.openqa.selenium.remote.codec.w3c.W3CHttpResponseCodec.createException(W3CHttpResponseCodec.java:196)
	at org.openqa.selenium.remote.codec.w3c.W3CHttpResponseCodec.decode(W3CHttpResponseCodec.java:129)
	at org.openqa.selenium.remote.codec.w3c.W3CHttpResponseCodec.decode(W3CHttpResponseCodec.java:53)
	at org.openqa.selenium.remote.HttpCommandExecutor.execute(HttpCommandExecutor.java:161)
	at org.openqa.selenium.remote.service.DriverCommandExecutor.execute(DriverCommandExecutor.java:83)
	at org.openqa.selenium.remote.RemoteWebDriver.execute(RemoteWebDriver.java:582)
	at org.openqa.selenium.remote.RemoteWebDriver.findElement(RemoteWebDriver.java:333)
	at org.openqa.selenium.remote.RemoteWebDriver.findElementByXPath(RemoteWebDriver.java:451)
	at org.openqa.selenium.By$ByXPath.findElement(By.java:394)
	at org.openqa.selenium.remote.RemoteWebDriver.findElement(RemoteWebDriver.java:325)
	at org.openqa.selenium.support.pagefactory.DefaultElementLocator.findElement(DefaultElementLocator.java:70)
	at org.openqa.selenium.support.pagefactory.internal.LocatingElementHandler.invoke(LocatingElementHandler.java:39)
	at com.sun.proxy.$Proxy13.isDisplayed(Unknown Source)
	at org.openqa.selenium.support.ui.ExpectedConditions.elementIfVisible(ExpectedConditions.java:314)
	at org.openqa.selenium.support.ui.ExpectedConditions.access$000(ExpectedConditions.java:43)
	at org.openqa.selenium.support.ui.ExpectedConditions$10.apply(ExpectedConditions.java:300)
	at org.openqa.selenium.support.ui.ExpectedConditions$10.apply(ExpectedConditions.java:297)
	at org.openqa.selenium.support.ui.ExpectedConditions$23.apply(ExpectedConditions.java:670)
	at org.openqa.selenium.support.ui.ExpectedConditions$23.apply(ExpectedConditions.java:666)
	at org.openqa.selenium.support.ui.FluentWait.until(FluentWait.java:211)
	at Com.Techno.Qa.Pages.HomePage.Subjects(HomePage.java:116)
	at technoTutorsQaTests.SubjectAreaTest.setup(SubjectAreaTest.java:28)
	at java.util.ArrayList.forEach(ArrayList.java:1257)
... Removed 45 stack frames
</div> <!-- stack-trace -->
                </div> <!-- method-content -->
              </div> <!-- method -->
              <div class="method">
                <div class="method-content">
                  <a name="bookefrenchtutoracadamic">
                  </a> <!-- bookefrenchtutoracadamic -->
                  <span class="method-name">bookefrenchtutoracadamic</span>
                  <div class="stack-trace">org.openqa.selenium.WebDriverException: chrome not reachable
  (Session info: chrome=80.0.3987.149)
Build info: version: &apos;4.0.0-alpha-4&apos;, revision: &apos;c2d955b49e&apos;
System info: host: &apos;DESKTOP-C5HHGRT&apos;, ip: &apos;192.168.0.19&apos;, os.name: &apos;Windows 10&apos;, os.arch: &apos;amd64&apos;, os.version: &apos;10.0&apos;, java.version: &apos;1.8.0_241&apos;
Driver info: org.openqa.selenium.chrome.ChromeDriver
Capabilities {acceptInsecureCerts: false, browserName: chrome, browserVersion: 80.0.3987.149, chrome: {chromedriverVersion: 79.0.3945.36 (3582db32b3389..., userDataDir: C:\Users\Vijay\AppData\Loca...}, goog:chromeOptions: {debuggerAddress: localhost:49350}, javascriptEnabled: true, networkConnectionEnabled: false, pageLoadStrategy: normal, platform: WINDOWS, platformName: WINDOWS, proxy: Proxy(), setWindowRect: true, strictFileInteractability: false, timeouts: {implicit: 0, pageLoad: 300000, script: 30000}, unhandledPromptBehavior: dismiss and notify}
Session ID: 9a76d058cc7314520def74ed2a821c58
*** Element info: {Using=xpath, value=//ul[@id=&apos;menu-tt-menu-1&apos;]/li[4]/a}
	at org.openqa.selenium.remote.codec.w3c.W3CHttpResponseCodec.createException(W3CHttpResponseCodec.java:196)
	at org.openqa.selenium.remote.codec.w3c.W3CHttpResponseCodec.decode(W3CHttpResponseCodec.java:129)
	at org.openqa.selenium.remote.codec.w3c.W3CHttpResponseCodec.decode(W3CHttpResponseCodec.java:53)
	at org.openqa.selenium.remote.HttpCommandExecutor.execute(HttpCommandExecutor.java:161)
	at org.openqa.selenium.remote.service.DriverCommandExecutor.execute(DriverCommandExecutor.java:83)
	at org.openqa.selenium.remote.RemoteWebDriver.execute(RemoteWebDriver.java:582)
	at org.openqa.selenium.remote.RemoteWebDriver.findElement(RemoteWebDriver.java:333)
	at org.openqa.selenium.remote.RemoteWebDriver.findElementByXPath(RemoteWebDriver.java:451)
	at org.openqa.selenium.By$ByXPath.findElement(By.java:394)
	at org.openqa.selenium.remote.RemoteWebDriver.findElement(RemoteWebDriver.java:325)
	at org.openqa.selenium.support.pagefactory.DefaultElementLocator.findElement(DefaultElementLocator.java:70)
	at org.openqa.selenium.support.pagefactory.internal.LocatingElementHandler.invoke(LocatingElementHandler.java:39)
	at com.sun.proxy.$Proxy13.isDisplayed(Unknown Source)
	at org.openqa.selenium.support.ui.ExpectedConditions.elementIfVisible(ExpectedConditions.java:314)
	at org.openqa.selenium.support.ui.ExpectedConditions.access$000(ExpectedConditions.java:43)
	at org.openqa.selenium.support.ui.ExpectedConditions$10.apply(ExpectedConditions.java:300)
	at org.openqa.selenium.support.ui.ExpectedConditions$10.apply(ExpectedConditions.java:297)
	at org.openqa.selenium.support.ui.ExpectedConditions$23.apply(ExpectedConditions.java:670)
	at org.openqa.selenium.support.ui.ExpectedConditions$23.apply(ExpectedConditions.java:666)
	at org.openqa.selenium.support.ui.FluentWait.until(FluentWait.java:211)
	at Com.Techno.Qa.Pages.HomePage.Subjects(HomePage.java:116)
	at technoTutorsQaTests.SubjectAreaTest.setup(SubjectAreaTest.java:28)
	at java.util.ArrayList.forEach(ArrayList.java:1257)
... Removed 45 stack frames
</div> <!-- stack-trace -->
                </div> <!-- method-content -->
              </div> <!-- method -->
              <div class="method">
                <div class="method-content">
                  <a name="bookenglishtutoracadamic">
                  </a> <!-- bookenglishtutoracadamic -->
                  <span class="method-name">bookenglishtutoracadamic</span>
                  <div class="stack-trace">org.openqa.selenium.WebDriverException: chrome not reachable
  (Session info: chrome=80.0.3987.149)
Build info: version: &apos;4.0.0-alpha-4&apos;, revision: &apos;c2d955b49e&apos;
System info: host: &apos;DESKTOP-C5HHGRT&apos;, ip: &apos;192.168.0.19&apos;, os.name: &apos;Windows 10&apos;, os.arch: &apos;amd64&apos;, os.version: &apos;10.0&apos;, java.version: &apos;1.8.0_241&apos;
Driver info: org.openqa.selenium.chrome.ChromeDriver
Capabilities {acceptInsecureCerts: false, browserName: chrome, browserVersion: 80.0.3987.149, chrome: {chromedriverVersion: 79.0.3945.36 (3582db32b3389..., userDataDir: C:\Users\Vijay\AppData\Loca...}, goog:chromeOptions: {debuggerAddress: localhost:49350}, javascriptEnabled: true, networkConnectionEnabled: false, pageLoadStrategy: normal, platform: WINDOWS, platformName: WINDOWS, proxy: Proxy(), setWindowRect: true, strictFileInteractability: false, timeouts: {implicit: 0, pageLoad: 300000, script: 30000}, unhandledPromptBehavior: dismiss and notify}
Session ID: 9a76d058cc7314520def74ed2a821c58
*** Element info: {Using=xpath, value=//ul[@id=&apos;menu-tt-menu-1&apos;]/li[4]/a}
	at org.openqa.selenium.remote.codec.w3c.W3CHttpResponseCodec.createException(W3CHttpResponseCodec.java:196)
	at org.openqa.selenium.remote.codec.w3c.W3CHttpResponseCodec.decode(W3CHttpResponseCodec.java:129)
	at org.openqa.selenium.remote.codec.w3c.W3CHttpResponseCodec.decode(W3CHttpResponseCodec.java:53)
	at org.openqa.selenium.remote.HttpCommandExecutor.execute(HttpCommandExecutor.java:161)
	at org.openqa.selenium.remote.service.DriverCommandExecutor.execute(DriverCommandExecutor.java:83)
	at org.openqa.selenium.remote.RemoteWebDriver.execute(RemoteWebDriver.java:582)
	at org.openqa.selenium.remote.RemoteWebDriver.findElement(RemoteWebDriver.java:333)
	at org.openqa.selenium.remote.RemoteWebDriver.findElementByXPath(RemoteWebDriver.java:451)
	at org.openqa.selenium.By$ByXPath.findElement(By.java:394)
	at org.openqa.selenium.remote.RemoteWebDriver.findElement(RemoteWebDriver.java:325)
	at org.openqa.selenium.support.pagefactory.DefaultElementLocator.findElement(DefaultElementLocator.java:70)
	at org.openqa.selenium.support.pagefactory.internal.LocatingElementHandler.invoke(LocatingElementHandler.java:39)
	at com.sun.proxy.$Proxy13.isDisplayed(Unknown Source)
	at org.openqa.selenium.support.ui.ExpectedConditions.elementIfVisible(ExpectedConditions.java:314)
	at org.openqa.selenium.support.ui.ExpectedConditions.access$000(ExpectedConditions.java:43)
	at org.openqa.selenium.support.ui.ExpectedConditions$10.apply(ExpectedConditions.java:300)
	at org.openqa.selenium.support.ui.ExpectedConditions$10.apply(ExpectedConditions.java:297)
	at org.openqa.selenium.support.ui.ExpectedConditions$23.apply(ExpectedConditions.java:670)
	at org.openqa.selenium.support.ui.ExpectedConditions$23.apply(ExpectedConditions.java:666)
	at org.openqa.selenium.support.ui.FluentWait.until(FluentWait.java:211)
	at Com.Techno.Qa.Pages.HomePage.Subjects(HomePage.java:116)
	at technoTutorsQaTests.SubjectAreaTest.setup(SubjectAreaTest.java:28)
	at java.util.ArrayList.forEach(ArrayList.java:1257)
... Removed 45 stack frames
</div> <!-- stack-trace -->
                </div> <!-- method-content -->
              </div> <!-- method -->
              <div class="method">
                <div class="method-content">
                  <a name="bookenglishtutorlearner">
                  </a> <!-- bookenglishtutorlearner -->
                  <span class="method-name">bookenglishtutorlearner</span>
                  <div class="stack-trace">org.openqa.selenium.WebDriverException: chrome not reachable
  (Session info: chrome=80.0.3987.149)
Build info: version: &apos;4.0.0-alpha-4&apos;, revision: &apos;c2d955b49e&apos;
System info: host: &apos;DESKTOP-C5HHGRT&apos;, ip: &apos;192.168.0.19&apos;, os.name: &apos;Windows 10&apos;, os.arch: &apos;amd64&apos;, os.version: &apos;10.0&apos;, java.version: &apos;1.8.0_241&apos;
Driver info: org.openqa.selenium.chrome.ChromeDriver
Capabilities {acceptInsecureCerts: false, browserName: chrome, browserVersion: 80.0.3987.149, chrome: {chromedriverVersion: 79.0.3945.36 (3582db32b3389..., userDataDir: C:\Users\Vijay\AppData\Loca...}, goog:chromeOptions: {debuggerAddress: localhost:49350}, javascriptEnabled: true, networkConnectionEnabled: false, pageLoadStrategy: normal, platform: WINDOWS, platformName: WINDOWS, proxy: Proxy(), setWindowRect: true, strictFileInteractability: false, timeouts: {implicit: 0, pageLoad: 300000, script: 30000}, unhandledPromptBehavior: dismiss and notify}
Session ID: 9a76d058cc7314520def74ed2a821c58
*** Element info: {Using=xpath, value=//ul[@id=&apos;menu-tt-menu-1&apos;]/li[4]/a}
	at org.openqa.selenium.remote.codec.w3c.W3CHttpResponseCodec.createException(W3CHttpResponseCodec.java:196)
	at org.openqa.selenium.remote.codec.w3c.W3CHttpResponseCodec.decode(W3CHttpResponseCodec.java:129)
	at org.openqa.selenium.remote.codec.w3c.W3CHttpResponseCodec.decode(W3CHttpResponseCodec.java:53)
	at org.openqa.selenium.remote.HttpCommandExecutor.execute(HttpCommandExecutor.java:161)
	at org.openqa.selenium.remote.service.DriverCommandExecutor.execute(DriverCommandExecutor.java:83)
	at org.openqa.selenium.remote.RemoteWebDriver.execute(RemoteWebDriver.java:582)
	at org.openqa.selenium.remote.RemoteWebDriver.findElement(RemoteWebDriver.java:333)
	at org.openqa.selenium.remote.RemoteWebDriver.findElementByXPath(RemoteWebDriver.java:451)
	at org.openqa.selenium.By$ByXPath.findElement(By.java:394)
	at org.openqa.selenium.remote.RemoteWebDriver.findElement(RemoteWebDriver.java:325)
	at org.openqa.selenium.support.pagefactory.DefaultElementLocator.findElement(DefaultElementLocator.java:70)
	at org.openqa.selenium.support.pagefactory.internal.LocatingElementHandler.invoke(LocatingElementHandler.java:39)
	at com.sun.proxy.$Proxy13.isDisplayed(Unknown Source)
	at org.openqa.selenium.support.ui.ExpectedConditions.elementIfVisible(ExpectedConditions.java:314)
	at org.openqa.selenium.support.ui.ExpectedConditions.access$000(ExpectedConditions.java:43)
	at org.openqa.selenium.support.ui.ExpectedConditions$10.apply(ExpectedConditions.java:300)
	at org.openqa.selenium.support.ui.ExpectedConditions$10.apply(ExpectedConditions.java:297)
	at org.openqa.selenium.support.ui.ExpectedConditions$23.apply(ExpectedConditions.java:670)
	at org.openqa.selenium.support.ui.ExpectedConditions$23.apply(ExpectedConditions.java:666)
	at org.openqa.selenium.support.ui.FluentWait.until(FluentWait.java:211)
	at Com.Techno.Qa.Pages.HomePage.Subjects(HomePage.java:116)
	at technoTutorsQaTests.SubjectAreaTest.setup(SubjectAreaTest.java:28)
	at java.util.ArrayList.forEach(ArrayList.java:1257)
... Removed 45 stack frames
</div> <!-- stack-trace -->
                </div> <!-- method-content -->
              </div> <!-- method -->
              <div class="method">
                <div class="method-content">
                  <a name="bookfrenchtutorlearner">
                  </a> <!-- bookfrenchtutorlearner -->
                  <span class="method-name">bookfrenchtutorlearner</span>
                  <div class="stack-trace">org.openqa.selenium.WebDriverException: chrome not reachable
  (Session info: chrome=80.0.3987.149)
Build info: version: &apos;4.0.0-alpha-4&apos;, revision: &apos;c2d955b49e&apos;
System info: host: &apos;DESKTOP-C5HHGRT&apos;, ip: &apos;192.168.0.19&apos;, os.name: &apos;Windows 10&apos;, os.arch: &apos;amd64&apos;, os.version: &apos;10.0&apos;, java.version: &apos;1.8.0_241&apos;
Driver info: org.openqa.selenium.chrome.ChromeDriver
Capabilities {acceptInsecureCerts: false, browserName: chrome, browserVersion: 80.0.3987.149, chrome: {chromedriverVersion: 79.0.3945.36 (3582db32b3389..., userDataDir: C:\Users\Vijay\AppData\Loca...}, goog:chromeOptions: {debuggerAddress: localhost:49350}, javascriptEnabled: true, networkConnectionEnabled: false, pageLoadStrategy: normal, platform: WINDOWS, platformName: WINDOWS, proxy: Proxy(), setWindowRect: true, strictFileInteractability: false, timeouts: {implicit: 0, pageLoad: 300000, script: 30000}, unhandledPromptBehavior: dismiss and notify}
Session ID: 9a76d058cc7314520def74ed2a821c58
*** Element info: {Using=xpath, value=//ul[@id=&apos;menu-tt-menu-1&apos;]/li[4]/a}
	at org.openqa.selenium.remote.codec.w3c.W3CHttpResponseCodec.createException(W3CHttpResponseCodec.java:196)
	at org.openqa.selenium.remote.codec.w3c.W3CHttpResponseCodec.decode(W3CHttpResponseCodec.java:129)
	at org.openqa.selenium.remote.codec.w3c.W3CHttpResponseCodec.decode(W3CHttpResponseCodec.java:53)
	at org.openqa.selenium.remote.HttpCommandExecutor.execute(HttpCommandExecutor.java:161)
	at org.openqa.selenium.remote.service.DriverCommandExecutor.execute(DriverCommandExecutor.java:83)
	at org.openqa.selenium.remote.RemoteWebDriver.execute(RemoteWebDriver.java:582)
	at org.openqa.selenium.remote.RemoteWebDriver.findElement(RemoteWebDriver.java:333)
	at org.openqa.selenium.remote.RemoteWebDriver.findElementByXPath(RemoteWebDriver.java:451)
	at org.openqa.selenium.By$ByXPath.findElement(By.java:394)
	at org.openqa.selenium.remote.RemoteWebDriver.findElement(RemoteWebDriver.java:325)
	at org.openqa.selenium.support.pagefactory.DefaultElementLocator.findElement(DefaultElementLocator.java:70)
	at org.openqa.selenium.support.pagefactory.internal.LocatingElementHandler.invoke(LocatingElementHandler.java:39)
	at com.sun.proxy.$Proxy13.isDisplayed(Unknown Source)
	at org.openqa.selenium.support.ui.ExpectedConditions.elementIfVisible(ExpectedConditions.java:314)
	at org.openqa.selenium.support.ui.ExpectedConditions.access$000(ExpectedConditions.java:43)
	at org.openqa.selenium.support.ui.ExpectedConditions$10.apply(ExpectedConditions.java:300)
	at org.openqa.selenium.support.ui.ExpectedConditions$10.apply(ExpectedConditions.java:297)
	at org.openqa.selenium.support.ui.ExpectedConditions$23.apply(ExpectedConditions.java:670)
	at org.openqa.selenium.support.ui.ExpectedConditions$23.apply(ExpectedConditions.java:666)
	at org.openqa.selenium.support.ui.FluentWait.until(FluentWait.java:211)
	at Com.Techno.Qa.Pages.HomePage.Subjects(HomePage.java:116)
	at technoTutorsQaTests.SubjectAreaTest.setup(SubjectAreaTest.java:28)
	at java.util.ArrayList.forEach(ArrayList.java:1257)
... Removed 45 stack frames
</div> <!-- stack-trace -->
                </div> <!-- method-content -->
              </div> <!-- method -->
              <div class="method">
                <div class="method-content">
                  <a name="cotactUS">
                  </a> <!-- cotactUS -->
                  <span class="method-name">cotactUS</span>
                  <div class="stack-trace">org.openqa.selenium.WebDriverException: chrome not reachable
  (Session info: chrome=80.0.3987.149)
Build info: version: &apos;4.0.0-alpha-4&apos;, revision: &apos;c2d955b49e&apos;
System info: host: &apos;DESKTOP-C5HHGRT&apos;, ip: &apos;192.168.0.19&apos;, os.name: &apos;Windows 10&apos;, os.arch: &apos;amd64&apos;, os.version: &apos;10.0&apos;, java.version: &apos;1.8.0_241&apos;
Driver info: org.openqa.selenium.chrome.ChromeDriver
Capabilities {acceptInsecureCerts: false, browserName: chrome, browserVersion: 80.0.3987.149, chrome: {chromedriverVersion: 79.0.3945.36 (3582db32b3389..., userDataDir: C:\Users\Vijay\AppData\Loca...}, goog:chromeOptions: {debuggerAddress: localhost:49350}, javascriptEnabled: true, networkConnectionEnabled: false, pageLoadStrategy: normal, platform: WINDOWS, platformName: WINDOWS, proxy: Proxy(), setWindowRect: true, strictFileInteractability: false, timeouts: {implicit: 0, pageLoad: 300000, script: 30000}, unhandledPromptBehavior: dismiss and notify}
Session ID: 9a76d058cc7314520def74ed2a821c58
*** Element info: {Using=xpath, value=//ul[@id=&apos;menu-tt-menu-1&apos;]/li[4]/a}
	at org.openqa.selenium.remote.codec.w3c.W3CHttpResponseCodec.createException(W3CHttpResponseCodec.java:196)
	at org.openqa.selenium.remote.codec.w3c.W3CHttpResponseCodec.decode(W3CHttpResponseCodec.java:129)
	at org.openqa.selenium.remote.codec.w3c.W3CHttpResponseCodec.decode(W3CHttpResponseCodec.java:53)
	at org.openqa.selenium.remote.HttpCommandExecutor.execute(HttpCommandExecutor.java:161)
	at org.openqa.selenium.remote.service.DriverCommandExecutor.execute(DriverCommandExecutor.java:83)
	at org.openqa.selenium.remote.RemoteWebDriver.execute(RemoteWebDriver.java:582)
	at org.openqa.selenium.remote.RemoteWebDriver.findElement(RemoteWebDriver.java:333)
	at org.openqa.selenium.remote.RemoteWebDriver.findElementByXPath(RemoteWebDriver.java:451)
	at org.openqa.selenium.By$ByXPath.findElement(By.java:394)
	at org.openqa.selenium.remote.RemoteWebDriver.findElement(RemoteWebDriver.java:325)
	at org.openqa.selenium.support.pagefactory.DefaultElementLocator.findElement(DefaultElementLocator.java:70)
	at org.openqa.selenium.support.pagefactory.internal.LocatingElementHandler.invoke(LocatingElementHandler.java:39)
	at com.sun.proxy.$Proxy13.isDisplayed(Unknown Source)
	at org.openqa.selenium.support.ui.ExpectedConditions.elementIfVisible(ExpectedConditions.java:314)
	at org.openqa.selenium.support.ui.ExpectedConditions.access$000(ExpectedConditions.java:43)
	at org.openqa.selenium.support.ui.ExpectedConditions$10.apply(ExpectedConditions.java:300)
	at org.openqa.selenium.support.ui.ExpectedConditions$10.apply(ExpectedConditions.java:297)
	at org.openqa.selenium.support.ui.ExpectedConditions$23.apply(ExpectedConditions.java:670)
	at org.openqa.selenium.support.ui.ExpectedConditions$23.apply(ExpectedConditions.java:666)
	at org.openqa.selenium.support.ui.FluentWait.until(FluentWait.java:211)
	at Com.Techno.Qa.Pages.HomePage.Subjects(HomePage.java:116)
	at technoTutorsQaTests.SubjectAreaTest.setup(SubjectAreaTest.java:28)
	at java.util.ArrayList.forEach(ArrayList.java:1257)
... Removed 45 stack frames
</div> <!-- stack-trace -->
                </div> <!-- method-content -->
              </div> <!-- method -->
              <div class="method">
                <div class="method-content">
                  <a name="learnerandacadamicenglish">
                  </a> <!-- learnerandacadamicenglish -->
                  <span class="method-name">learnerandacadamicenglish</span>
                  <div class="stack-trace">org.openqa.selenium.WebDriverException: chrome not reachable
  (Session info: chrome=80.0.3987.149)
Build info: version: &apos;4.0.0-alpha-4&apos;, revision: &apos;c2d955b49e&apos;
System info: host: &apos;DESKTOP-C5HHGRT&apos;, ip: &apos;192.168.0.19&apos;, os.name: &apos;Windows 10&apos;, os.arch: &apos;amd64&apos;, os.version: &apos;10.0&apos;, java.version: &apos;1.8.0_241&apos;
Driver info: org.openqa.selenium.chrome.ChromeDriver
Capabilities {acceptInsecureCerts: false, browserName: chrome, browserVersion: 80.0.3987.149, chrome: {chromedriverVersion: 79.0.3945.36 (3582db32b3389..., userDataDir: C:\Users\Vijay\AppData\Loca...}, goog:chromeOptions: {debuggerAddress: localhost:49350}, javascriptEnabled: true, networkConnectionEnabled: false, pageLoadStrategy: normal, platform: WINDOWS, platformName: WINDOWS, proxy: Proxy(), setWindowRect: true, strictFileInteractability: false, timeouts: {implicit: 0, pageLoad: 300000, script: 30000}, unhandledPromptBehavior: dismiss and notify}
Session ID: 9a76d058cc7314520def74ed2a821c58
*** Element info: {Using=xpath, value=//ul[@id=&apos;menu-tt-menu-1&apos;]/li[4]/a}
	at org.openqa.selenium.remote.codec.w3c.W3CHttpResponseCodec.createException(W3CHttpResponseCodec.java:196)
	at org.openqa.selenium.remote.codec.w3c.W3CHttpResponseCodec.decode(W3CHttpResponseCodec.java:129)
	at org.openqa.selenium.remote.codec.w3c.W3CHttpResponseCodec.decode(W3CHttpResponseCodec.java:53)
	at org.openqa.selenium.remote.HttpCommandExecutor.execute(HttpCommandExecutor.java:161)
	at org.openqa.selenium.remote.service.DriverCommandExecutor.execute(DriverCommandExecutor.java:83)
	at org.openqa.selenium.remote.RemoteWebDriver.execute(RemoteWebDriver.java:582)
	at org.openqa.selenium.remote.RemoteWebDriver.findElement(RemoteWebDriver.java:333)
	at org.openqa.selenium.remote.RemoteWebDriver.findElementByXPath(RemoteWebDriver.java:451)
	at org.openqa.selenium.By$ByXPath.findElement(By.java:394)
	at org.openqa.selenium.remote.RemoteWebDriver.findElement(RemoteWebDriver.java:325)
	at org.openqa.selenium.support.pagefactory.DefaultElementLocator.findElement(DefaultElementLocator.java:70)
	at org.openqa.selenium.support.pagefactory.internal.LocatingElementHandler.invoke(LocatingElementHandler.java:39)
	at com.sun.proxy.$Proxy13.isDisplayed(Unknown Source)
	at org.openqa.selenium.support.ui.ExpectedConditions.elementIfVisible(ExpectedConditions.java:314)
	at org.openqa.selenium.support.ui.ExpectedConditions.access$000(ExpectedConditions.java:43)
	at org.openqa.selenium.support.ui.ExpectedConditions$10.apply(ExpectedConditions.java:300)
	at org.openqa.selenium.support.ui.ExpectedConditions$10.apply(ExpectedConditions.java:297)
	at org.openqa.selenium.support.ui.ExpectedConditions$23.apply(ExpectedConditions.java:670)
	at org.openqa.selenium.support.ui.ExpectedConditions$23.apply(ExpectedConditions.java:666)
	at org.openqa.selenium.support.ui.FluentWait.until(FluentWait.java:211)
	at Com.Techno.Qa.Pages.HomePage.Subjects(HomePage.java:116)
	at technoTutorsQaTests.SubjectAreaTest.setup(SubjectAreaTest.java:28)
	at java.util.ArrayList.forEach(ArrayList.java:1257)
... Removed 45 stack frames
</div> <!-- stack-trace -->
                </div> <!-- method-content -->
              </div> <!-- method -->
              <div class="method">
                <div class="method-content">
                  <a name="learnerandacadamicfrench">
                  </a> <!-- learnerandacadamicfrench -->
                  <span class="method-name">learnerandacadamicfrench</span>
                  <div class="stack-trace">org.openqa.selenium.WebDriverException: chrome not reachable
  (Session info: chrome=80.0.3987.149)
Build info: version: &apos;4.0.0-alpha-4&apos;, revision: &apos;c2d955b49e&apos;
System info: host: &apos;DESKTOP-C5HHGRT&apos;, ip: &apos;192.168.0.19&apos;, os.name: &apos;Windows 10&apos;, os.arch: &apos;amd64&apos;, os.version: &apos;10.0&apos;, java.version: &apos;1.8.0_241&apos;
Driver info: org.openqa.selenium.chrome.ChromeDriver
Capabilities {acceptInsecureCerts: false, browserName: chrome, browserVersion: 80.0.3987.149, chrome: {chromedriverVersion: 79.0.3945.36 (3582db32b3389..., userDataDir: C:\Users\Vijay\AppData\Loca...}, goog:chromeOptions: {debuggerAddress: localhost:49350}, javascriptEnabled: true, networkConnectionEnabled: false, pageLoadStrategy: normal, platform: WINDOWS, platformName: WINDOWS, proxy: Proxy(), setWindowRect: true, strictFileInteractability: false, timeouts: {implicit: 0, pageLoad: 300000, script: 30000}, unhandledPromptBehavior: dismiss and notify}
Session ID: 9a76d058cc7314520def74ed2a821c58
*** Element info: {Using=xpath, value=//ul[@id=&apos;menu-tt-menu-1&apos;]/li[4]/a}
	at org.openqa.selenium.remote.codec.w3c.W3CHttpResponseCodec.createException(W3CHttpResponseCodec.java:196)
	at org.openqa.selenium.remote.codec.w3c.W3CHttpResponseCodec.decode(W3CHttpResponseCodec.java:129)
	at org.openqa.selenium.remote.codec.w3c.W3CHttpResponseCodec.decode(W3CHttpResponseCodec.java:53)
	at org.openqa.selenium.remote.HttpCommandExecutor.execute(HttpCommandExecutor.java:161)
	at org.openqa.selenium.remote.service.DriverCommandExecutor.execute(DriverCommandExecutor.java:83)
	at org.openqa.selenium.remote.RemoteWebDriver.execute(RemoteWebDriver.java:582)
	at org.openqa.selenium.remote.RemoteWebDriver.findElement(RemoteWebDriver.java:333)
	at org.openqa.selenium.remote.RemoteWebDriver.findElementByXPath(RemoteWebDriver.java:451)
	at org.openqa.selenium.By$ByXPath.findElement(By.java:394)
	at org.openqa.selenium.remote.RemoteWebDriver.findElement(RemoteWebDriver.java:325)
	at org.openqa.selenium.support.pagefactory.DefaultElementLocator.findElement(DefaultElementLocator.java:70)
	at org.openqa.selenium.support.pagefactory.internal.LocatingElementHandler.invoke(LocatingElementHandler.java:39)
	at com.sun.proxy.$Proxy13.isDisplayed(Unknown Source)
	at org.openqa.selenium.support.ui.ExpectedConditions.elementIfVisible(ExpectedConditions.java:314)
	at org.openqa.selenium.support.ui.ExpectedConditions.access$000(ExpectedConditions.java:43)
	at org.openqa.selenium.support.ui.ExpectedConditions$10.apply(ExpectedConditions.java:300)
	at org.openqa.selenium.support.ui.ExpectedConditions$10.apply(ExpectedConditions.java:297)
	at org.openqa.selenium.support.ui.ExpectedConditions$23.apply(ExpectedConditions.java:670)
	at org.openqa.selenium.support.ui.ExpectedConditions$23.apply(ExpectedConditions.java:666)
	at org.openqa.selenium.support.ui.FluentWait.until(FluentWait.java:211)
	at Com.Techno.Qa.Pages.HomePage.Subjects(HomePage.java:116)
	at technoTutorsQaTests.SubjectAreaTest.setup(SubjectAreaTest.java:28)
	at java.util.ArrayList.forEach(ArrayList.java:1257)
... Removed 45 stack frames
</div> <!-- stack-trace -->
                </div> <!-- method-content -->
              </div> <!-- method -->
              <div class="method">
                <div class="method-content">
                  <a name="learnerandacadamicmath">
                  </a> <!-- learnerandacadamicmath -->
                  <span class="method-name">learnerandacadamicmath</span>
                  <div class="stack-trace">org.openqa.selenium.WebDriverException: chrome not reachable
  (Session info: chrome=80.0.3987.149)
Build info: version: &apos;4.0.0-alpha-4&apos;, revision: &apos;c2d955b49e&apos;
System info: host: &apos;DESKTOP-C5HHGRT&apos;, ip: &apos;192.168.0.19&apos;, os.name: &apos;Windows 10&apos;, os.arch: &apos;amd64&apos;, os.version: &apos;10.0&apos;, java.version: &apos;1.8.0_241&apos;
Driver info: org.openqa.selenium.chrome.ChromeDriver
Capabilities {acceptInsecureCerts: false, browserName: chrome, browserVersion: 80.0.3987.149, chrome: {chromedriverVersion: 79.0.3945.36 (3582db32b3389..., userDataDir: C:\Users\Vijay\AppData\Loca...}, goog:chromeOptions: {debuggerAddress: localhost:49350}, javascriptEnabled: true, networkConnectionEnabled: false, pageLoadStrategy: normal, platform: WINDOWS, platformName: WINDOWS, proxy: Proxy(), setWindowRect: true, strictFileInteractability: false, timeouts: {implicit: 0, pageLoad: 300000, script: 30000}, unhandledPromptBehavior: dismiss and notify}
Session ID: 9a76d058cc7314520def74ed2a821c58
*** Element info: {Using=xpath, value=//ul[@id=&apos;menu-tt-menu-1&apos;]/li[4]/a}
	at org.openqa.selenium.remote.codec.w3c.W3CHttpResponseCodec.createException(W3CHttpResponseCodec.java:196)
	at org.openqa.selenium.remote.codec.w3c.W3CHttpResponseCodec.decode(W3CHttpResponseCodec.java:129)
	at org.openqa.selenium.remote.codec.w3c.W3CHttpResponseCodec.decode(W3CHttpResponseCodec.java:53)
	at org.openqa.selenium.remote.HttpCommandExecutor.execute(HttpCommandExecutor.java:161)
	at org.openqa.selenium.remote.service.DriverCommandExecutor.execute(DriverCommandExecutor.java:83)
	at org.openqa.selenium.remote.RemoteWebDriver.execute(RemoteWebDriver.java:582)
	at org.openqa.selenium.remote.RemoteWebDriver.findElement(RemoteWebDriver.java:333)
	at org.openqa.selenium.remote.RemoteWebDriver.findElementByXPath(RemoteWebDriver.java:451)
	at org.openqa.selenium.By$ByXPath.findElement(By.java:394)
	at org.openqa.selenium.remote.RemoteWebDriver.findElement(RemoteWebDriver.java:325)
	at org.openqa.selenium.support.pagefactory.DefaultElementLocator.findElement(DefaultElementLocator.java:70)
	at org.openqa.selenium.support.pagefactory.internal.LocatingElementHandler.invoke(LocatingElementHandler.java:39)
	at com.sun.proxy.$Proxy13.isDisplayed(Unknown Source)
	at org.openqa.selenium.support.ui.ExpectedConditions.elementIfVisible(ExpectedConditions.java:314)
	at org.openqa.selenium.support.ui.ExpectedConditions.access$000(ExpectedConditions.java:43)
	at org.openqa.selenium.support.ui.ExpectedConditions$10.apply(ExpectedConditions.java:300)
	at org.openqa.selenium.support.ui.ExpectedConditions$10.apply(ExpectedConditions.java:297)
	at org.openqa.selenium.support.ui.ExpectedConditions$23.apply(ExpectedConditions.java:670)
	at org.openqa.selenium.support.ui.ExpectedConditions$23.apply(ExpectedConditions.java:666)
	at org.openqa.selenium.support.ui.FluentWait.until(FluentWait.java:211)
	at Com.Techno.Qa.Pages.HomePage.Subjects(HomePage.java:116)
	at technoTutorsQaTests.SubjectAreaTest.setup(SubjectAreaTest.java:28)
	at java.util.ArrayList.forEach(ArrayList.java:1257)
... Removed 45 stack frames
</div> <!-- stack-trace -->
                </div> <!-- method-content -->
              </div> <!-- method -->
              <div class="method">
                <div class="method-content">
                  <a name="titlecheck">
                  </a> <!-- titlecheck -->
                  <span class="method-name">titlecheck</span>
                  <div class="stack-trace">org.openqa.selenium.WebDriverException: chrome not reachable
  (Session info: chrome=80.0.3987.149)
Build info: version: &apos;4.0.0-alpha-4&apos;, revision: &apos;c2d955b49e&apos;
System info: host: &apos;DESKTOP-C5HHGRT&apos;, ip: &apos;192.168.0.19&apos;, os.name: &apos;Windows 10&apos;, os.arch: &apos;amd64&apos;, os.version: &apos;10.0&apos;, java.version: &apos;1.8.0_241&apos;
Driver info: org.openqa.selenium.chrome.ChromeDriver
Capabilities {acceptInsecureCerts: false, browserName: chrome, browserVersion: 80.0.3987.149, chrome: {chromedriverVersion: 79.0.3945.36 (3582db32b3389..., userDataDir: C:\Users\Vijay\AppData\Loca...}, goog:chromeOptions: {debuggerAddress: localhost:49350}, javascriptEnabled: true, networkConnectionEnabled: false, pageLoadStrategy: normal, platform: WINDOWS, platformName: WINDOWS, proxy: Proxy(), setWindowRect: true, strictFileInteractability: false, timeouts: {implicit: 0, pageLoad: 300000, script: 30000}, unhandledPromptBehavior: dismiss and notify}
Session ID: 9a76d058cc7314520def74ed2a821c58
*** Element info: {Using=xpath, value=//ul[@id=&apos;menu-tt-menu-1&apos;]/li[4]/a}
	at org.openqa.selenium.remote.codec.w3c.W3CHttpResponseCodec.createException(W3CHttpResponseCodec.java:196)
	at org.openqa.selenium.remote.codec.w3c.W3CHttpResponseCodec.decode(W3CHttpResponseCodec.java:129)
	at org.openqa.selenium.remote.codec.w3c.W3CHttpResponseCodec.decode(W3CHttpResponseCodec.java:53)
	at org.openqa.selenium.remote.HttpCommandExecutor.execute(HttpCommandExecutor.java:161)
	at org.openqa.selenium.remote.service.DriverCommandExecutor.execute(DriverCommandExecutor.java:83)
	at org.openqa.selenium.remote.RemoteWebDriver.execute(RemoteWebDriver.java:582)
	at org.openqa.selenium.remote.RemoteWebDriver.findElement(RemoteWebDriver.java:333)
	at org.openqa.selenium.remote.RemoteWebDriver.findElementByXPath(RemoteWebDriver.java:451)
	at org.openqa.selenium.By$ByXPath.findElement(By.java:394)
	at org.openqa.selenium.remote.RemoteWebDriver.findElement(RemoteWebDriver.java:325)
	at org.openqa.selenium.support.pagefactory.DefaultElementLocator.findElement(DefaultElementLocator.java:70)
	at org.openqa.selenium.support.pagefactory.internal.LocatingElementHandler.invoke(LocatingElementHandler.java:39)
	at com.sun.proxy.$Proxy13.isDisplayed(Unknown Source)
	at org.openqa.selenium.support.ui.ExpectedConditions.elementIfVisible(ExpectedConditions.java:314)
	at org.openqa.selenium.support.ui.ExpectedConditions.access$000(ExpectedConditions.java:43)
	at org.openqa.selenium.support.ui.ExpectedConditions$10.apply(ExpectedConditions.java:300)
	at org.openqa.selenium.support.ui.ExpectedConditions$10.apply(ExpectedConditions.java:297)
	at org.openqa.selenium.support.ui.ExpectedConditions$23.apply(ExpectedConditions.java:670)
	at org.openqa.selenium.support.ui.ExpectedConditions$23.apply(ExpectedConditions.java:666)
	at org.openqa.selenium.support.ui.FluentWait.until(FluentWait.java:211)
	at Com.Techno.Qa.Pages.HomePage.Subjects(HomePage.java:116)
	at technoTutorsQaTests.SubjectAreaTest.setup(SubjectAreaTest.java:28)
	at java.util.ArrayList.forEach(ArrayList.java:1257)
... Removed 45 stack frames
</div> <!-- stack-trace -->
                </div> <!-- method-content -->
              </div> <!-- method -->
            </div> <!-- main-panel-content rounded-window-bottom -->
          </div> <!-- suite-Command_line_suite-class-skipped -->
          <div class="suite-Command_line_suite-class-skipped">
            <div class="main-panel-header rounded-window-top">
              <img src="skipped.png"/>
              <span class="class-name">technoTutorsQaTests.HomePageTest</span>
            </div> <!-- main-panel-header rounded-window-top -->
            <div class="main-panel-content rounded-window-bottom">
              <div class="method">
                <div class="method-content">
                  <a name="AboutusTest">
                  </a> <!-- AboutusTest -->
                  <span class="method-name">AboutusTest</span>
                  <div class="stack-trace">org.openqa.selenium.SessionNotCreatedException: session not created
from chrome not reachable
  (Session info: chrome=80.0.3987.149)
Build info: version: &apos;4.0.0-alpha-4&apos;, revision: &apos;c2d955b49e&apos;
System info: host: &apos;DESKTOP-C5HHGRT&apos;, ip: &apos;192.168.0.19&apos;, os.name: &apos;Windows 10&apos;, os.arch: &apos;amd64&apos;, os.version: &apos;10.0&apos;, java.version: &apos;1.8.0_241&apos;
Driver info: driver.version: ChromeDriver
remote stacktrace: Backtrace:
	Ordinal0 [0x006EA113+1548563]
	Ordinal0 [0x0066DDA1+1039777]
	Ordinal0 [0x005EE32E+516910]
	Ordinal0 [0x005E8012+491538]
	Ordinal0 [0x005E86EB+493291]
	Ordinal0 [0x005E9855+497749]
	Ordinal0 [0x005E5885+481413]
	Ordinal0 [0x005EF0D0+520400]
	Ordinal0 [0x0059C030+180272]
	Ordinal0 [0x0059B59D+177565]
	Ordinal0 [0x005995FB+169467]
	Ordinal0 [0x0058160A+71178]
	Ordinal0 [0x00582690+75408]
	Ordinal0 [0x00582629+75305]
	Ordinal0 [0x006871B7+1143223]
	GetHandleVerifier [0x00782B46+507814]
	GetHandleVerifier [0x00782864+507076]
	GetHandleVerifier [0x00789F47+537511]
	GetHandleVerifier [0x00783402+510050]
	Ordinal0 [0x0067F29C+1110684]
	Ordinal0 [0x0068938B+1151883]
	Ordinal0 [0x006894F3+1152243]
	Ordinal0 [0x006883F5+1147893]
	BaseThreadInitThunk [0x769F6359+25]
	RtlGetAppContainerNamedObjectPath [0x771B7B74+228]
	RtlGetAppContainerNamedObjectPath [0x771B7B44+180]

	at org.openqa.selenium.remote.W3CHandshakeResponse.lambda$errorHandler$0(W3CHandshakeResponse.java:62)
	at org.openqa.selenium.remote.HandshakeResponse.lambda$getResponseFunction$0(HandshakeResponse.java:30)
	at org.openqa.selenium.remote.ProtocolHandshake.lambda$createSession$1(ProtocolHandshake.java:126)
	at java.util.stream.ReferencePipeline$3$1.accept(ReferencePipeline.java:193)
	at java.util.Spliterators$ArraySpliterator.tryAdvance(Spliterators.java:958)
	at java.util.stream.ReferencePipeline.forEachWithCancel(ReferencePipeline.java:126)
	at java.util.stream.AbstractPipeline.copyIntoWithCancel(AbstractPipeline.java:499)
	at java.util.stream.AbstractPipeline.copyInto(AbstractPipeline.java:486)
	at java.util.stream.AbstractPipeline.wrapAndCopyInto(AbstractPipeline.java:472)
	at java.util.stream.FindOps$FindOp.evaluateSequential(FindOps.java:152)
	at java.util.stream.AbstractPipeline.evaluate(AbstractPipeline.java:234)
	at java.util.stream.ReferencePipeline.findFirst(ReferencePipeline.java:464)
	at org.openqa.selenium.remote.ProtocolHandshake.createSession(ProtocolHandshake.java:128)
	at org.openqa.selenium.remote.ProtocolHandshake.createSession(ProtocolHandshake.java:75)
	at org.openqa.selenium.remote.HttpCommandExecutor.execute(HttpCommandExecutor.java:139)
	at org.openqa.selenium.remote.service.DriverCommandExecutor.execute(DriverCommandExecutor.java:83)
	at org.openqa.selenium.remote.RemoteWebDriver.execute(RemoteWebDriver.java:582)
	at org.openqa.selenium.remote.RemoteWebDriver.startSession(RemoteWebDriver.java:216)
	at org.openqa.selenium.remote.RemoteWebDriver.&lt;init&gt;(RemoteWebDriver.java:136)
	at org.openqa.selenium.chromium.ChromiumDriver.&lt;init&gt;(ChromiumDriver.java:75)
	at org.openqa.selenium.chrome.ChromeDriver.&lt;init&gt;(ChromeDriver.java:163)
	at org.openqa.selenium.chrome.ChromeDriver.&lt;init&gt;(ChromeDriver.java:150)
	at org.openqa.selenium.chrome.ChromeDriver.&lt;init&gt;(ChromeDriver.java:105)
	at Com.Techno.Qa.Base.TechnoBase.initialization(TechnoBase.java:37)
	at technoTutorsQaTests.HomePageTest.setup(HomePageTest.java:31)
	at java.util.ArrayList.forEach(ArrayList.java:1257)
... Removed 45 stack frames
</div> <!-- stack-trace -->
                </div> <!-- method-content -->
              </div> <!-- method -->
              <div class="method">
                <div class="method-content">
                  <a name="Subjects">
                  </a> <!-- Subjects -->
                  <span class="method-name">Subjects</span>
                  <div class="stack-trace">org.openqa.selenium.SessionNotCreatedException: session not created
from chrome not reachable
  (Session info: chrome=80.0.3987.149)
Build info: version: &apos;4.0.0-alpha-4&apos;, revision: &apos;c2d955b49e&apos;
System info: host: &apos;DESKTOP-C5HHGRT&apos;, ip: &apos;192.168.0.19&apos;, os.name: &apos;Windows 10&apos;, os.arch: &apos;amd64&apos;, os.version: &apos;10.0&apos;, java.version: &apos;1.8.0_241&apos;
Driver info: driver.version: ChromeDriver
remote stacktrace: Backtrace:
	Ordinal0 [0x006EA113+1548563]
	Ordinal0 [0x0066DDA1+1039777]
	Ordinal0 [0x005EE32E+516910]
	Ordinal0 [0x005E8012+491538]
	Ordinal0 [0x005E86EB+493291]
	Ordinal0 [0x005E9855+497749]
	Ordinal0 [0x005E5885+481413]
	Ordinal0 [0x005EF0D0+520400]
	Ordinal0 [0x0059C030+180272]
	Ordinal0 [0x0059B59D+177565]
	Ordinal0 [0x005995FB+169467]
	Ordinal0 [0x0058160A+71178]
	Ordinal0 [0x00582690+75408]
	Ordinal0 [0x00582629+75305]
	Ordinal0 [0x006871B7+1143223]
	GetHandleVerifier [0x00782B46+507814]
	GetHandleVerifier [0x00782864+507076]
	GetHandleVerifier [0x00789F47+537511]
	GetHandleVerifier [0x00783402+510050]
	Ordinal0 [0x0067F29C+1110684]
	Ordinal0 [0x0068938B+1151883]
	Ordinal0 [0x006894F3+1152243]
	Ordinal0 [0x006883F5+1147893]
	BaseThreadInitThunk [0x769F6359+25]
	RtlGetAppContainerNamedObjectPath [0x771B7B74+228]
	RtlGetAppContainerNamedObjectPath [0x771B7B44+180]

	at org.openqa.selenium.remote.W3CHandshakeResponse.lambda$errorHandler$0(W3CHandshakeResponse.java:62)
	at org.openqa.selenium.remote.HandshakeResponse.lambda$getResponseFunction$0(HandshakeResponse.java:30)
	at org.openqa.selenium.remote.ProtocolHandshake.lambda$createSession$1(ProtocolHandshake.java:126)
	at java.util.stream.ReferencePipeline$3$1.accept(ReferencePipeline.java:193)
	at java.util.Spliterators$ArraySpliterator.tryAdvance(Spliterators.java:958)
	at java.util.stream.ReferencePipeline.forEachWithCancel(ReferencePipeline.java:126)
	at java.util.stream.AbstractPipeline.copyIntoWithCancel(AbstractPipeline.java:499)
	at java.util.stream.AbstractPipeline.copyInto(AbstractPipeline.java:486)
	at java.util.stream.AbstractPipeline.wrapAndCopyInto(AbstractPipeline.java:472)
	at java.util.stream.FindOps$FindOp.evaluateSequential(FindOps.java:152)
	at java.util.stream.AbstractPipeline.evaluate(AbstractPipeline.java:234)
	at java.util.stream.ReferencePipeline.findFirst(ReferencePipeline.java:464)
	at org.openqa.selenium.remote.ProtocolHandshake.createSession(ProtocolHandshake.java:128)
	at org.openqa.selenium.remote.ProtocolHandshake.createSession(ProtocolHandshake.java:75)
	at org.openqa.selenium.remote.HttpCommandExecutor.execute(HttpCommandExecutor.java:139)
	at org.openqa.selenium.remote.service.DriverCommandExecutor.execute(DriverCommandExecutor.java:83)
	at org.openqa.selenium.remote.RemoteWebDriver.execute(RemoteWebDriver.java:582)
	at org.openqa.selenium.remote.RemoteWebDriver.startSession(RemoteWebDriver.java:216)
	at org.openqa.selenium.remote.RemoteWebDriver.&lt;init&gt;(RemoteWebDriver.java:136)
	at org.openqa.selenium.chromium.ChromiumDriver.&lt;init&gt;(ChromiumDriver.java:75)
	at org.openqa.selenium.chrome.ChromeDriver.&lt;init&gt;(ChromeDriver.java:163)
	at org.openqa.selenium.chrome.ChromeDriver.&lt;init&gt;(ChromeDriver.java:150)
	at org.openqa.selenium.chrome.ChromeDriver.&lt;init&gt;(ChromeDriver.java:105)
	at Com.Techno.Qa.Base.TechnoBase.initialization(TechnoBase.java:37)
	at technoTutorsQaTests.HomePageTest.setup(HomePageTest.java:31)
	at java.util.ArrayList.forEach(ArrayList.java:1257)
... Removed 45 stack frames
</div> <!-- stack-trace -->
                </div> <!-- method-content -->
              </div> <!-- method -->
              <div class="method">
                <div class="method-content">
                  <a name="logotest">
                  </a> <!-- logotest -->
                  <span class="method-name">logotest</span>
                  <div class="stack-trace">org.openqa.selenium.SessionNotCreatedException: session not created
from chrome not reachable
  (Session info: chrome=80.0.3987.149)
Build info: version: &apos;4.0.0-alpha-4&apos;, revision: &apos;c2d955b49e&apos;
System info: host: &apos;DESKTOP-C5HHGRT&apos;, ip: &apos;192.168.0.19&apos;, os.name: &apos;Windows 10&apos;, os.arch: &apos;amd64&apos;, os.version: &apos;10.0&apos;, java.version: &apos;1.8.0_241&apos;
Driver info: driver.version: ChromeDriver
remote stacktrace: Backtrace:
	Ordinal0 [0x006EA113+1548563]
	Ordinal0 [0x0066DDA1+1039777]
	Ordinal0 [0x005EE32E+516910]
	Ordinal0 [0x005E8012+491538]
	Ordinal0 [0x005E86EB+493291]
	Ordinal0 [0x005E9855+497749]
	Ordinal0 [0x005E5885+481413]
	Ordinal0 [0x005EF0D0+520400]
	Ordinal0 [0x0059C030+180272]
	Ordinal0 [0x0059B59D+177565]
	Ordinal0 [0x005995FB+169467]
	Ordinal0 [0x0058160A+71178]
	Ordinal0 [0x00582690+75408]
	Ordinal0 [0x00582629+75305]
	Ordinal0 [0x006871B7+1143223]
	GetHandleVerifier [0x00782B46+507814]
	GetHandleVerifier [0x00782864+507076]
	GetHandleVerifier [0x00789F47+537511]
	GetHandleVerifier [0x00783402+510050]
	Ordinal0 [0x0067F29C+1110684]
	Ordinal0 [0x0068938B+1151883]
	Ordinal0 [0x006894F3+1152243]
	Ordinal0 [0x006883F5+1147893]
	BaseThreadInitThunk [0x769F6359+25]
	RtlGetAppContainerNamedObjectPath [0x771B7B74+228]
	RtlGetAppContainerNamedObjectPath [0x771B7B44+180]

	at org.openqa.selenium.remote.W3CHandshakeResponse.lambda$errorHandler$0(W3CHandshakeResponse.java:62)
	at org.openqa.selenium.remote.HandshakeResponse.lambda$getResponseFunction$0(HandshakeResponse.java:30)
	at org.openqa.selenium.remote.ProtocolHandshake.lambda$createSession$1(ProtocolHandshake.java:126)
	at java.util.stream.ReferencePipeline$3$1.accept(ReferencePipeline.java:193)
	at java.util.Spliterators$ArraySpliterator.tryAdvance(Spliterators.java:958)
	at java.util.stream.ReferencePipeline.forEachWithCancel(ReferencePipeline.java:126)
	at java.util.stream.AbstractPipeline.copyIntoWithCancel(AbstractPipeline.java:499)
	at java.util.stream.AbstractPipeline.copyInto(AbstractPipeline.java:486)
	at java.util.stream.AbstractPipeline.wrapAndCopyInto(AbstractPipeline.java:472)
	at java.util.stream.FindOps$FindOp.evaluateSequential(FindOps.java:152)
	at java.util.stream.AbstractPipeline.evaluate(AbstractPipeline.java:234)
	at java.util.stream.ReferencePipeline.findFirst(ReferencePipeline.java:464)
	at org.openqa.selenium.remote.ProtocolHandshake.createSession(ProtocolHandshake.java:128)
	at org.openqa.selenium.remote.ProtocolHandshake.createSession(ProtocolHandshake.java:75)
	at org.openqa.selenium.remote.HttpCommandExecutor.execute(HttpCommandExecutor.java:139)
	at org.openqa.selenium.remote.service.DriverCommandExecutor.execute(DriverCommandExecutor.java:83)
	at org.openqa.selenium.remote.RemoteWebDriver.execute(RemoteWebDriver.java:582)
	at org.openqa.selenium.remote.RemoteWebDriver.startSession(RemoteWebDriver.java:216)
	at org.openqa.selenium.remote.RemoteWebDriver.&lt;init&gt;(RemoteWebDriver.java:136)
	at org.openqa.selenium.chromium.ChromiumDriver.&lt;init&gt;(ChromiumDriver.java:75)
	at org.openqa.selenium.chrome.ChromeDriver.&lt;init&gt;(ChromeDriver.java:163)
	at org.openqa.selenium.chrome.ChromeDriver.&lt;init&gt;(ChromeDriver.java:150)
	at org.openqa.selenium.chrome.ChromeDriver.&lt;init&gt;(ChromeDriver.java:105)
	at Com.Techno.Qa.Base.TechnoBase.initialization(TechnoBase.java:37)
	at technoTutorsQaTests.HomePageTest.setup(HomePageTest.java:31)
	at java.util.ArrayList.forEach(ArrayList.java:1257)
... Removed 45 stack frames
</div> <!-- stack-trace -->
                </div> <!-- method-content -->
              </div> <!-- method -->
              <div class="method">
                <div class="method-content">
                  <a name="moreenglish">
                  </a> <!-- moreenglish -->
                  <span class="method-name">moreenglish</span>
                  <div class="stack-trace">org.openqa.selenium.SessionNotCreatedException: session not created
from chrome not reachable
  (Session info: chrome=80.0.3987.149)
Build info: version: &apos;4.0.0-alpha-4&apos;, revision: &apos;c2d955b49e&apos;
System info: host: &apos;DESKTOP-C5HHGRT&apos;, ip: &apos;192.168.0.19&apos;, os.name: &apos;Windows 10&apos;, os.arch: &apos;amd64&apos;, os.version: &apos;10.0&apos;, java.version: &apos;1.8.0_241&apos;
Driver info: driver.version: ChromeDriver
remote stacktrace: Backtrace:
	Ordinal0 [0x006EA113+1548563]
	Ordinal0 [0x0066DDA1+1039777]
	Ordinal0 [0x005EE32E+516910]
	Ordinal0 [0x005E8012+491538]
	Ordinal0 [0x005E86EB+493291]
	Ordinal0 [0x005E9855+497749]
	Ordinal0 [0x005E5885+481413]
	Ordinal0 [0x005EF0D0+520400]
	Ordinal0 [0x0059C030+180272]
	Ordinal0 [0x0059B59D+177565]
	Ordinal0 [0x005995FB+169467]
	Ordinal0 [0x0058160A+71178]
	Ordinal0 [0x00582690+75408]
	Ordinal0 [0x00582629+75305]
	Ordinal0 [0x006871B7+1143223]
	GetHandleVerifier [0x00782B46+507814]
	GetHandleVerifier [0x00782864+507076]
	GetHandleVerifier [0x00789F47+537511]
	GetHandleVerifier [0x00783402+510050]
	Ordinal0 [0x0067F29C+1110684]
	Ordinal0 [0x0068938B+1151883]
	Ordinal0 [0x006894F3+1152243]
	Ordinal0 [0x006883F5+1147893]
	BaseThreadInitThunk [0x769F6359+25]
	RtlGetAppContainerNamedObjectPath [0x771B7B74+228]
	RtlGetAppContainerNamedObjectPath [0x771B7B44+180]

	at org.openqa.selenium.remote.W3CHandshakeResponse.lambda$errorHandler$0(W3CHandshakeResponse.java:62)
	at org.openqa.selenium.remote.HandshakeResponse.lambda$getResponseFunction$0(HandshakeResponse.java:30)
	at org.openqa.selenium.remote.ProtocolHandshake.lambda$createSession$1(ProtocolHandshake.java:126)
	at java.util.stream.ReferencePipeline$3$1.accept(ReferencePipeline.java:193)
	at java.util.Spliterators$ArraySpliterator.tryAdvance(Spliterators.java:958)
	at java.util.stream.ReferencePipeline.forEachWithCancel(ReferencePipeline.java:126)
	at java.util.stream.AbstractPipeline.copyIntoWithCancel(AbstractPipeline.java:499)
	at java.util.stream.AbstractPipeline.copyInto(AbstractPipeline.java:486)
	at java.util.stream.AbstractPipeline.wrapAndCopyInto(AbstractPipeline.java:472)
	at java.util.stream.FindOps$FindOp.evaluateSequential(FindOps.java:152)
	at java.util.stream.AbstractPipeline.evaluate(AbstractPipeline.java:234)
	at java.util.stream.ReferencePipeline.findFirst(ReferencePipeline.java:464)
	at org.openqa.selenium.remote.ProtocolHandshake.createSession(ProtocolHandshake.java:128)
	at org.openqa.selenium.remote.ProtocolHandshake.createSession(ProtocolHandshake.java:75)
	at org.openqa.selenium.remote.HttpCommandExecutor.execute(HttpCommandExecutor.java:139)
	at org.openqa.selenium.remote.service.DriverCommandExecutor.execute(DriverCommandExecutor.java:83)
	at org.openqa.selenium.remote.RemoteWebDriver.execute(RemoteWebDriver.java:582)
	at org.openqa.selenium.remote.RemoteWebDriver.startSession(RemoteWebDriver.java:216)
	at org.openqa.selenium.remote.RemoteWebDriver.&lt;init&gt;(RemoteWebDriver.java:136)
	at org.openqa.selenium.chromium.ChromiumDriver.&lt;init&gt;(ChromiumDriver.java:75)
	at org.openqa.selenium.chrome.ChromeDriver.&lt;init&gt;(ChromeDriver.java:163)
	at org.openqa.selenium.chrome.ChromeDriver.&lt;init&gt;(ChromeDriver.java:150)
	at org.openqa.selenium.chrome.ChromeDriver.&lt;init&gt;(ChromeDriver.java:105)
	at Com.Techno.Qa.Base.TechnoBase.initialization(TechnoBase.java:37)
	at technoTutorsQaTests.HomePageTest.setup(HomePageTest.java:31)
	at java.util.ArrayList.forEach(ArrayList.java:1257)
... Removed 45 stack frames
</div> <!-- stack-trace -->
                </div> <!-- method-content -->
              </div> <!-- method -->
              <div class="method">
                <div class="method-content">
                  <a name="morefrench">
                  </a> <!-- morefrench -->
                  <span class="method-name">morefrench</span>
                  <div class="stack-trace">org.openqa.selenium.SessionNotCreatedException: session not created
from chrome not reachable
  (Session info: chrome=80.0.3987.149)
Build info: version: &apos;4.0.0-alpha-4&apos;, revision: &apos;c2d955b49e&apos;
System info: host: &apos;DESKTOP-C5HHGRT&apos;, ip: &apos;192.168.0.19&apos;, os.name: &apos;Windows 10&apos;, os.arch: &apos;amd64&apos;, os.version: &apos;10.0&apos;, java.version: &apos;1.8.0_241&apos;
Driver info: driver.version: ChromeDriver
remote stacktrace: Backtrace:
	Ordinal0 [0x006EA113+1548563]
	Ordinal0 [0x0066DDA1+1039777]
	Ordinal0 [0x005EE32E+516910]
	Ordinal0 [0x005E8012+491538]
	Ordinal0 [0x005E86EB+493291]
	Ordinal0 [0x005E9855+497749]
	Ordinal0 [0x005E5885+481413]
	Ordinal0 [0x005EF0D0+520400]
	Ordinal0 [0x0059C030+180272]
	Ordinal0 [0x0059B59D+177565]
	Ordinal0 [0x005995FB+169467]
	Ordinal0 [0x0058160A+71178]
	Ordinal0 [0x00582690+75408]
	Ordinal0 [0x00582629+75305]
	Ordinal0 [0x006871B7+1143223]
	GetHandleVerifier [0x00782B46+507814]
	GetHandleVerifier [0x00782864+507076]
	GetHandleVerifier [0x00789F47+537511]
	GetHandleVerifier [0x00783402+510050]
	Ordinal0 [0x0067F29C+1110684]
	Ordinal0 [0x0068938B+1151883]
	Ordinal0 [0x006894F3+1152243]
	Ordinal0 [0x006883F5+1147893]
	BaseThreadInitThunk [0x769F6359+25]
	RtlGetAppContainerNamedObjectPath [0x771B7B74+228]
	RtlGetAppContainerNamedObjectPath [0x771B7B44+180]

	at org.openqa.selenium.remote.W3CHandshakeResponse.lambda$errorHandler$0(W3CHandshakeResponse.java:62)
	at org.openqa.selenium.remote.HandshakeResponse.lambda$getResponseFunction$0(HandshakeResponse.java:30)
	at org.openqa.selenium.remote.ProtocolHandshake.lambda$createSession$1(ProtocolHandshake.java:126)
	at java.util.stream.ReferencePipeline$3$1.accept(ReferencePipeline.java:193)
	at java.util.Spliterators$ArraySpliterator.tryAdvance(Spliterators.java:958)
	at java.util.stream.ReferencePipeline.forEachWithCancel(ReferencePipeline.java:126)
	at java.util.stream.AbstractPipeline.copyIntoWithCancel(AbstractPipeline.java:499)
	at java.util.stream.AbstractPipeline.copyInto(AbstractPipeline.java:486)
	at java.util.stream.AbstractPipeline.wrapAndCopyInto(AbstractPipeline.java:472)
	at java.util.stream.FindOps$FindOp.evaluateSequential(FindOps.java:152)
	at java.util.stream.AbstractPipeline.evaluate(AbstractPipeline.java:234)
	at java.util.stream.ReferencePipeline.findFirst(ReferencePipeline.java:464)
	at org.openqa.selenium.remote.ProtocolHandshake.createSession(ProtocolHandshake.java:128)
	at org.openqa.selenium.remote.ProtocolHandshake.createSession(ProtocolHandshake.java:75)
	at org.openqa.selenium.remote.HttpCommandExecutor.execute(HttpCommandExecutor.java:139)
	at org.openqa.selenium.remote.service.DriverCommandExecutor.execute(DriverCommandExecutor.java:83)
	at org.openqa.selenium.remote.RemoteWebDriver.execute(RemoteWebDriver.java:582)
	at org.openqa.selenium.remote.RemoteWebDriver.startSession(RemoteWebDriver.java:216)
	at org.openqa.selenium.remote.RemoteWebDriver.&lt;init&gt;(RemoteWebDriver.java:136)
	at org.openqa.selenium.chromium.ChromiumDriver.&lt;init&gt;(ChromiumDriver.java:75)
	at org.openqa.selenium.chrome.ChromeDriver.&lt;init&gt;(ChromeDriver.java:163)
	at org.openqa.selenium.chrome.ChromeDriver.&lt;init&gt;(ChromeDriver.java:150)
	at org.openqa.selenium.chrome.ChromeDriver.&lt;init&gt;(ChromeDriver.java:105)
	at Com.Techno.Qa.Base.TechnoBase.initialization(TechnoBase.java:37)
	at technoTutorsQaTests.HomePageTest.setup(HomePageTest.java:31)
	at java.util.ArrayList.forEach(ArrayList.java:1257)
... Removed 45 stack frames
</div> <!-- stack-trace -->
                </div> <!-- method-content -->
              </div> <!-- method -->
              <div class="method">
                <div class="method-content">
                  <a name="moremaths">
                  </a> <!-- moremaths -->
                  <span class="method-name">moremaths</span>
                  <div class="stack-trace">org.openqa.selenium.SessionNotCreatedException: session not created
from chrome not reachable
  (Session info: chrome=80.0.3987.149)
Build info: version: &apos;4.0.0-alpha-4&apos;, revision: &apos;c2d955b49e&apos;
System info: host: &apos;DESKTOP-C5HHGRT&apos;, ip: &apos;192.168.0.19&apos;, os.name: &apos;Windows 10&apos;, os.arch: &apos;amd64&apos;, os.version: &apos;10.0&apos;, java.version: &apos;1.8.0_241&apos;
Driver info: driver.version: ChromeDriver
remote stacktrace: Backtrace:
	Ordinal0 [0x006EA113+1548563]
	Ordinal0 [0x0066DDA1+1039777]
	Ordinal0 [0x005EE32E+516910]
	Ordinal0 [0x005E8012+491538]
	Ordinal0 [0x005E86EB+493291]
	Ordinal0 [0x005E9855+497749]
	Ordinal0 [0x005E5885+481413]
	Ordinal0 [0x005EF0D0+520400]
	Ordinal0 [0x0059C030+180272]
	Ordinal0 [0x0059B59D+177565]
	Ordinal0 [0x005995FB+169467]
	Ordinal0 [0x0058160A+71178]
	Ordinal0 [0x00582690+75408]
	Ordinal0 [0x00582629+75305]
	Ordinal0 [0x006871B7+1143223]
	GetHandleVerifier [0x00782B46+507814]
	GetHandleVerifier [0x00782864+507076]
	GetHandleVerifier [0x00789F47+537511]
	GetHandleVerifier [0x00783402+510050]
	Ordinal0 [0x0067F29C+1110684]
	Ordinal0 [0x0068938B+1151883]
	Ordinal0 [0x006894F3+1152243]
	Ordinal0 [0x006883F5+1147893]
	BaseThreadInitThunk [0x769F6359+25]
	RtlGetAppContainerNamedObjectPath [0x771B7B74+228]
	RtlGetAppContainerNamedObjectPath [0x771B7B44+180]

	at org.openqa.selenium.remote.W3CHandshakeResponse.lambda$errorHandler$0(W3CHandshakeResponse.java:62)
	at org.openqa.selenium.remote.HandshakeResponse.lambda$getResponseFunction$0(HandshakeResponse.java:30)
	at org.openqa.selenium.remote.ProtocolHandshake.lambda$createSession$1(ProtocolHandshake.java:126)
	at java.util.stream.ReferencePipeline$3$1.accept(ReferencePipeline.java:193)
	at java.util.Spliterators$ArraySpliterator.tryAdvance(Spliterators.java:958)
	at java.util.stream.ReferencePipeline.forEachWithCancel(ReferencePipeline.java:126)
	at java.util.stream.AbstractPipeline.copyIntoWithCancel(AbstractPipeline.java:499)
	at java.util.stream.AbstractPipeline.copyInto(AbstractPipeline.java:486)
	at java.util.stream.AbstractPipeline.wrapAndCopyInto(AbstractPipeline.java:472)
	at java.util.stream.FindOps$FindOp.evaluateSequential(FindOps.java:152)
	at java.util.stream.AbstractPipeline.evaluate(AbstractPipeline.java:234)
	at java.util.stream.ReferencePipeline.findFirst(ReferencePipeline.java:464)
	at org.openqa.selenium.remote.ProtocolHandshake.createSession(ProtocolHandshake.java:128)
	at org.openqa.selenium.remote.ProtocolHandshake.createSession(ProtocolHandshake.java:75)
	at org.openqa.selenium.remote.HttpCommandExecutor.execute(HttpCommandExecutor.java:139)
	at org.openqa.selenium.remote.service.DriverCommandExecutor.execute(DriverCommandExecutor.java:83)
	at org.openqa.selenium.remote.RemoteWebDriver.execute(RemoteWebDriver.java:582)
	at org.openqa.selenium.remote.RemoteWebDriver.startSession(RemoteWebDriver.java:216)
	at org.openqa.selenium.remote.RemoteWebDriver.&lt;init&gt;(RemoteWebDriver.java:136)
	at org.openqa.selenium.chromium.ChromiumDriver.&lt;init&gt;(ChromiumDriver.java:75)
	at org.openqa.selenium.chrome.ChromeDriver.&lt;init&gt;(ChromeDriver.java:163)
	at org.openqa.selenium.chrome.ChromeDriver.&lt;init&gt;(ChromeDriver.java:150)
	at org.openqa.selenium.chrome.ChromeDriver.&lt;init&gt;(ChromeDriver.java:105)
	at Com.Techno.Qa.Base.TechnoBase.initialization(TechnoBase.java:37)
	at technoTutorsQaTests.HomePageTest.setup(HomePageTest.java:31)
	at java.util.ArrayList.forEach(ArrayList.java:1257)
... Removed 45 stack frames
</div> <!-- stack-trace -->
                </div> <!-- method-content -->
              </div> <!-- method -->
              <div class="method">
                <div class="method-content">
                  <a name="titletest">
                  </a> <!-- titletest -->
                  <span class="method-name">titletest</span>
                  <div class="stack-trace">org.openqa.selenium.SessionNotCreatedException: session not created
from chrome not reachable
  (Session info: chrome=80.0.3987.149)
Build info: version: &apos;4.0.0-alpha-4&apos;, revision: &apos;c2d955b49e&apos;
System info: host: &apos;DESKTOP-C5HHGRT&apos;, ip: &apos;192.168.0.19&apos;, os.name: &apos;Windows 10&apos;, os.arch: &apos;amd64&apos;, os.version: &apos;10.0&apos;, java.version: &apos;1.8.0_241&apos;
Driver info: driver.version: ChromeDriver
remote stacktrace: Backtrace:
	Ordinal0 [0x006EA113+1548563]
	Ordinal0 [0x0066DDA1+1039777]
	Ordinal0 [0x005EE32E+516910]
	Ordinal0 [0x005E8012+491538]
	Ordinal0 [0x005E86EB+493291]
	Ordinal0 [0x005E9855+497749]
	Ordinal0 [0x005E5885+481413]
	Ordinal0 [0x005EF0D0+520400]
	Ordinal0 [0x0059C030+180272]
	Ordinal0 [0x0059B59D+177565]
	Ordinal0 [0x005995FB+169467]
	Ordinal0 [0x0058160A+71178]
	Ordinal0 [0x00582690+75408]
	Ordinal0 [0x00582629+75305]
	Ordinal0 [0x006871B7+1143223]
	GetHandleVerifier [0x00782B46+507814]
	GetHandleVerifier [0x00782864+507076]
	GetHandleVerifier [0x00789F47+537511]
	GetHandleVerifier [0x00783402+510050]
	Ordinal0 [0x0067F29C+1110684]
	Ordinal0 [0x0068938B+1151883]
	Ordinal0 [0x006894F3+1152243]
	Ordinal0 [0x006883F5+1147893]
	BaseThreadInitThunk [0x769F6359+25]
	RtlGetAppContainerNamedObjectPath [0x771B7B74+228]
	RtlGetAppContainerNamedObjectPath [0x771B7B44+180]

	at org.openqa.selenium.remote.W3CHandshakeResponse.lambda$errorHandler$0(W3CHandshakeResponse.java:62)
	at org.openqa.selenium.remote.HandshakeResponse.lambda$getResponseFunction$0(HandshakeResponse.java:30)
	at org.openqa.selenium.remote.ProtocolHandshake.lambda$createSession$1(ProtocolHandshake.java:126)
	at java.util.stream.ReferencePipeline$3$1.accept(ReferencePipeline.java:193)
	at java.util.Spliterators$ArraySpliterator.tryAdvance(Spliterators.java:958)
	at java.util.stream.ReferencePipeline.forEachWithCancel(ReferencePipeline.java:126)
	at java.util.stream.AbstractPipeline.copyIntoWithCancel(AbstractPipeline.java:499)
	at java.util.stream.AbstractPipeline.copyInto(AbstractPipeline.java:486)
	at java.util.stream.AbstractPipeline.wrapAndCopyInto(AbstractPipeline.java:472)
	at java.util.stream.FindOps$FindOp.evaluateSequential(FindOps.java:152)
	at java.util.stream.AbstractPipeline.evaluate(AbstractPipeline.java:234)
	at java.util.stream.ReferencePipeline.findFirst(ReferencePipeline.java:464)
	at org.openqa.selenium.remote.ProtocolHandshake.createSession(ProtocolHandshake.java:128)
	at org.openqa.selenium.remote.ProtocolHandshake.createSession(ProtocolHandshake.java:75)
	at org.openqa.selenium.remote.HttpCommandExecutor.execute(HttpCommandExecutor.java:139)
	at org.openqa.selenium.remote.service.DriverCommandExecutor.execute(DriverCommandExecutor.java:83)
	at org.openqa.selenium.remote.RemoteWebDriver.execute(RemoteWebDriver.java:582)
	at org.openqa.selenium.remote.RemoteWebDriver.startSession(RemoteWebDriver.java:216)
	at org.openqa.selenium.remote.RemoteWebDriver.&lt;init&gt;(RemoteWebDriver.java:136)
	at org.openqa.selenium.chromium.ChromiumDriver.&lt;init&gt;(ChromiumDriver.java:75)
	at org.openqa.selenium.chrome.ChromeDriver.&lt;init&gt;(ChromeDriver.java:163)
	at org.openqa.selenium.chrome.ChromeDriver.&lt;init&gt;(ChromeDriver.java:150)
	at org.openqa.selenium.chrome.ChromeDriver.&lt;init&gt;(ChromeDriver.java:105)
	at Com.Techno.Qa.Base.TechnoBase.initialization(TechnoBase.java:37)
	at technoTutorsQaTests.HomePageTest.setup(HomePageTest.java:31)
	at java.util.ArrayList.forEach(ArrayList.java:1257)
... Removed 45 stack frames
</div> <!-- stack-trace -->
                </div> <!-- method-content -->
              </div> <!-- method -->
              <div class="method">
                <div class="method-content">
                  <a name="tutor">
                  </a> <!-- tutor -->
                  <span class="method-name">tutor</span>
                  <div class="stack-trace">org.openqa.selenium.SessionNotCreatedException: session not created
from chrome not reachable
  (Session info: chrome=80.0.3987.149)
Build info: version: &apos;4.0.0-alpha-4&apos;, revision: &apos;c2d955b49e&apos;
System info: host: &apos;DESKTOP-C5HHGRT&apos;, ip: &apos;192.168.0.19&apos;, os.name: &apos;Windows 10&apos;, os.arch: &apos;amd64&apos;, os.version: &apos;10.0&apos;, java.version: &apos;1.8.0_241&apos;
Driver info: driver.version: ChromeDriver
remote stacktrace: Backtrace:
	Ordinal0 [0x006EA113+1548563]
	Ordinal0 [0x0066DDA1+1039777]
	Ordinal0 [0x005EE32E+516910]
	Ordinal0 [0x005E8012+491538]
	Ordinal0 [0x005E86EB+493291]
	Ordinal0 [0x005E9855+497749]
	Ordinal0 [0x005E5885+481413]
	Ordinal0 [0x005EF0D0+520400]
	Ordinal0 [0x0059C030+180272]
	Ordinal0 [0x0059B59D+177565]
	Ordinal0 [0x005995FB+169467]
	Ordinal0 [0x0058160A+71178]
	Ordinal0 [0x00582690+75408]
	Ordinal0 [0x00582629+75305]
	Ordinal0 [0x006871B7+1143223]
	GetHandleVerifier [0x00782B46+507814]
	GetHandleVerifier [0x00782864+507076]
	GetHandleVerifier [0x00789F47+537511]
	GetHandleVerifier [0x00783402+510050]
	Ordinal0 [0x0067F29C+1110684]
	Ordinal0 [0x0068938B+1151883]
	Ordinal0 [0x006894F3+1152243]
	Ordinal0 [0x006883F5+1147893]
	BaseThreadInitThunk [0x769F6359+25]
	RtlGetAppContainerNamedObjectPath [0x771B7B74+228]
	RtlGetAppContainerNamedObjectPath [0x771B7B44+180]

	at org.openqa.selenium.remote.W3CHandshakeResponse.lambda$errorHandler$0(W3CHandshakeResponse.java:62)
	at org.openqa.selenium.remote.HandshakeResponse.lambda$getResponseFunction$0(HandshakeResponse.java:30)
	at org.openqa.selenium.remote.ProtocolHandshake.lambda$createSession$1(ProtocolHandshake.java:126)
	at java.util.stream.ReferencePipeline$3$1.accept(ReferencePipeline.java:193)
	at java.util.Spliterators$ArraySpliterator.tryAdvance(Spliterators.java:958)
	at java.util.stream.ReferencePipeline.forEachWithCancel(ReferencePipeline.java:126)
	at java.util.stream.AbstractPipeline.copyIntoWithCancel(AbstractPipeline.java:499)
	at java.util.stream.AbstractPipeline.copyInto(AbstractPipeline.java:486)
	at java.util.stream.AbstractPipeline.wrapAndCopyInto(AbstractPipeline.java:472)
	at java.util.stream.FindOps$FindOp.evaluateSequential(FindOps.java:152)
	at java.util.stream.AbstractPipeline.evaluate(AbstractPipeline.java:234)
	at java.util.stream.ReferencePipeline.findFirst(ReferencePipeline.java:464)
	at org.openqa.selenium.remote.ProtocolHandshake.createSession(ProtocolHandshake.java:128)
	at org.openqa.selenium.remote.ProtocolHandshake.createSession(ProtocolHandshake.java:75)
	at org.openqa.selenium.remote.HttpCommandExecutor.execute(HttpCommandExecutor.java:139)
	at org.openqa.selenium.remote.service.DriverCommandExecutor.execute(DriverCommandExecutor.java:83)
	at org.openqa.selenium.remote.RemoteWebDriver.execute(RemoteWebDriver.java:582)
	at org.openqa.selenium.remote.RemoteWebDriver.startSession(RemoteWebDriver.java:216)
	at org.openqa.selenium.remote.RemoteWebDriver.&lt;init&gt;(RemoteWebDriver.java:136)
	at org.openqa.selenium.chromium.ChromiumDriver.&lt;init&gt;(ChromiumDriver.java:75)
	at org.openqa.selenium.chrome.ChromeDriver.&lt;init&gt;(ChromeDriver.java:163)
	at org.openqa.selenium.chrome.ChromeDriver.&lt;init&gt;(ChromeDriver.java:150)
	at org.openqa.selenium.chrome.ChromeDriver.&lt;init&gt;(ChromeDriver.java:105)
	at Com.Techno.Qa.Base.TechnoBase.initialization(TechnoBase.java:37)
	at technoTutorsQaTests.HomePageTest.setup(HomePageTest.java:31)
	at java.util.ArrayList.forEach(ArrayList.java:1257)
... Removed 45 stack frames
</div> <!-- stack-trace -->
                </div> <!-- method-content -->
              </div> <!-- method -->
              <div class="method">
                <div class="method-content">
                  <a name="tutor">
                  </a> <!-- tutor -->
                  <span class="method-name">tutor</span>
                  <div class="stack-trace">org.openqa.selenium.SessionNotCreatedException: session not created
from chrome not reachable
  (Session info: chrome=80.0.3987.149)
Build info: version: &apos;4.0.0-alpha-4&apos;, revision: &apos;c2d955b49e&apos;
System info: host: &apos;DESKTOP-C5HHGRT&apos;, ip: &apos;192.168.0.19&apos;, os.name: &apos;Windows 10&apos;, os.arch: &apos;amd64&apos;, os.version: &apos;10.0&apos;, java.version: &apos;1.8.0_241&apos;
Driver info: driver.version: ChromeDriver
remote stacktrace: Backtrace:
	Ordinal0 [0x006EA113+1548563]
	Ordinal0 [0x0066DDA1+1039777]
	Ordinal0 [0x005EE32E+516910]
	Ordinal0 [0x005E8012+491538]
	Ordinal0 [0x005E86EB+493291]
	Ordinal0 [0x005E9855+497749]
	Ordinal0 [0x005E5885+481413]
	Ordinal0 [0x005EF0D0+520400]
	Ordinal0 [0x0059C030+180272]
	Ordinal0 [0x0059B59D+177565]
	Ordinal0 [0x005995FB+169467]
	Ordinal0 [0x0058160A+71178]
	Ordinal0 [0x00582690+75408]
	Ordinal0 [0x00582629+75305]
	Ordinal0 [0x006871B7+1143223]
	GetHandleVerifier [0x00782B46+507814]
	GetHandleVerifier [0x00782864+507076]
	GetHandleVerifier [0x00789F47+537511]
	GetHandleVerifier [0x00783402+510050]
	Ordinal0 [0x0067F29C+1110684]
	Ordinal0 [0x0068938B+1151883]
	Ordinal0 [0x006894F3+1152243]
	Ordinal0 [0x006883F5+1147893]
	BaseThreadInitThunk [0x769F6359+25]
	RtlGetAppContainerNamedObjectPath [0x771B7B74+228]
	RtlGetAppContainerNamedObjectPath [0x771B7B44+180]

	at org.openqa.selenium.remote.W3CHandshakeResponse.lambda$errorHandler$0(W3CHandshakeResponse.java:62)
	at org.openqa.selenium.remote.HandshakeResponse.lambda$getResponseFunction$0(HandshakeResponse.java:30)
	at org.openqa.selenium.remote.ProtocolHandshake.lambda$createSession$1(ProtocolHandshake.java:126)
	at java.util.stream.ReferencePipeline$3$1.accept(ReferencePipeline.java:193)
	at java.util.Spliterators$ArraySpliterator.tryAdvance(Spliterators.java:958)
	at java.util.stream.ReferencePipeline.forEachWithCancel(ReferencePipeline.java:126)
	at java.util.stream.AbstractPipeline.copyIntoWithCancel(AbstractPipeline.java:499)
	at java.util.stream.AbstractPipeline.copyInto(AbstractPipeline.java:486)
	at java.util.stream.AbstractPipeline.wrapAndCopyInto(AbstractPipeline.java:472)
	at java.util.stream.FindOps$FindOp.evaluateSequential(FindOps.java:152)
	at java.util.stream.AbstractPipeline.evaluate(AbstractPipeline.java:234)
	at java.util.stream.ReferencePipeline.findFirst(ReferencePipeline.java:464)
	at org.openqa.selenium.remote.ProtocolHandshake.createSession(ProtocolHandshake.java:128)
	at org.openqa.selenium.remote.ProtocolHandshake.createSession(ProtocolHandshake.java:75)
	at org.openqa.selenium.remote.HttpCommandExecutor.execute(HttpCommandExecutor.java:139)
	at org.openqa.selenium.remote.service.DriverCommandExecutor.execute(DriverCommandExecutor.java:83)
	at org.openqa.selenium.remote.RemoteWebDriver.execute(RemoteWebDriver.java:582)
	at org.openqa.selenium.remote.RemoteWebDriver.startSession(RemoteWebDriver.java:216)
	at org.openqa.selenium.remote.RemoteWebDriver.&lt;init&gt;(RemoteWebDriver.java:136)
	at org.openqa.selenium.chromium.ChromiumDriver.&lt;init&gt;(ChromiumDriver.java:75)
	at org.openqa.selenium.chrome.ChromeDriver.&lt;init&gt;(ChromeDriver.java:163)
	at org.openqa.selenium.chrome.ChromeDriver.&lt;init&gt;(ChromeDriver.java:150)
	at org.openqa.selenium.chrome.ChromeDriver.&lt;init&gt;(ChromeDriver.java:105)
	at Com.Techno.Qa.Base.TechnoBase.initialization(TechnoBase.java:37)
	at technoTutorsQaTests.HomePageTest.setup(HomePageTest.java:31)
	at java.util.ArrayList.forEach(ArrayList.java:1257)
... Removed 45 stack frames
</div> <!-- stack-trace -->
                </div> <!-- method-content -->
              </div> <!-- method -->
              <div class="method">
                <div class="method-content">
                  <a name="tutor">
                  </a> <!-- tutor -->
                  <span class="method-name">tutor</span>
                  <div class="stack-trace">org.openqa.selenium.SessionNotCreatedException: session not created
from chrome not reachable
  (Session info: chrome=80.0.3987.149)
Build info: version: &apos;4.0.0-alpha-4&apos;, revision: &apos;c2d955b49e&apos;
System info: host: &apos;DESKTOP-C5HHGRT&apos;, ip: &apos;192.168.0.19&apos;, os.name: &apos;Windows 10&apos;, os.arch: &apos;amd64&apos;, os.version: &apos;10.0&apos;, java.version: &apos;1.8.0_241&apos;
Driver info: driver.version: ChromeDriver
remote stacktrace: Backtrace:
	Ordinal0 [0x006EA113+1548563]
	Ordinal0 [0x0066DDA1+1039777]
	Ordinal0 [0x005EE32E+516910]
	Ordinal0 [0x005E8012+491538]
	Ordinal0 [0x005E86EB+493291]
	Ordinal0 [0x005E9855+497749]
	Ordinal0 [0x005E5885+481413]
	Ordinal0 [0x005EF0D0+520400]
	Ordinal0 [0x0059C030+180272]
	Ordinal0 [0x0059B59D+177565]
	Ordinal0 [0x005995FB+169467]
	Ordinal0 [0x0058160A+71178]
	Ordinal0 [0x00582690+75408]
	Ordinal0 [0x00582629+75305]
	Ordinal0 [0x006871B7+1143223]
	GetHandleVerifier [0x00782B46+507814]
	GetHandleVerifier [0x00782864+507076]
	GetHandleVerifier [0x00789F47+537511]
	GetHandleVerifier [0x00783402+510050]
	Ordinal0 [0x0067F29C+1110684]
	Ordinal0 [0x0068938B+1151883]
	Ordinal0 [0x006894F3+1152243]
	Ordinal0 [0x006883F5+1147893]
	BaseThreadInitThunk [0x769F6359+25]
	RtlGetAppContainerNamedObjectPath [0x771B7B74+228]
	RtlGetAppContainerNamedObjectPath [0x771B7B44+180]

	at org.openqa.selenium.remote.W3CHandshakeResponse.lambda$errorHandler$0(W3CHandshakeResponse.java:62)
	at org.openqa.selenium.remote.HandshakeResponse.lambda$getResponseFunction$0(HandshakeResponse.java:30)
	at org.openqa.selenium.remote.ProtocolHandshake.lambda$createSession$1(ProtocolHandshake.java:126)
	at java.util.stream.ReferencePipeline$3$1.accept(ReferencePipeline.java:193)
	at java.util.Spliterators$ArraySpliterator.tryAdvance(Spliterators.java:958)
	at java.util.stream.ReferencePipeline.forEachWithCancel(ReferencePipeline.java:126)
	at java.util.stream.AbstractPipeline.copyIntoWithCancel(AbstractPipeline.java:499)
	at java.util.stream.AbstractPipeline.copyInto(AbstractPipeline.java:486)
	at java.util.stream.AbstractPipeline.wrapAndCopyInto(AbstractPipeline.java:472)
	at java.util.stream.FindOps$FindOp.evaluateSequential(FindOps.java:152)
	at java.util.stream.AbstractPipeline.evaluate(AbstractPipeline.java:234)
	at java.util.stream.ReferencePipeline.findFirst(ReferencePipeline.java:464)
	at org.openqa.selenium.remote.ProtocolHandshake.createSession(ProtocolHandshake.java:128)
	at org.openqa.selenium.remote.ProtocolHandshake.createSession(ProtocolHandshake.java:75)
	at org.openqa.selenium.remote.HttpCommandExecutor.execute(HttpCommandExecutor.java:139)
	at org.openqa.selenium.remote.service.DriverCommandExecutor.execute(DriverCommandExecutor.java:83)
	at org.openqa.selenium.remote.RemoteWebDriver.execute(RemoteWebDriver.java:582)
	at org.openqa.selenium.remote.RemoteWebDriver.startSession(RemoteWebDriver.java:216)
	at org.openqa.selenium.remote.RemoteWebDriver.&lt;init&gt;(RemoteWebDriver.java:136)
	at org.openqa.selenium.chromium.ChromiumDriver.&lt;init&gt;(ChromiumDriver.java:75)
	at org.openqa.selenium.chrome.ChromeDriver.&lt;init&gt;(ChromeDriver.java:163)
	at org.openqa.selenium.chrome.ChromeDriver.&lt;init&gt;(ChromeDriver.java:150)
	at org.openqa.selenium.chrome.ChromeDriver.&lt;init&gt;(ChromeDriver.java:105)
	at Com.Techno.Qa.Base.TechnoBase.initialization(TechnoBase.java:37)
	at technoTutorsQaTests.HomePageTest.setup(HomePageTest.java:31)
	at java.util.ArrayList.forEach(ArrayList.java:1257)
... Removed 45 stack frames
</div> <!-- stack-trace -->
                </div> <!-- method-content -->
              </div> <!-- method -->
              <div class="method">
                <div class="method-content">
                  <a name="tutor">
                  </a> <!-- tutor -->
                  <span class="method-name">tutor</span>
                  <div class="stack-trace">org.openqa.selenium.SessionNotCreatedException: session not created
from chrome not reachable
  (Session info: chrome=80.0.3987.149)
Build info: version: &apos;4.0.0-alpha-4&apos;, revision: &apos;c2d955b49e&apos;
System info: host: &apos;DESKTOP-C5HHGRT&apos;, ip: &apos;192.168.0.19&apos;, os.name: &apos;Windows 10&apos;, os.arch: &apos;amd64&apos;, os.version: &apos;10.0&apos;, java.version: &apos;1.8.0_241&apos;
Driver info: driver.version: ChromeDriver
remote stacktrace: Backtrace:
	Ordinal0 [0x006EA113+1548563]
	Ordinal0 [0x0066DDA1+1039777]
	Ordinal0 [0x005EE32E+516910]
	Ordinal0 [0x005E8012+491538]
	Ordinal0 [0x005E86EB+493291]
	Ordinal0 [0x005E9855+497749]
	Ordinal0 [0x005E5885+481413]
	Ordinal0 [0x005EF0D0+520400]
	Ordinal0 [0x0059C030+180272]
	Ordinal0 [0x0059B59D+177565]
	Ordinal0 [0x005995FB+169467]
	Ordinal0 [0x0058160A+71178]
	Ordinal0 [0x00582690+75408]
	Ordinal0 [0x00582629+75305]
	Ordinal0 [0x006871B7+1143223]
	GetHandleVerifier [0x00782B46+507814]
	GetHandleVerifier [0x00782864+507076]
	GetHandleVerifier [0x00789F47+537511]
	GetHandleVerifier [0x00783402+510050]
	Ordinal0 [0x0067F29C+1110684]
	Ordinal0 [0x0068938B+1151883]
	Ordinal0 [0x006894F3+1152243]
	Ordinal0 [0x006883F5+1147893]
	BaseThreadInitThunk [0x769F6359+25]
	RtlGetAppContainerNamedObjectPath [0x771B7B74+228]
	RtlGetAppContainerNamedObjectPath [0x771B7B44+180]

	at org.openqa.selenium.remote.W3CHandshakeResponse.lambda$errorHandler$0(W3CHandshakeResponse.java:62)
	at org.openqa.selenium.remote.HandshakeResponse.lambda$getResponseFunction$0(HandshakeResponse.java:30)
	at org.openqa.selenium.remote.ProtocolHandshake.lambda$createSession$1(ProtocolHandshake.java:126)
	at java.util.stream.ReferencePipeline$3$1.accept(ReferencePipeline.java:193)
	at java.util.Spliterators$ArraySpliterator.tryAdvance(Spliterators.java:958)
	at java.util.stream.ReferencePipeline.forEachWithCancel(ReferencePipeline.java:126)
	at java.util.stream.AbstractPipeline.copyIntoWithCancel(AbstractPipeline.java:499)
	at java.util.stream.AbstractPipeline.copyInto(AbstractPipeline.java:486)
	at java.util.stream.AbstractPipeline.wrapAndCopyInto(AbstractPipeline.java:472)
	at java.util.stream.FindOps$FindOp.evaluateSequential(FindOps.java:152)
	at java.util.stream.AbstractPipeline.evaluate(AbstractPipeline.java:234)
	at java.util.stream.ReferencePipeline.findFirst(ReferencePipeline.java:464)
	at org.openqa.selenium.remote.ProtocolHandshake.createSession(ProtocolHandshake.java:128)
	at org.openqa.selenium.remote.ProtocolHandshake.createSession(ProtocolHandshake.java:75)
	at org.openqa.selenium.remote.HttpCommandExecutor.execute(HttpCommandExecutor.java:139)
	at org.openqa.selenium.remote.service.DriverCommandExecutor.execute(DriverCommandExecutor.java:83)
	at org.openqa.selenium.remote.RemoteWebDriver.execute(RemoteWebDriver.java:582)
	at org.openqa.selenium.remote.RemoteWebDriver.startSession(RemoteWebDriver.java:216)
	at org.openqa.selenium.remote.RemoteWebDriver.&lt;init&gt;(RemoteWebDriver.java:136)
	at org.openqa.selenium.chromium.ChromiumDriver.&lt;init&gt;(ChromiumDriver.java:75)
	at org.openqa.selenium.chrome.ChromeDriver.&lt;init&gt;(ChromeDriver.java:163)
	at org.openqa.selenium.chrome.ChromeDriver.&lt;init&gt;(ChromeDriver.java:150)
	at org.openqa.selenium.chrome.ChromeDriver.&lt;init&gt;(ChromeDriver.java:105)
	at Com.Techno.Qa.Base.TechnoBase.initialization(TechnoBase.java:37)
	at technoTutorsQaTests.HomePageTest.setup(HomePageTest.java:31)
	at java.util.ArrayList.forEach(ArrayList.java:1257)
... Removed 45 stack frames
</div> <!-- stack-trace -->
                </div> <!-- method-content -->
              </div> <!-- method -->
            </div> <!-- main-panel-content rounded-window-bottom -->
          </div> <!-- suite-Command_line_suite-class-skipped -->
          <div class="suite-Command_line_suite-class-skipped">
            <div class="main-panel-header rounded-window-top">
              <img src="skipped.png"/>
              <span class="class-name">technoTutorsQaTests.ContactUsTest</span>
            </div> <!-- main-panel-header rounded-window-top -->
            <div class="main-panel-content rounded-window-bottom">
              <div class="method">
                <div class="method-content">
                  <a name="adress">
                  </a> <!-- adress -->
                  <span class="method-name">adress</span>
                  <div class="stack-trace">org.openqa.selenium.SessionNotCreatedException: session not created
from chrome not reachable
  (Session info: chrome=80.0.3987.149)
Build info: version: &apos;4.0.0-alpha-4&apos;, revision: &apos;c2d955b49e&apos;
System info: host: &apos;DESKTOP-C5HHGRT&apos;, ip: &apos;192.168.0.19&apos;, os.name: &apos;Windows 10&apos;, os.arch: &apos;amd64&apos;, os.version: &apos;10.0&apos;, java.version: &apos;1.8.0_241&apos;
Driver info: driver.version: ChromeDriver
remote stacktrace: Backtrace:
	Ordinal0 [0x006EA113+1548563]
	Ordinal0 [0x0066DDA1+1039777]
	Ordinal0 [0x005EE32E+516910]
	Ordinal0 [0x005E8012+491538]
	Ordinal0 [0x005E86EB+493291]
	Ordinal0 [0x005E9855+497749]
	Ordinal0 [0x005E5885+481413]
	Ordinal0 [0x005EF0D0+520400]
	Ordinal0 [0x0059C030+180272]
	Ordinal0 [0x0059B59D+177565]
	Ordinal0 [0x005995FB+169467]
	Ordinal0 [0x0058160A+71178]
	Ordinal0 [0x00582690+75408]
	Ordinal0 [0x00582629+75305]
	Ordinal0 [0x006871B7+1143223]
	GetHandleVerifier [0x00782B46+507814]
	GetHandleVerifier [0x00782864+507076]
	GetHandleVerifier [0x00789F47+537511]
	GetHandleVerifier [0x00783402+510050]
	Ordinal0 [0x0067F29C+1110684]
	Ordinal0 [0x0068938B+1151883]
	Ordinal0 [0x006894F3+1152243]
	Ordinal0 [0x006883F5+1147893]
	BaseThreadInitThunk [0x769F6359+25]
	RtlGetAppContainerNamedObjectPath [0x771B7B74+228]
	RtlGetAppContainerNamedObjectPath [0x771B7B44+180]

	at org.openqa.selenium.remote.W3CHandshakeResponse.lambda$errorHandler$0(W3CHandshakeResponse.java:62)
	at org.openqa.selenium.remote.HandshakeResponse.lambda$getResponseFunction$0(HandshakeResponse.java:30)
	at org.openqa.selenium.remote.ProtocolHandshake.lambda$createSession$1(ProtocolHandshake.java:126)
	at java.util.stream.ReferencePipeline$3$1.accept(ReferencePipeline.java:193)
	at java.util.Spliterators$ArraySpliterator.tryAdvance(Spliterators.java:958)
	at java.util.stream.ReferencePipeline.forEachWithCancel(ReferencePipeline.java:126)
	at java.util.stream.AbstractPipeline.copyIntoWithCancel(AbstractPipeline.java:499)
	at java.util.stream.AbstractPipeline.copyInto(AbstractPipeline.java:486)
	at java.util.stream.AbstractPipeline.wrapAndCopyInto(AbstractPipeline.java:472)
	at java.util.stream.FindOps$FindOp.evaluateSequential(FindOps.java:152)
	at java.util.stream.AbstractPipeline.evaluate(AbstractPipeline.java:234)
	at java.util.stream.ReferencePipeline.findFirst(ReferencePipeline.java:464)
	at org.openqa.selenium.remote.ProtocolHandshake.createSession(ProtocolHandshake.java:128)
	at org.openqa.selenium.remote.ProtocolHandshake.createSession(ProtocolHandshake.java:75)
	at org.openqa.selenium.remote.HttpCommandExecutor.execute(HttpCommandExecutor.java:139)
	at org.openqa.selenium.remote.service.DriverCommandExecutor.execute(DriverCommandExecutor.java:83)
	at org.openqa.selenium.remote.RemoteWebDriver.execute(RemoteWebDriver.java:582)
	at org.openqa.selenium.remote.RemoteWebDriver.startSession(RemoteWebDriver.java:216)
	at org.openqa.selenium.remote.RemoteWebDriver.&lt;init&gt;(RemoteWebDriver.java:136)
	at org.openqa.selenium.chromium.ChromiumDriver.&lt;init&gt;(ChromiumDriver.java:75)
	at org.openqa.selenium.chrome.ChromeDriver.&lt;init&gt;(ChromeDriver.java:163)
	at org.openqa.selenium.chrome.ChromeDriver.&lt;init&gt;(ChromeDriver.java:150)
	at org.openqa.selenium.chrome.ChromeDriver.&lt;init&gt;(ChromeDriver.java:105)
	at Com.Techno.Qa.Base.TechnoBase.initialization(TechnoBase.java:37)
	at technoTutorsQaTests.ContactUsTest.setup(ContactUsTest.java:27)
	at java.util.ArrayList.forEach(ArrayList.java:1257)
... Removed 45 stack frames
</div> <!-- stack-trace -->
                </div> <!-- method-content -->
              </div> <!-- method -->
              <div class="method">
                <div class="method-content">
                  <a name="emailtext">
                  </a> <!-- emailtext -->
                  <span class="method-name">emailtext</span>
                  <div class="stack-trace">org.openqa.selenium.SessionNotCreatedException: session not created
from chrome not reachable
  (Session info: chrome=80.0.3987.149)
Build info: version: &apos;4.0.0-alpha-4&apos;, revision: &apos;c2d955b49e&apos;
System info: host: &apos;DESKTOP-C5HHGRT&apos;, ip: &apos;192.168.0.19&apos;, os.name: &apos;Windows 10&apos;, os.arch: &apos;amd64&apos;, os.version: &apos;10.0&apos;, java.version: &apos;1.8.0_241&apos;
Driver info: driver.version: ChromeDriver
remote stacktrace: Backtrace:
	Ordinal0 [0x006EA113+1548563]
	Ordinal0 [0x0066DDA1+1039777]
	Ordinal0 [0x005EE32E+516910]
	Ordinal0 [0x005E8012+491538]
	Ordinal0 [0x005E86EB+493291]
	Ordinal0 [0x005E9855+497749]
	Ordinal0 [0x005E5885+481413]
	Ordinal0 [0x005EF0D0+520400]
	Ordinal0 [0x0059C030+180272]
	Ordinal0 [0x0059B59D+177565]
	Ordinal0 [0x005995FB+169467]
	Ordinal0 [0x0058160A+71178]
	Ordinal0 [0x00582690+75408]
	Ordinal0 [0x00582629+75305]
	Ordinal0 [0x006871B7+1143223]
	GetHandleVerifier [0x00782B46+507814]
	GetHandleVerifier [0x00782864+507076]
	GetHandleVerifier [0x00789F47+537511]
	GetHandleVerifier [0x00783402+510050]
	Ordinal0 [0x0067F29C+1110684]
	Ordinal0 [0x0068938B+1151883]
	Ordinal0 [0x006894F3+1152243]
	Ordinal0 [0x006883F5+1147893]
	BaseThreadInitThunk [0x769F6359+25]
	RtlGetAppContainerNamedObjectPath [0x771B7B74+228]
	RtlGetAppContainerNamedObjectPath [0x771B7B44+180]

	at org.openqa.selenium.remote.W3CHandshakeResponse.lambda$errorHandler$0(W3CHandshakeResponse.java:62)
	at org.openqa.selenium.remote.HandshakeResponse.lambda$getResponseFunction$0(HandshakeResponse.java:30)
	at org.openqa.selenium.remote.ProtocolHandshake.lambda$createSession$1(ProtocolHandshake.java:126)
	at java.util.stream.ReferencePipeline$3$1.accept(ReferencePipeline.java:193)
	at java.util.Spliterators$ArraySpliterator.tryAdvance(Spliterators.java:958)
	at java.util.stream.ReferencePipeline.forEachWithCancel(ReferencePipeline.java:126)
	at java.util.stream.AbstractPipeline.copyIntoWithCancel(AbstractPipeline.java:499)
	at java.util.stream.AbstractPipeline.copyInto(AbstractPipeline.java:486)
	at java.util.stream.AbstractPipeline.wrapAndCopyInto(AbstractPipeline.java:472)
	at java.util.stream.FindOps$FindOp.evaluateSequential(FindOps.java:152)
	at java.util.stream.AbstractPipeline.evaluate(AbstractPipeline.java:234)
	at java.util.stream.ReferencePipeline.findFirst(ReferencePipeline.java:464)
	at org.openqa.selenium.remote.ProtocolHandshake.createSession(ProtocolHandshake.java:128)
	at org.openqa.selenium.remote.ProtocolHandshake.createSession(ProtocolHandshake.java:75)
	at org.openqa.selenium.remote.HttpCommandExecutor.execute(HttpCommandExecutor.java:139)
	at org.openqa.selenium.remote.service.DriverCommandExecutor.execute(DriverCommandExecutor.java:83)
	at org.openqa.selenium.remote.RemoteWebDriver.execute(RemoteWebDriver.java:582)
	at org.openqa.selenium.remote.RemoteWebDriver.startSession(RemoteWebDriver.java:216)
	at org.openqa.selenium.remote.RemoteWebDriver.&lt;init&gt;(RemoteWebDriver.java:136)
	at org.openqa.selenium.chromium.ChromiumDriver.&lt;init&gt;(ChromiumDriver.java:75)
	at org.openqa.selenium.chrome.ChromeDriver.&lt;init&gt;(ChromeDriver.java:163)
	at org.openqa.selenium.chrome.ChromeDriver.&lt;init&gt;(ChromeDriver.java:150)
	at org.openqa.selenium.chrome.ChromeDriver.&lt;init&gt;(ChromeDriver.java:105)
	at Com.Techno.Qa.Base.TechnoBase.initialization(TechnoBase.java:37)
	at technoTutorsQaTests.ContactUsTest.setup(ContactUsTest.java:27)
	at java.util.ArrayList.forEach(ArrayList.java:1257)
... Removed 45 stack frames
</div> <!-- stack-trace -->
                </div> <!-- method-content -->
              </div> <!-- method -->
              <div class="method">
                <div class="method-content">
                  <a name="logo">
                  </a> <!-- logo -->
                  <span class="method-name">logo</span>
                  <div class="stack-trace">org.openqa.selenium.SessionNotCreatedException: session not created
from chrome not reachable
  (Session info: chrome=80.0.3987.149)
Build info: version: &apos;4.0.0-alpha-4&apos;, revision: &apos;c2d955b49e&apos;
System info: host: &apos;DESKTOP-C5HHGRT&apos;, ip: &apos;192.168.0.19&apos;, os.name: &apos;Windows 10&apos;, os.arch: &apos;amd64&apos;, os.version: &apos;10.0&apos;, java.version: &apos;1.8.0_241&apos;
Driver info: driver.version: ChromeDriver
remote stacktrace: Backtrace:
	Ordinal0 [0x006EA113+1548563]
	Ordinal0 [0x0066DDA1+1039777]
	Ordinal0 [0x005EE32E+516910]
	Ordinal0 [0x005E8012+491538]
	Ordinal0 [0x005E86EB+493291]
	Ordinal0 [0x005E9855+497749]
	Ordinal0 [0x005E5885+481413]
	Ordinal0 [0x005EF0D0+520400]
	Ordinal0 [0x0059C030+180272]
	Ordinal0 [0x0059B59D+177565]
	Ordinal0 [0x005995FB+169467]
	Ordinal0 [0x0058160A+71178]
	Ordinal0 [0x00582690+75408]
	Ordinal0 [0x00582629+75305]
	Ordinal0 [0x006871B7+1143223]
	GetHandleVerifier [0x00782B46+507814]
	GetHandleVerifier [0x00782864+507076]
	GetHandleVerifier [0x00789F47+537511]
	GetHandleVerifier [0x00783402+510050]
	Ordinal0 [0x0067F29C+1110684]
	Ordinal0 [0x0068938B+1151883]
	Ordinal0 [0x006894F3+1152243]
	Ordinal0 [0x006883F5+1147893]
	BaseThreadInitThunk [0x769F6359+25]
	RtlGetAppContainerNamedObjectPath [0x771B7B74+228]
	RtlGetAppContainerNamedObjectPath [0x771B7B44+180]

	at org.openqa.selenium.remote.W3CHandshakeResponse.lambda$errorHandler$0(W3CHandshakeResponse.java:62)
	at org.openqa.selenium.remote.HandshakeResponse.lambda$getResponseFunction$0(HandshakeResponse.java:30)
	at org.openqa.selenium.remote.ProtocolHandshake.lambda$createSession$1(ProtocolHandshake.java:126)
	at java.util.stream.ReferencePipeline$3$1.accept(ReferencePipeline.java:193)
	at java.util.Spliterators$ArraySpliterator.tryAdvance(Spliterators.java:958)
	at java.util.stream.ReferencePipeline.forEachWithCancel(ReferencePipeline.java:126)
	at java.util.stream.AbstractPipeline.copyIntoWithCancel(AbstractPipeline.java:499)
	at java.util.stream.AbstractPipeline.copyInto(AbstractPipeline.java:486)
	at java.util.stream.AbstractPipeline.wrapAndCopyInto(AbstractPipeline.java:472)
	at java.util.stream.FindOps$FindOp.evaluateSequential(FindOps.java:152)
	at java.util.stream.AbstractPipeline.evaluate(AbstractPipeline.java:234)
	at java.util.stream.ReferencePipeline.findFirst(ReferencePipeline.java:464)
	at org.openqa.selenium.remote.ProtocolHandshake.createSession(ProtocolHandshake.java:128)
	at org.openqa.selenium.remote.ProtocolHandshake.createSession(ProtocolHandshake.java:75)
	at org.openqa.selenium.remote.HttpCommandExecutor.execute(HttpCommandExecutor.java:139)
	at org.openqa.selenium.remote.service.DriverCommandExecutor.execute(DriverCommandExecutor.java:83)
	at org.openqa.selenium.remote.RemoteWebDriver.execute(RemoteWebDriver.java:582)
	at org.openqa.selenium.remote.RemoteWebDriver.startSession(RemoteWebDriver.java:216)
	at org.openqa.selenium.remote.RemoteWebDriver.&lt;init&gt;(RemoteWebDriver.java:136)
	at org.openqa.selenium.chromium.ChromiumDriver.&lt;init&gt;(ChromiumDriver.java:75)
	at org.openqa.selenium.chrome.ChromeDriver.&lt;init&gt;(ChromeDriver.java:163)
	at org.openqa.selenium.chrome.ChromeDriver.&lt;init&gt;(ChromeDriver.java:150)
	at org.openqa.selenium.chrome.ChromeDriver.&lt;init&gt;(ChromeDriver.java:105)
	at Com.Techno.Qa.Base.TechnoBase.initialization(TechnoBase.java:37)
	at technoTutorsQaTests.ContactUsTest.setup(ContactUsTest.java:27)
	at java.util.ArrayList.forEach(ArrayList.java:1257)
... Removed 45 stack frames
</div> <!-- stack-trace -->
                </div> <!-- method-content -->
              </div> <!-- method -->
              <div class="method">
                <div class="method-content">
                  <a name="phonetext">
                  </a> <!-- phonetext -->
                  <span class="method-name">phonetext</span>
                  <div class="stack-trace">org.openqa.selenium.SessionNotCreatedException: session not created
from chrome not reachable
  (Session info: chrome=80.0.3987.149)
Build info: version: &apos;4.0.0-alpha-4&apos;, revision: &apos;c2d955b49e&apos;
System info: host: &apos;DESKTOP-C5HHGRT&apos;, ip: &apos;192.168.0.19&apos;, os.name: &apos;Windows 10&apos;, os.arch: &apos;amd64&apos;, os.version: &apos;10.0&apos;, java.version: &apos;1.8.0_241&apos;
Driver info: driver.version: ChromeDriver
remote stacktrace: Backtrace:
	Ordinal0 [0x006EA113+1548563]
	Ordinal0 [0x0066DDA1+1039777]
	Ordinal0 [0x005EE32E+516910]
	Ordinal0 [0x005E8012+491538]
	Ordinal0 [0x005E86EB+493291]
	Ordinal0 [0x005E9855+497749]
	Ordinal0 [0x005E5885+481413]
	Ordinal0 [0x005EF0D0+520400]
	Ordinal0 [0x0059C030+180272]
	Ordinal0 [0x0059B59D+177565]
	Ordinal0 [0x005995FB+169467]
	Ordinal0 [0x0058160A+71178]
	Ordinal0 [0x00582690+75408]
	Ordinal0 [0x00582629+75305]
	Ordinal0 [0x006871B7+1143223]
	GetHandleVerifier [0x00782B46+507814]
	GetHandleVerifier [0x00782864+507076]
	GetHandleVerifier [0x00789F47+537511]
	GetHandleVerifier [0x00783402+510050]
	Ordinal0 [0x0067F29C+1110684]
	Ordinal0 [0x0068938B+1151883]
	Ordinal0 [0x006894F3+1152243]
	Ordinal0 [0x006883F5+1147893]
	BaseThreadInitThunk [0x769F6359+25]
	RtlGetAppContainerNamedObjectPath [0x771B7B74+228]
	RtlGetAppContainerNamedObjectPath [0x771B7B44+180]

	at org.openqa.selenium.remote.W3CHandshakeResponse.lambda$errorHandler$0(W3CHandshakeResponse.java:62)
	at org.openqa.selenium.remote.HandshakeResponse.lambda$getResponseFunction$0(HandshakeResponse.java:30)
	at org.openqa.selenium.remote.ProtocolHandshake.lambda$createSession$1(ProtocolHandshake.java:126)
	at java.util.stream.ReferencePipeline$3$1.accept(ReferencePipeline.java:193)
	at java.util.Spliterators$ArraySpliterator.tryAdvance(Spliterators.java:958)
	at java.util.stream.ReferencePipeline.forEachWithCancel(ReferencePipeline.java:126)
	at java.util.stream.AbstractPipeline.copyIntoWithCancel(AbstractPipeline.java:499)
	at java.util.stream.AbstractPipeline.copyInto(AbstractPipeline.java:486)
	at java.util.stream.AbstractPipeline.wrapAndCopyInto(AbstractPipeline.java:472)
	at java.util.stream.FindOps$FindOp.evaluateSequential(FindOps.java:152)
	at java.util.stream.AbstractPipeline.evaluate(AbstractPipeline.java:234)
	at java.util.stream.ReferencePipeline.findFirst(ReferencePipeline.java:464)
	at org.openqa.selenium.remote.ProtocolHandshake.createSession(ProtocolHandshake.java:128)
	at org.openqa.selenium.remote.ProtocolHandshake.createSession(ProtocolHandshake.java:75)
	at org.openqa.selenium.remote.HttpCommandExecutor.execute(HttpCommandExecutor.java:139)
	at org.openqa.selenium.remote.service.DriverCommandExecutor.execute(DriverCommandExecutor.java:83)
	at org.openqa.selenium.remote.RemoteWebDriver.execute(RemoteWebDriver.java:582)
	at org.openqa.selenium.remote.RemoteWebDriver.startSession(RemoteWebDriver.java:216)
	at org.openqa.selenium.remote.RemoteWebDriver.&lt;init&gt;(RemoteWebDriver.java:136)
	at org.openqa.selenium.chromium.ChromiumDriver.&lt;init&gt;(ChromiumDriver.java:75)
	at org.openqa.selenium.chrome.ChromeDriver.&lt;init&gt;(ChromeDriver.java:163)
	at org.openqa.selenium.chrome.ChromeDriver.&lt;init&gt;(ChromeDriver.java:150)
	at org.openqa.selenium.chrome.ChromeDriver.&lt;init&gt;(ChromeDriver.java:105)
	at Com.Techno.Qa.Base.TechnoBase.initialization(TechnoBase.java:37)
	at technoTutorsQaTests.ContactUsTest.setup(ContactUsTest.java:27)
	at java.util.ArrayList.forEach(ArrayList.java:1257)
... Removed 45 stack frames
</div> <!-- stack-trace -->
                </div> <!-- method-content -->
              </div> <!-- method -->
              <div class="method">
                <div class="method-content">
                  <a name="technotext">
                  </a> <!-- technotext -->
                  <span class="method-name">technotext</span>
                  <div class="stack-trace">org.openqa.selenium.SessionNotCreatedException: session not created
from chrome not reachable
  (Session info: chrome=80.0.3987.149)
Build info: version: &apos;4.0.0-alpha-4&apos;, revision: &apos;c2d955b49e&apos;
System info: host: &apos;DESKTOP-C5HHGRT&apos;, ip: &apos;192.168.0.19&apos;, os.name: &apos;Windows 10&apos;, os.arch: &apos;amd64&apos;, os.version: &apos;10.0&apos;, java.version: &apos;1.8.0_241&apos;
Driver info: driver.version: ChromeDriver
remote stacktrace: Backtrace:
	Ordinal0 [0x006EA113+1548563]
	Ordinal0 [0x0066DDA1+1039777]
	Ordinal0 [0x005EE32E+516910]
	Ordinal0 [0x005E8012+491538]
	Ordinal0 [0x005E86EB+493291]
	Ordinal0 [0x005E9855+497749]
	Ordinal0 [0x005E5885+481413]
	Ordinal0 [0x005EF0D0+520400]
	Ordinal0 [0x0059C030+180272]
	Ordinal0 [0x0059B59D+177565]
	Ordinal0 [0x005995FB+169467]
	Ordinal0 [0x0058160A+71178]
	Ordinal0 [0x00582690+75408]
	Ordinal0 [0x00582629+75305]
	Ordinal0 [0x006871B7+1143223]
	GetHandleVerifier [0x00782B46+507814]
	GetHandleVerifier [0x00782864+507076]
	GetHandleVerifier [0x00789F47+537511]
	GetHandleVerifier [0x00783402+510050]
	Ordinal0 [0x0067F29C+1110684]
	Ordinal0 [0x0068938B+1151883]
	Ordinal0 [0x006894F3+1152243]
	Ordinal0 [0x006883F5+1147893]
	BaseThreadInitThunk [0x769F6359+25]
	RtlGetAppContainerNamedObjectPath [0x771B7B74+228]
	RtlGetAppContainerNamedObjectPath [0x771B7B44+180]

	at org.openqa.selenium.remote.W3CHandshakeResponse.lambda$errorHandler$0(W3CHandshakeResponse.java:62)
	at org.openqa.selenium.remote.HandshakeResponse.lambda$getResponseFunction$0(HandshakeResponse.java:30)
	at org.openqa.selenium.remote.ProtocolHandshake.lambda$createSession$1(ProtocolHandshake.java:126)
	at java.util.stream.ReferencePipeline$3$1.accept(ReferencePipeline.java:193)
	at java.util.Spliterators$ArraySpliterator.tryAdvance(Spliterators.java:958)
	at java.util.stream.ReferencePipeline.forEachWithCancel(ReferencePipeline.java:126)
	at java.util.stream.AbstractPipeline.copyIntoWithCancel(AbstractPipeline.java:499)
	at java.util.stream.AbstractPipeline.copyInto(AbstractPipeline.java:486)
	at java.util.stream.AbstractPipeline.wrapAndCopyInto(AbstractPipeline.java:472)
	at java.util.stream.FindOps$FindOp.evaluateSequential(FindOps.java:152)
	at java.util.stream.AbstractPipeline.evaluate(AbstractPipeline.java:234)
	at java.util.stream.ReferencePipeline.findFirst(ReferencePipeline.java:464)
	at org.openqa.selenium.remote.ProtocolHandshake.createSession(ProtocolHandshake.java:128)
	at org.openqa.selenium.remote.ProtocolHandshake.createSession(ProtocolHandshake.java:75)
	at org.openqa.selenium.remote.HttpCommandExecutor.execute(HttpCommandExecutor.java:139)
	at org.openqa.selenium.remote.service.DriverCommandExecutor.execute(DriverCommandExecutor.java:83)
	at org.openqa.selenium.remote.RemoteWebDriver.execute(RemoteWebDriver.java:582)
	at org.openqa.selenium.remote.RemoteWebDriver.startSession(RemoteWebDriver.java:216)
	at org.openqa.selenium.remote.RemoteWebDriver.&lt;init&gt;(RemoteWebDriver.java:136)
	at org.openqa.selenium.chromium.ChromiumDriver.&lt;init&gt;(ChromiumDriver.java:75)
	at org.openqa.selenium.chrome.ChromeDriver.&lt;init&gt;(ChromeDriver.java:163)
	at org.openqa.selenium.chrome.ChromeDriver.&lt;init&gt;(ChromeDriver.java:150)
	at org.openqa.selenium.chrome.ChromeDriver.&lt;init&gt;(ChromeDriver.java:105)
	at Com.Techno.Qa.Base.TechnoBase.initialization(TechnoBase.java:37)
	at technoTutorsQaTests.ContactUsTest.setup(ContactUsTest.java:27)
	at java.util.ArrayList.forEach(ArrayList.java:1257)
... Removed 45 stack frames
</div> <!-- stack-trace -->
                </div> <!-- method-content -->
              </div> <!-- method -->
              <div class="method">
                <div class="method-content">
                  <a name="titlecheck">
                  </a> <!-- titlecheck -->
                  <span class="method-name">titlecheck</span>
                  <div class="stack-trace">org.openqa.selenium.SessionNotCreatedException: session not created
from chrome not reachable
  (Session info: chrome=80.0.3987.149)
Build info: version: &apos;4.0.0-alpha-4&apos;, revision: &apos;c2d955b49e&apos;
System info: host: &apos;DESKTOP-C5HHGRT&apos;, ip: &apos;192.168.0.19&apos;, os.name: &apos;Windows 10&apos;, os.arch: &apos;amd64&apos;, os.version: &apos;10.0&apos;, java.version: &apos;1.8.0_241&apos;
Driver info: driver.version: ChromeDriver
remote stacktrace: Backtrace:
	Ordinal0 [0x006EA113+1548563]
	Ordinal0 [0x0066DDA1+1039777]
	Ordinal0 [0x005EE32E+516910]
	Ordinal0 [0x005E8012+491538]
	Ordinal0 [0x005E86EB+493291]
	Ordinal0 [0x005E9855+497749]
	Ordinal0 [0x005E5885+481413]
	Ordinal0 [0x005EF0D0+520400]
	Ordinal0 [0x0059C030+180272]
	Ordinal0 [0x0059B59D+177565]
	Ordinal0 [0x005995FB+169467]
	Ordinal0 [0x0058160A+71178]
	Ordinal0 [0x00582690+75408]
	Ordinal0 [0x00582629+75305]
	Ordinal0 [0x006871B7+1143223]
	GetHandleVerifier [0x00782B46+507814]
	GetHandleVerifier [0x00782864+507076]
	GetHandleVerifier [0x00789F47+537511]
	GetHandleVerifier [0x00783402+510050]
	Ordinal0 [0x0067F29C+1110684]
	Ordinal0 [0x0068938B+1151883]
	Ordinal0 [0x006894F3+1152243]
	Ordinal0 [0x006883F5+1147893]
	BaseThreadInitThunk [0x769F6359+25]
	RtlGetAppContainerNamedObjectPath [0x771B7B74+228]
	RtlGetAppContainerNamedObjectPath [0x771B7B44+180]

	at org.openqa.selenium.remote.W3CHandshakeResponse.lambda$errorHandler$0(W3CHandshakeResponse.java:62)
	at org.openqa.selenium.remote.HandshakeResponse.lambda$getResponseFunction$0(HandshakeResponse.java:30)
	at org.openqa.selenium.remote.ProtocolHandshake.lambda$createSession$1(ProtocolHandshake.java:126)
	at java.util.stream.ReferencePipeline$3$1.accept(ReferencePipeline.java:193)
	at java.util.Spliterators$ArraySpliterator.tryAdvance(Spliterators.java:958)
	at java.util.stream.ReferencePipeline.forEachWithCancel(ReferencePipeline.java:126)
	at java.util.stream.AbstractPipeline.copyIntoWithCancel(AbstractPipeline.java:499)
	at java.util.stream.AbstractPipeline.copyInto(AbstractPipeline.java:486)
	at java.util.stream.AbstractPipeline.wrapAndCopyInto(AbstractPipeline.java:472)
	at java.util.stream.FindOps$FindOp.evaluateSequential(FindOps.java:152)
	at java.util.stream.AbstractPipeline.evaluate(AbstractPipeline.java:234)
	at java.util.stream.ReferencePipeline.findFirst(ReferencePipeline.java:464)
	at org.openqa.selenium.remote.ProtocolHandshake.createSession(ProtocolHandshake.java:128)
	at org.openqa.selenium.remote.ProtocolHandshake.createSession(ProtocolHandshake.java:75)
	at org.openqa.selenium.remote.HttpCommandExecutor.execute(HttpCommandExecutor.java:139)
	at org.openqa.selenium.remote.service.DriverCommandExecutor.execute(DriverCommandExecutor.java:83)
	at org.openqa.selenium.remote.RemoteWebDriver.execute(RemoteWebDriver.java:582)
	at org.openqa.selenium.remote.RemoteWebDriver.startSession(RemoteWebDriver.java:216)
	at org.openqa.selenium.remote.RemoteWebDriver.&lt;init&gt;(RemoteWebDriver.java:136)
	at org.openqa.selenium.chromium.ChromiumDriver.&lt;init&gt;(ChromiumDriver.java:75)
	at org.openqa.selenium.chrome.ChromeDriver.&lt;init&gt;(ChromeDriver.java:163)
	at org.openqa.selenium.chrome.ChromeDriver.&lt;init&gt;(ChromeDriver.java:150)
	at org.openqa.selenium.chrome.ChromeDriver.&lt;init&gt;(ChromeDriver.java:105)
	at Com.Techno.Qa.Base.TechnoBase.initialization(TechnoBase.java:37)
	at technoTutorsQaTests.ContactUsTest.setup(ContactUsTest.java:27)
	at java.util.ArrayList.forEach(ArrayList.java:1257)
... Removed 45 stack frames
</div> <!-- stack-trace -->
                </div> <!-- method-content -->
              </div> <!-- method -->
            </div> <!-- main-panel-content rounded-window-bottom -->
          </div> <!-- suite-Command_line_suite-class-skipped -->
        </div> <!-- panel Command_line_suite -->
        <div panel-name="test-xml-Command_line_suite" class="panel">
          <div class="main-panel-header rounded-window-top">
          </div> <!-- main-panel-header rounded-window-top -->
          <div class="main-panel-content rounded-window-bottom">
            <pre>
&lt;?xml version=&quot;1.0&quot; encoding=&quot;UTF-8&quot;?&gt;
&lt;!DOCTYPE suite SYSTEM &quot;https://testng.org/testng-1.0.dtd&quot;&gt;
&lt;suite verbose=&quot;0&quot; name=&quot;Command line suite&quot;&gt;
  &lt;test thread-count=&quot;5&quot; verbose=&quot;0&quot; name=&quot;Command line test&quot;&gt;
    &lt;classes&gt;
      &lt;class name=&quot;technoTutorsQaTests.AboutUsTest&quot;/&gt;
      &lt;class name=&quot;technoTutorsQaTests.ContactUsTest&quot;/&gt;
      &lt;class name=&quot;technoTutorsQaTests.HomePageTest&quot;/&gt;
      &lt;class name=&quot;technoTutorsQaTests.SubjectAreaTest&quot;/&gt;
    &lt;/classes&gt;
  &lt;/test&gt; &lt;!-- Command line test --&gt;
&lt;/suite&gt; &lt;!-- Command line suite --&gt;
            </pre>
          </div> <!-- main-panel-content rounded-window-bottom -->
        </div> <!-- panel -->
        <div panel-name="testlist-Command_line_suite" class="panel">
          <div class="main-panel-header rounded-window-top">
            <span class="header-content">Tests for Command line suite</span>
          </div> <!-- main-panel-header rounded-window-top -->
          <div class="main-panel-content rounded-window-bottom">
            <ul>
              <li>
                <span class="test-name">Command line test (4 classes)</span>
              </li>
            </ul>
          </div> <!-- main-panel-content rounded-window-bottom -->
        </div> <!-- panel -->
        <div panel-name="group-Command_line_suite" class="panel">
          <div class="main-panel-header rounded-window-top">
            <span class="header-content">Groups for Command line suite</span>
          </div> <!-- main-panel-header rounded-window-top -->
          <div class="main-panel-content rounded-window-bottom">
          </div> <!-- main-panel-content rounded-window-bottom -->
        </div> <!-- panel -->
        <div panel-name="times-Command_line_suite" class="panel">
          <div class="main-panel-header rounded-window-top">
            <span class="header-content">Times for Command line suite</span>
          </div> <!-- main-panel-header rounded-window-top -->
          <div class="main-panel-content rounded-window-bottom">
            <div class="times-div">
              <script type="text/javascript">
suiteTableInitFunctions.push('tableData_Command_line_suite');
function tableData_Command_line_suite() {
var data = new google.visualization.DataTable();
data.addColumn('number', 'Number');
data.addColumn('string', 'Method');
data.addColumn('string', 'Class');
data.addColumn('number', 'Time (ms)');
data.addRows(34);
data.setCell(0, 0, 0)
data.setCell(0, 1, 'bookfrenchtutorlearner')
data.setCell(0, 2, 'technoTutorsQaTests.SubjectAreaTest')
data.setCell(0, 3, 0);
data.setCell(1, 0, 1)
data.setCell(1, 1, 'contactus')
data.setCell(1, 2, 'technoTutorsQaTests.AboutUsTest')
data.setCell(1, 3, 0);
data.setCell(2, 0, 2)
data.setCell(2, 1, 'Subjects')
data.setCell(2, 2, 'technoTutorsQaTests.HomePageTest')
data.setCell(2, 3, 0);
data.setCell(3, 0, 3)
data.setCell(3, 1, 'titletest')
data.setCell(3, 2, 'technoTutorsQaTests.HomePageTest')
data.setCell(3, 3, 0);
data.setCell(4, 0, 4)
data.setCell(4, 1, 'bookefrenchtutoracadamic')
data.setCell(4, 2, 'technoTutorsQaTests.SubjectAreaTest')
data.setCell(4, 3, 0);
data.setCell(5, 0, 5)
data.setCell(5, 1, 'morefrench')
data.setCell(5, 2, 'technoTutorsQaTests.HomePageTest')
data.setCell(5, 3, 0);
data.setCell(6, 0, 6)
data.setCell(6, 1, 'bookamathtutorlearner')
data.setCell(6, 2, 'technoTutorsQaTests.SubjectAreaTest')
data.setCell(6, 3, 0);
data.setCell(7, 0, 7)
data.setCell(7, 1, 'AboutusTest')
data.setCell(7, 2, 'technoTutorsQaTests.HomePageTest')
data.setCell(7, 3, 0);
data.setCell(8, 0, 8)
data.setCell(8, 1, 'phonetext')
data.setCell(8, 2, 'technoTutorsQaTests.ContactUsTest')
data.setCell(8, 3, 0);
data.setCell(9, 0, 9)
data.setCell(9, 1, 'learnerandacadamicfrench')
data.setCell(9, 2, 'technoTutorsQaTests.SubjectAreaTest')
data.setCell(9, 3, 0);
data.setCell(10, 0, 10)
data.setCell(10, 1, 'titlecheck')
data.setCell(10, 2, 'technoTutorsQaTests.ContactUsTest')
data.setCell(10, 3, 0);
data.setCell(11, 0, 11)
data.setCell(11, 1, 'moreenglish')
data.setCell(11, 2, 'technoTutorsQaTests.HomePageTest')
data.setCell(11, 3, 0);
data.setCell(12, 0, 12)
data.setCell(12, 1, 'tutor')
data.setCell(12, 2, 'technoTutorsQaTests.HomePageTest')
data.setCell(12, 3, 0);
data.setCell(13, 0, 13)
data.setCell(13, 1, 'learnerandacadamicmath')
data.setCell(13, 2, 'technoTutorsQaTests.SubjectAreaTest')
data.setCell(13, 3, 0);
data.setCell(14, 0, 14)
data.setCell(14, 1, 'emailtext')
data.setCell(14, 2, 'technoTutorsQaTests.ContactUsTest')
data.setCell(14, 3, 0);
data.setCell(15, 0, 15)
data.setCell(15, 1, 'moremaths')
data.setCell(15, 2, 'technoTutorsQaTests.HomePageTest')
data.setCell(15, 3, 0);
data.setCell(16, 0, 16)
data.setCell(16, 1, 'tutor')
data.setCell(16, 2, 'technoTutorsQaTests.HomePageTest')
data.setCell(16, 3, 0);
data.setCell(17, 0, 17)
data.setCell(17, 1, 'learnerandacadamicenglish')
data.setCell(17, 2, 'technoTutorsQaTests.SubjectAreaTest')
data.setCell(17, 3, 0);
data.setCell(18, 0, 18)
data.setCell(18, 1, 'tutor')
data.setCell(18, 2, 'technoTutorsQaTests.HomePageTest')
data.setCell(18, 3, 0);
data.setCell(19, 0, 19)
data.setCell(19, 1, 'logotest')
data.setCell(19, 2, 'technoTutorsQaTests.HomePageTest')
data.setCell(19, 3, 0);
data.setCell(20, 0, 20)
data.setCell(20, 1, 'Logocheck')
data.setCell(20, 2, 'technoTutorsQaTests.SubjectAreaTest')
data.setCell(20, 3, 0);
data.setCell(21, 0, 21)
data.setCell(21, 1, 'titlecheck')
data.setCell(21, 2, 'technoTutorsQaTests.AboutUsTest')
data.setCell(21, 3, 0);
data.setCell(22, 0, 22)
data.setCell(22, 1, 'adress')
data.setCell(22, 2, 'technoTutorsQaTests.ContactUsTest')
data.setCell(22, 3, 0);
data.setCell(23, 0, 23)
data.setCell(23, 1, 'contactus')
data.setCell(23, 2, 'technoTutorsQaTests.AboutUsTest')
data.setCell(23, 3, 0);
data.setCell(24, 0, 24)
data.setCell(24, 1, 'cotactUS')
data.setCell(24, 2, 'technoTutorsQaTests.SubjectAreaTest')
data.setCell(24, 3, 0);
data.setCell(25, 0, 25)
data.setCell(25, 1, 'contactus')
data.setCell(25, 2, 'technoTutorsQaTests.AboutUsTest')
data.setCell(25, 3, 0);
data.setCell(26, 0, 26)
data.setCell(26, 1, 'technotext')
data.setCell(26, 2, 'technoTutorsQaTests.ContactUsTest')
data.setCell(26, 3, 0);
data.setCell(27, 0, 27)
data.setCell(27, 1, 'titlecheck')
data.setCell(27, 2, 'technoTutorsQaTests.SubjectAreaTest')
data.setCell(27, 3, 0);
data.setCell(28, 0, 28)
data.setCell(28, 1, 'bookamathtutoracadamic')
data.setCell(28, 2, 'technoTutorsQaTests.SubjectAreaTest')
data.setCell(28, 3, 0);
data.setCell(29, 0, 29)
data.setCell(29, 1, 'bookenglishtutoracadamic')
data.setCell(29, 2, 'technoTutorsQaTests.SubjectAreaTest')
data.setCell(29, 3, 0);
data.setCell(30, 0, 30)
data.setCell(30, 1, 'tutor')
data.setCell(30, 2, 'technoTutorsQaTests.HomePageTest')
data.setCell(30, 3, 0);
data.setCell(31, 0, 31)
data.setCell(31, 1, 'contactus')
data.setCell(31, 2, 'technoTutorsQaTests.AboutUsTest')
data.setCell(31, 3, 0);
data.setCell(32, 0, 32)
data.setCell(32, 1, 'logo')
data.setCell(32, 2, 'technoTutorsQaTests.ContactUsTest')
data.setCell(32, 3, 0);
data.setCell(33, 0, 33)
data.setCell(33, 1, 'bookenglishtutorlearner')
data.setCell(33, 2, 'technoTutorsQaTests.SubjectAreaTest')
data.setCell(33, 3, 0);
window.suiteTableData['Command_line_suite']= { tableData: data, tableDiv: 'times-div-Command_line_suite'}
return data;
}
              </script>
              <span class="suite-total-time">Total running time: 0 ms</span>
              <div id="times-div-Command_line_suite">
              </div> <!-- times-div-Command_line_suite -->
            </div> <!-- times-div -->
          </div> <!-- main-panel-content rounded-window-bottom -->
        </div> <!-- panel -->
        <div panel-name="reporter-Command_line_suite" class="panel">
          <div class="main-panel-header rounded-window-top">
            <span class="header-content">Reporter output for Command line suite</span>
          </div> <!-- main-panel-header rounded-window-top -->
          <div class="main-panel-content rounded-window-bottom">
          </div> <!-- main-panel-content rounded-window-bottom -->
        </div> <!-- panel -->
        <div panel-name="ignored-methods-Command_line_suite" class="panel">
          <div class="main-panel-header rounded-window-top">
            <span class="header-content">0 ignored methods</span>
          </div> <!-- main-panel-header rounded-window-top -->
          <div class="main-panel-content rounded-window-bottom">
          </div> <!-- main-panel-content rounded-window-bottom -->
        </div> <!-- panel -->
        <div panel-name="chronological-Command_line_suite" class="panel">
          <div class="main-panel-header rounded-window-top">
            <span class="header-content">Methods in chronological order</span>
          </div> <!-- main-panel-header rounded-window-top -->
          <div class="main-panel-content rounded-window-bottom">
            <div class="chronological-class">
              <div class="chronological-class-name">technoTutorsQaTests.AboutUsTest</div> <!-- chronological-class-name -->
              <div class="configuration-method before">
                <img src="failed.png">
                </img>
                <span class="method-name">setup</span>
                <span class="method-start">0 ms</span>
              </div> <!-- configuration-method before -->
              <div class="test-method">
                <span class="method-name">titlecheck</span>
                <span class="method-start">43190 ms</span>
              </div> <!-- test-method -->
              <div class="configuration-method after">
                <span class="method-name">teardown</span>
                <span class="method-start">43192 ms</span>
              </div> <!-- configuration-method after -->
              <div class="configuration-method before">
                <span class="method-name">setup</span>
                <span class="method-start">46413 ms</span>
              </div> <!-- configuration-method before -->
              <div class="test-method">
                <span class="method-name">contactus</span>
                <span class="method-start">46413 ms</span>
              </div> <!-- test-method -->
              <div class="configuration-method after">
                <span class="method-name">teardown</span>
                <span class="method-start">46414 ms</span>
              </div> <!-- configuration-method after -->
              <div class="configuration-method before">
                <span class="method-name">setup</span>
                <span class="method-start">46414 ms</span>
              </div> <!-- configuration-method before -->
              <div class="test-method">
                <span class="method-name">contactus</span>
                <span class="method-start">46415 ms</span>
              </div> <!-- test-method -->
              <div class="configuration-method after">
                <span class="method-name">teardown</span>
                <span class="method-start">46415 ms</span>
              </div> <!-- configuration-method after -->
              <div class="configuration-method before">
                <span class="method-name">setup</span>
                <span class="method-start">46416 ms</span>
              </div> <!-- configuration-method before -->
              <div class="test-method">
                <span class="method-name">contactus</span>
                <span class="method-start">46416 ms</span>
              </div> <!-- test-method -->
              <div class="configuration-method after">
                <span class="method-name">teardown</span>
                <span class="method-start">46416 ms</span>
              </div> <!-- configuration-method after -->
              <div class="configuration-method before">
                <span class="method-name">setup</span>
                <span class="method-start">46417 ms</span>
              </div> <!-- configuration-method before -->
              <div class="test-method">
                <span class="method-name">contactus</span>
                <span class="method-start">46418 ms</span>
              </div> <!-- test-method -->
              <div class="configuration-method after">
                <span class="method-name">teardown</span>
                <span class="method-start">46418 ms</span>
              </div> <!-- configuration-method after -->
            </div> <!-- chronological-class -->
            <div class="chronological-class">
              <div class="chronological-class-name">technoTutorsQaTests.ContactUsTest</div> <!-- chronological-class-name -->
              <div class="configuration-method before">
                <img src="failed.png">
                </img>
                <span class="method-name">setup</span>
                <span class="method-start">46421 ms</span>
              </div> <!-- configuration-method before -->
              <div class="test-method">
                <span class="method-name">titlecheck</span>
                <span class="method-start">62180 ms</span>
              </div> <!-- test-method -->
              <div class="configuration-method after">
                <span class="method-name">teardown</span>
                <span class="method-start">62181 ms</span>
              </div> <!-- configuration-method after -->
              <div class="configuration-method before">
                <span class="method-name">setup</span>
                <span class="method-start">62186 ms</span>
              </div> <!-- configuration-method before -->
              <div class="test-method">
                <span class="method-name">logo</span>
                <span class="method-start">62187 ms</span>
              </div> <!-- test-method -->
              <div class="configuration-method after">
                <span class="method-name">teardown</span>
                <span class="method-start">62188 ms</span>
              </div> <!-- configuration-method after -->
              <div class="configuration-method before">
                <span class="method-name">setup</span>
                <span class="method-start">62190 ms</span>
              </div> <!-- configuration-method before -->
              <div class="test-method">
                <span class="method-name">adress</span>
                <span class="method-start">62191 ms</span>
              </div> <!-- test-method -->
              <div class="configuration-method after">
                <span class="method-name">teardown</span>
                <span class="method-start">62192 ms</span>
              </div> <!-- configuration-method after -->
              <div class="configuration-method before">
                <span class="method-name">setup</span>
                <span class="method-start">62194 ms</span>
              </div> <!-- configuration-method before -->
              <div class="test-method">
                <span class="method-name">technotext</span>
                <span class="method-start">62194 ms</span>
              </div> <!-- test-method -->
              <div class="configuration-method after">
                <span class="method-name">teardown</span>
                <span class="method-start">62195 ms</span>
              </div> <!-- configuration-method after -->
              <div class="configuration-method before">
                <span class="method-name">setup</span>
                <span class="method-start">62196 ms</span>
              </div> <!-- configuration-method before -->
              <div class="test-method">
                <span class="method-name">emailtext</span>
                <span class="method-start">62197 ms</span>
              </div> <!-- test-method -->
              <div class="configuration-method after">
                <span class="method-name">teardown</span>
                <span class="method-start">62202 ms</span>
              </div> <!-- configuration-method after -->
              <div class="configuration-method before">
                <span class="method-name">setup</span>
                <span class="method-start">62203 ms</span>
              </div> <!-- configuration-method before -->
              <div class="test-method">
                <span class="method-name">phonetext</span>
                <span class="method-start">62204 ms</span>
              </div> <!-- test-method -->
              <div class="configuration-method after">
                <span class="method-name">teardown</span>
                <span class="method-start">62204 ms</span>
              </div> <!-- configuration-method after -->
            </div> <!-- chronological-class -->
            <div class="chronological-class">
              <div class="chronological-class-name">technoTutorsQaTests.HomePageTest</div> <!-- chronological-class-name -->
              <div class="configuration-method before">
                <img src="failed.png">
                </img>
                <span class="method-name">setup</span>
                <span class="method-start">62206 ms</span>
              </div> <!-- configuration-method before -->
              <div class="test-method">
                <span class="method-name">logotest</span>
                <span class="method-start">78914 ms</span>
              </div> <!-- test-method -->
              <div class="configuration-method after">
                <span class="method-name">teardown</span>
                <span class="method-start">78914 ms</span>
              </div> <!-- configuration-method after -->
              <div class="configuration-method before">
                <span class="method-name">setup</span>
                <span class="method-start">78914 ms</span>
              </div> <!-- configuration-method before -->
              <div class="test-method">
                <span class="method-name">titletest</span>
                <span class="method-start">78914 ms</span>
              </div> <!-- test-method -->
              <div class="configuration-method after">
                <span class="method-name">teardown</span>
                <span class="method-start">78914 ms</span>
              </div> <!-- configuration-method after -->
              <div class="configuration-method before">
                <span class="method-name">setup</span>
                <span class="method-start">78914 ms</span>
              </div> <!-- configuration-method before -->
              <div class="test-method">
                <span class="method-name">AboutusTest</span>
                <span class="method-start">78914 ms</span>
              </div> <!-- test-method -->
              <div class="configuration-method after">
                <span class="method-name">teardown</span>
                <span class="method-start">78914 ms</span>
              </div> <!-- configuration-method after -->
              <div class="configuration-method before">
                <span class="method-name">setup</span>
                <span class="method-start">78914 ms</span>
              </div> <!-- configuration-method before -->
              <div class="test-method">
                <span class="method-name">Subjects</span>
                <span class="method-start">78914 ms</span>
              </div> <!-- test-method -->
              <div class="configuration-method after">
                <span class="method-name">teardown</span>
                <span class="method-start">78930 ms</span>
              </div> <!-- configuration-method after -->
              <div class="configuration-method before">
                <span class="method-name">setup</span>
                <span class="method-start">78930 ms</span>
              </div> <!-- configuration-method before -->
              <div class="test-method">
                <span class="method-name">moremaths</span>
                <span class="method-start">78930 ms</span>
              </div> <!-- test-method -->
              <div class="configuration-method after">
                <span class="method-name">teardown</span>
                <span class="method-start">78930 ms</span>
              </div> <!-- configuration-method after -->
              <div class="configuration-method before">
                <span class="method-name">setup</span>
                <span class="method-start">78930 ms</span>
              </div> <!-- configuration-method before -->
              <div class="test-method">
                <span class="method-name">moreenglish</span>
                <span class="method-start">78930 ms</span>
              </div> <!-- test-method -->
              <div class="configuration-method after">
                <span class="method-name">teardown</span>
                <span class="method-start">78930 ms</span>
              </div> <!-- configuration-method after -->
              <div class="configuration-method before">
                <span class="method-name">setup</span>
                <span class="method-start">78930 ms</span>
              </div> <!-- configuration-method before -->
              <div class="test-method">
                <span class="method-name">morefrench</span>
                <span class="method-start">78930 ms</span>
              </div> <!-- test-method -->
              <div class="configuration-method after">
                <span class="method-name">teardown</span>
                <span class="method-start">78930 ms</span>
              </div> <!-- configuration-method after -->
              <div class="configuration-method before">
                <span class="method-name">setup</span>
                <span class="method-start">78977 ms</span>
              </div> <!-- configuration-method before -->
              <div class="test-method">
                <span class="method-name">tutor</span>
                <span class="method-start">78977 ms</span>
              </div> <!-- test-method -->
              <div class="configuration-method after">
                <span class="method-name">teardown</span>
                <span class="method-start">78977 ms</span>
              </div> <!-- configuration-method after -->
              <div class="configuration-method before">
                <span class="method-name">setup</span>
                <span class="method-start">78992 ms</span>
              </div> <!-- configuration-method before -->
              <div class="test-method">
                <span class="method-name">tutor</span>
                <span class="method-start">78992 ms</span>
              </div> <!-- test-method -->
              <div class="configuration-method after">
                <span class="method-name">teardown</span>
                <span class="method-start">78992 ms</span>
              </div> <!-- configuration-method after -->
              <div class="configuration-method before">
                <span class="method-name">setup</span>
                <span class="method-start">78992 ms</span>
              </div> <!-- configuration-method before -->
              <div class="test-method">
                <span class="method-name">tutor</span>
                <span class="method-start">78992 ms</span>
              </div> <!-- test-method -->
              <div class="configuration-method after">
                <span class="method-name">teardown</span>
                <span class="method-start">78992 ms</span>
              </div> <!-- configuration-method after -->
              <div class="configuration-method before">
                <span class="method-name">setup</span>
                <span class="method-start">78992 ms</span>
              </div> <!-- configuration-method before -->
              <div class="test-method">
                <span class="method-name">tutor</span>
                <span class="method-start">78992 ms</span>
              </div> <!-- test-method -->
              <div class="configuration-method after">
                <span class="method-name">teardown</span>
                <span class="method-start">78992 ms</span>
              </div> <!-- configuration-method after -->
            </div> <!-- chronological-class -->
            <div class="chronological-class">
              <div class="chronological-class-name">technoTutorsQaTests.SubjectAreaTest</div> <!-- chronological-class-name -->
              <div class="configuration-method before">
                <img src="failed.png">
                </img>
                <span class="method-name">setup</span>
                <span class="method-start">78992 ms</span>
              </div> <!-- configuration-method before -->
              <div class="test-method">
                <span class="method-name">titlecheck</span>
                <span class="method-start">112453 ms</span>
              </div> <!-- test-method -->
              <div class="configuration-method after">
                <span class="method-name">teardown</span>
                <span class="method-start">112469 ms</span>
              </div> <!-- configuration-method after -->
              <div class="configuration-method before">
                <span class="method-name">setup</span>
                <span class="method-start">112469 ms</span>
              </div> <!-- configuration-method before -->
              <div class="test-method">
                <span class="method-name">Logocheck</span>
                <span class="method-start">112469 ms</span>
              </div> <!-- test-method -->
              <div class="configuration-method after">
                <span class="method-name">teardown</span>
                <span class="method-start">112469 ms</span>
              </div> <!-- configuration-method after -->
              <div class="configuration-method before">
                <span class="method-name">setup</span>
                <span class="method-start">112469 ms</span>
              </div> <!-- configuration-method before -->
              <div class="test-method">
                <span class="method-name">bookamathtutorlearner</span>
                <span class="method-start">112469 ms</span>
              </div> <!-- test-method -->
              <div class="configuration-method after">
                <span class="method-name">teardown</span>
                <span class="method-start">112484 ms</span>
              </div> <!-- configuration-method after -->
              <div class="configuration-method before">
                <span class="method-name">setup</span>
                <span class="method-start">112484 ms</span>
              </div> <!-- configuration-method before -->
              <div class="test-method">
                <span class="method-name">bookamathtutoracadamic</span>
                <span class="method-start">112484 ms</span>
              </div> <!-- test-method -->
              <div class="configuration-method after">
                <span class="method-name">teardown</span>
                <span class="method-start">112484 ms</span>
              </div> <!-- configuration-method after -->
              <div class="configuration-method before">
                <span class="method-name">setup</span>
                <span class="method-start">112500 ms</span>
              </div> <!-- configuration-method before -->
              <div class="test-method">
                <span class="method-name">learnerandacadamicmath</span>
                <span class="method-start">112500 ms</span>
              </div> <!-- test-method -->
              <div class="configuration-method after">
                <span class="method-name">teardown</span>
                <span class="method-start">112500 ms</span>
              </div> <!-- configuration-method after -->
              <div class="configuration-method before">
                <span class="method-name">setup</span>
                <span class="method-start">112500 ms</span>
              </div> <!-- configuration-method before -->
              <div class="test-method">
                <span class="method-name">bookenglishtutorlearner</span>
                <span class="method-start">112500 ms</span>
              </div> <!-- test-method -->
              <div class="configuration-method after">
                <span class="method-name">teardown</span>
                <span class="method-start">112500 ms</span>
              </div> <!-- configuration-method after -->
              <div class="configuration-method before">
                <span class="method-name">setup</span>
                <span class="method-start">112500 ms</span>
              </div> <!-- configuration-method before -->
              <div class="test-method">
                <span class="method-name">bookenglishtutoracadamic</span>
                <span class="method-start">112500 ms</span>
              </div> <!-- test-method -->
              <div class="configuration-method after">
                <span class="method-name">teardown</span>
                <span class="method-start">112500 ms</span>
              </div> <!-- configuration-method after -->
              <div class="configuration-method before">
                <span class="method-name">setup</span>
                <span class="method-start">112500 ms</span>
              </div> <!-- configuration-method before -->
              <div class="test-method">
                <span class="method-name">learnerandacadamicenglish</span>
                <span class="method-start">112500 ms</span>
              </div> <!-- test-method -->
              <div class="configuration-method after">
                <span class="method-name">teardown</span>
                <span class="method-start">112500 ms</span>
              </div> <!-- configuration-method after -->
              <div class="configuration-method before">
                <span class="method-name">setup</span>
                <span class="method-start">112516 ms</span>
              </div> <!-- configuration-method before -->
              <div class="test-method">
                <span class="method-name">bookfrenchtutorlearner</span>
                <span class="method-start">112516 ms</span>
              </div> <!-- test-method -->
              <div class="configuration-method after">
                <span class="method-name">teardown</span>
                <span class="method-start">112516 ms</span>
              </div> <!-- configuration-method after -->
              <div class="configuration-method before">
                <span class="method-name">setup</span>
                <span class="method-start">112516 ms</span>
              </div> <!-- configuration-method before -->
              <div class="test-method">
                <span class="method-name">bookefrenchtutoracadamic</span>
                <span class="method-start">112516 ms</span>
              </div> <!-- test-method -->
              <div class="configuration-method after">
                <span class="method-name">teardown</span>
                <span class="method-start">112516 ms</span>
              </div> <!-- configuration-method after -->
              <div class="configuration-method before">
                <span class="method-name">setup</span>
                <span class="method-start">112516 ms</span>
              </div> <!-- configuration-method before -->
              <div class="test-method">
                <span class="method-name">learnerandacadamicfrench</span>
                <span class="method-start">112516 ms</span>
              </div> <!-- test-method -->
              <div class="configuration-method after">
                <span class="method-name">teardown</span>
                <span class="method-start">112516 ms</span>
              </div> <!-- configuration-method after -->
              <div class="configuration-method before">
                <span class="method-name">setup</span>
                <span class="method-start">112516 ms</span>
              </div> <!-- configuration-method before -->
              <div class="test-method">
                <span class="method-name">cotactUS</span>
                <span class="method-start">112516 ms</span>
              </div> <!-- test-method -->
              <div class="configuration-method after">
                <span class="method-name">teardown</span>
                <span class="method-start">112516 ms</span>
              </div> <!-- configuration-method after -->
          </div> <!-- main-panel-content rounded-window-bottom -->
        </div> <!-- panel -->
      </div> <!-- main-panel-root -->
    </div> <!-- wrapper -->
  </body>
</html>
