<?xml version="1.0" encoding="UTF-8"?>
<!-- Generated by org.testng.reporters.JUnitReportReporter -->
<testsuite skipped="11" hostname="DESKTOP-C5HHGRT" name="technoTutorsQaTests.HomePageTest" tests="12" failures="0" timestamp="2020-03-19T22:31:57 EDT" time="16.661" errors="1">
  <testcase name="setup" time="16.661" classname="technoTutorsQaTests.HomePageTest">
    <error type="org.openqa.selenium.SessionNotCreatedException" message="session not created
from chrome not reachable
  (Session info: chrome=80.0.3987.149)
Build info: version: &#039;4.0.0-alpha-4&#039;, revision: &#039;c2d955b49e&#039;
System info: host: &#039;DESKTOP-C5HHGRT&#039;, ip: &#039;192.168.0.19&#039;, os.name: &#039;Windows 10&#039;, os.arch: &#039;amd64&#039;, os.version: &#039;10.0&#039;, java.version: &#039;1.8.0_241&#039;
Driver info: driver.version: ChromeDriver
remote stacktrace: Backtrace:
	Ordinal0 [0x006EA113+1548563]
	Ordinal0 [0x0066DDA1+1039777]
	Ordinal0 [0x005EE32E+516910]
	Ordinal0 [0x005E8012+491538]
	Ordinal0 [0x005E86EB+493291]
	Ordinal0 [0x005E9855+497749]
	Ordinal0 [0x005E5885+481413]
	Ordinal0 [0x005EF0D0+520400]
	Ordinal0 [0x0059C030+180272]
	Ordinal0 [0x0059B59D+177565]
	Ordinal0 [0x005995FB+169467]
	Ordinal0 [0x0058160A+71178]
	Ordinal0 [0x00582690+75408]
	Ordinal0 [0x00582629+75305]
	Ordinal0 [0x006871B7+1143223]
	GetHandleVerifier [0x00782B46+507814]
	GetHandleVerifier [0x00782864+507076]
	GetHandleVerifier [0x00789F47+537511]
	GetHandleVerifier [0x00783402+510050]
	Ordinal0 [0x0067F29C+1110684]
	Ordinal0 [0x0068938B+1151883]
	Ordinal0 [0x006894F3+1152243]
	Ordinal0 [0x006883F5+1147893]
	BaseThreadInitThunk [0x769F6359+25]
	RtlGetAppContainerNamedObjectPath [0x771B7B74+228]
	RtlGetAppContainerNamedObjectPath [0x771B7B44+180]
">
      <![CDATA[org.openqa.selenium.SessionNotCreatedException: session not created
from chrome not reachable
  (Session info: chrome=80.0.3987.149)
Build info: version: '4.0.0-alpha-4', revision: 'c2d955b49e'
System info: host: 'DESKTOP-C5HHGRT', ip: '192.168.0.19', os.name: 'Windows 10', os.arch: 'amd64', os.version: '10.0', java.version: '1.8.0_241'
Driver info: driver.version: ChromeDriver
remote stacktrace: Backtrace:
Ordinal0 [0x006EA113+1548563]
Ordinal0 [0x0066DDA1+1039777]
Ordinal0 [0x005EE32E+516910]
Ordinal0 [0x005E8012+491538]
Ordinal0 [0x005E86EB+493291]
Ordinal0 [0x005E9855+497749]
Ordinal0 [0x005E5885+481413]
Ordinal0 [0x005EF0D0+520400]
Ordinal0 [0x0059C030+180272]
Ordinal0 [0x0059B59D+177565]
Ordinal0 [0x005995FB+169467]
Ordinal0 [0x0058160A+71178]
Ordinal0 [0x00582690+75408]
Ordinal0 [0x00582629+75305]
Ordinal0 [0x006871B7+1143223]
GetHandleVerifier [0x00782B46+507814]
GetHandleVerifier [0x00782864+507076]
GetHandleVerifier [0x00789F47+537511]
GetHandleVerifier [0x00783402+510050]
Ordinal0 [0x0067F29C+1110684]
Ordinal0 [0x0068938B+1151883]
Ordinal0 [0x006894F3+1152243]
Ordinal0 [0x006883F5+1147893]
BaseThreadInitThunk [0x769F6359+25]
RtlGetAppContainerNamedObjectPath [0x771B7B74+228]
RtlGetAppContainerNamedObjectPath [0x771B7B44+180]

at sun.reflect.NativeConstructorAccessorImpl.newInstance0(Native Method)
at sun.reflect.NativeConstructorAccessorImpl.newInstance(NativeConstructorAccessorImpl.java:62)
at sun.reflect.DelegatingConstructorAccessorImpl.newInstance(DelegatingConstructorAccessorImpl.java:45)
at java.lang.reflect.Constructor.newInstance(Constructor.java:423)
at org.openqa.selenium.remote.W3CHandshakeResponse.lambda$errorHandler$0(W3CHandshakeResponse.java:62)
at org.openqa.selenium.remote.HandshakeResponse.lambda$getResponseFunction$0(HandshakeResponse.java:30)
at org.openqa.selenium.remote.ProtocolHandshake.lambda$createSession$1(ProtocolHandshake.java:126)
at java.util.stream.ReferencePipeline$3$1.accept(ReferencePipeline.java:193)
at java.util.Spliterators$ArraySpliterator.tryAdvance(Spliterators.java:958)
at java.util.stream.ReferencePipeline.forEachWithCancel(ReferencePipeline.java:126)
at java.util.stream.AbstractPipeline.copyIntoWithCancel(AbstractPipeline.java:499)
at java.util.stream.AbstractPipeline.copyInto(AbstractPipeline.java:486)
at java.util.stream.AbstractPipeline.wrapAndCopyInto(AbstractPipeline.java:472)
at java.util.stream.FindOps$FindOp.evaluateSequential(FindOps.java:152)
at java.util.stream.AbstractPipeline.evaluate(AbstractPipeline.java:234)
at java.util.stream.ReferencePipeline.findFirst(ReferencePipeline.java:464)
at org.openqa.selenium.remote.ProtocolHandshake.createSession(ProtocolHandshake.java:128)
at org.openqa.selenium.remote.ProtocolHandshake.createSession(ProtocolHandshake.java:75)
at org.openqa.selenium.remote.HttpCommandExecutor.execute(HttpCommandExecutor.java:139)
at org.openqa.selenium.remote.service.DriverCommandExecutor.execute(DriverCommandExecutor.java:83)
at org.openqa.selenium.remote.RemoteWebDriver.execute(RemoteWebDriver.java:582)
at org.openqa.selenium.remote.RemoteWebDriver.startSession(RemoteWebDriver.java:216)
at org.openqa.selenium.remote.RemoteWebDriver.<init>(RemoteWebDriver.java:136)
at org.openqa.selenium.chromium.ChromiumDriver.<init>(ChromiumDriver.java:75)
at org.openqa.selenium.chrome.ChromeDriver.<init>(ChromeDriver.java:163)
at org.openqa.selenium.chrome.ChromeDriver.<init>(ChromeDriver.java:150)
at org.openqa.selenium.chrome.ChromeDriver.<init>(ChromeDriver.java:105)
at Com.Techno.Qa.Base.TechnoBase.initialization(TechnoBase.java:37)
at technoTutorsQaTests.HomePageTest.setup(HomePageTest.java:31)
at sun.reflect.NativeMethodAccessorImpl.invoke0(Native Method)
at sun.reflect.NativeMethodAccessorImpl.invoke(NativeMethodAccessorImpl.java:62)
at sun.reflect.DelegatingMethodAccessorImpl.invoke(DelegatingMethodAccessorImpl.java:43)
at java.lang.reflect.Method.invoke(Method.java:498)
at org.testng.internal.MethodInvocationHelper.invokeMethod(MethodInvocationHelper.java:134)
at org.testng.internal.MethodInvocationHelper.invokeMethodConsideringTimeout(MethodInvocationHelper.java:63)
at org.testng.internal.ConfigInvoker.invokeConfigurationMethod(ConfigInvoker.java:348)
at org.testng.internal.ConfigInvoker.invokeConfigurations(ConfigInvoker.java:302)
at org.testng.internal.TestInvoker.runConfigMethods(TestInvoker.java:695)
at org.testng.internal.TestInvoker.invokeMethod(TestInvoker.java:523)
at org.testng.internal.TestInvoker.invokeTestMethod(TestInvoker.java:173)
at org.testng.internal.MethodRunner.runInSequence(MethodRunner.java:46)
at org.testng.internal.TestInvoker$MethodInvocationAgent.invoke(TestInvoker.java:816)
at org.testng.internal.TestInvoker.invokeTestMethods(TestInvoker.java:146)
at org.testng.internal.TestMethodWorker.invokeTestMethods(TestMethodWorker.java:146)
at org.testng.internal.TestMethodWorker.run(TestMethodWorker.java:128)
at java.util.ArrayList.forEach(ArrayList.java:1257)
at org.testng.TestRunner.privateRun(TestRunner.java:766)
at org.testng.TestRunner.run(TestRunner.java:587)
at org.testng.SuiteRunner.runTest(SuiteRunner.java:384)
at org.testng.SuiteRunner.runSequentially(SuiteRunner.java:378)
at org.testng.SuiteRunner.privateRun(SuiteRunner.java:337)
at org.testng.SuiteRunner.run(SuiteRunner.java:286)
at org.testng.SuiteRunnerWorker.runSuite(SuiteRunnerWorker.java:53)
at org.testng.SuiteRunnerWorker.run(SuiteRunnerWorker.java:96)
at org.testng.TestNG.runSuitesSequentially(TestNG.java:1187)
at org.testng.TestNG.runSuitesLocally(TestNG.java:1109)
at org.testng.TestNG.runSuites(TestNG.java:1039)
at org.testng.TestNG.run(TestNG.java:1007)
at org.apache.maven.surefire.testng.TestNGExecutor.run(TestNGExecutor.java:77)
at org.apache.maven.surefire.testng.TestNGDirectoryTestSuite.executeMulti(TestNGDirectoryTestSuite.java:159)
at org.apache.maven.surefire.testng.TestNGDirectoryTestSuite.execute(TestNGDirectoryTestSuite.java:99)
at org.apache.maven.surefire.testng.TestNGProvider.invoke(TestNGProvider.java:106)
at sun.reflect.NativeMethodAccessorImpl.invoke0(Native Method)
at sun.reflect.NativeMethodAccessorImpl.invoke(NativeMethodAccessorImpl.java:62)
at sun.reflect.DelegatingMethodAccessorImpl.invoke(DelegatingMethodAccessorImpl.java:43)
at java.lang.reflect.Method.invoke(Method.java:498)
at org.apache.maven.surefire.util.ReflectionUtils.invokeMethodWithArray(ReflectionUtils.java:189)
at org.apache.maven.surefire.booter.ProviderFactory$ProviderProxy.invoke(ProviderFactory.java:165)
at org.apache.maven.surefire.booter.ProviderFactory.invokeProvider(ProviderFactory.java:85)
at org.apache.maven.surefire.booter.ForkedBooter.runSuitesInProcess(ForkedBooter.java:115)
at org.apache.maven.surefire.booter.ForkedBooter.main(ForkedBooter.java:75)
]]>
    </error>
  </testcase> <!-- setup -->
  <system-out/>
  <testcase name="logotest" time="0.000" classname="technoTutorsQaTests.HomePageTest">
    <skipped/>
  </testcase> <!-- logotest -->
  <system-out/>
  <testcase name="titletest" time="0.000" classname="technoTutorsQaTests.HomePageTest">
    <skipped/>
  </testcase> <!-- titletest -->
  <system-out/>
  <testcase name="AboutusTest" time="0.000" classname="technoTutorsQaTests.HomePageTest">
    <skipped/>
  </testcase> <!-- AboutusTest -->
  <system-out/>
  <testcase name="Subjects" time="0.000" classname="technoTutorsQaTests.HomePageTest">
    <skipped/>
  </testcase> <!-- Subjects -->
  <system-out/>
  <testcase name="moremaths" time="0.000" classname="technoTutorsQaTests.HomePageTest">
    <skipped/>
  </testcase> <!-- moremaths -->
  <system-out/>
  <testcase name="moreenglish" time="0.000" classname="technoTutorsQaTests.HomePageTest">
    <skipped/>
  </testcase> <!-- moreenglish -->
  <system-out/>
  <testcase name="morefrench" time="0.000" classname="technoTutorsQaTests.HomePageTest">
    <skipped/>
  </testcase> <!-- morefrench -->
  <system-out/>
  <testcase name="tutor" time="0.000" classname="technoTutorsQaTests.HomePageTest">
    <skipped/>
  </testcase> <!-- tutor -->
  <system-out/>
  <testcase name="tutor" time="0.000" classname="technoTutorsQaTests.HomePageTest">
    <skipped/>
  </testcase> <!-- tutor -->
  <system-out/>
  <testcase name="tutor" time="0.000" classname="technoTutorsQaTests.HomePageTest">
    <skipped/>
  </testcase> <!-- tutor -->
  <system-out/>
  <testcase name="tutor" time="0.000" classname="technoTutorsQaTests.HomePageTest">
    <skipped/>
  </testcase> <!-- tutor -->
  <system-out/>
</testsuite> <!-- technoTutorsQaTests.HomePageTest -->
